[ 2015-11-07T11:33:25+08:00 ] 103.7.30.71 /wechat/home/wechat?signature=13661914adc635196016123830fd4f2f4f1b5579&timestamp=1446867159&nonce=393625446
INFO: [ app_init ] --START--
INFO: Run Behavior\BuildLiteBehavior [ RunTime:0.000000s ]
INFO: [ app_init ] --END-- [ RunTime:0.000000s ]

[ 2015-11-07T11:33:26+08:00 ] 182.140.184.88 /wechat/home
INFO: [ app_init ] --START--
INFO: Run Behavior\BuildLiteBehavior [ RunTime:0.000000s ]
INFO: [ app_init ] --END-- [ RunTime:0.000000s ]

[ 2015-11-07T11:36:53+08:00 ] 103.7.30.71 /wechat/home/wechat?signature=1c197eb16c3a22682cfd772302fa7234a493cfc2&timestamp=1446867367&nonce=1436461573
INFO: [ app_init ] --START--
INFO: Run Behavior\BuildLiteBehavior [ RunTime:0.000000s ]
INFO: [ app_init ] --END-- [ RunTime:0.000000s ]

[ 2015-11-07T11:36:53+08:00 ] 182.140.184.88 /wechat/home
INFO: [ app_init ] --START--
INFO: Run Behavior\BuildLiteBehavior [ RunTime:0.015625s ]
INFO: [ app_init ] --END-- [ RunTime:0.015625s ]

[ 2015-11-07T11:36:55+08:00 ] 182.140.184.88 /wechat/home?code=0315c07f429167aa6a3dbc1fc18ca85G&state=1
INFO: [ app_init ] --START--
INFO: Run Behavior\BuildLiteBehavior [ RunTime:0.000000s ]
INFO: [ app_init ] --END-- [ RunTime:0.000000s ]
ERR: 0

[ 2015-11-07T11:36:55+08:00 ] 182.140.184.88 /wechat/home/account/index.html
INFO: [ app_init ] --START--
INFO: Run Behavior\BuildLiteBehavior [ RunTime:0.000000s ]
INFO: [ app_init ] --END-- [ RunTime:0.000000s ]

[ 2015-11-07T11:37:58+08:00 ] 103.7.30.71 /wechat/home/wechat?signature=d254f407aadfc55297280e4483ea3d95ca12f6fd&timestamp=1446867432&nonce=656382858
INFO: [ app_init ] --START--
INFO: Run Behavior\BuildLiteBehavior [ RunTime:0.000000s ]
INFO: [ app_init ] --END-- [ RunTime:0.000000s ]

[ 2015-11-07T11:37:58+08:00 ] 182.140.184.88 /wechat/home
INFO: [ app_init ] --START--
INFO: Run Behavior\BuildLiteBehavior [ RunTime:0.000000s ]
INFO: [ app_init ] --END-- [ RunTime:0.000000s ]

[ 2015-11-07T11:38:00+08:00 ] 182.140.184.88 /wechat/home?code=0114acc28e5b38e99ff01c57a874fd08&state=1
INFO: [ app_init ] --START--
INFO: Run Behavior\BuildLiteBehavior [ RunTime:0.000000s ]
INFO: [ app_init ] --END-- [ RunTime:0.000000s ]
ERR: 0

[ 2015-11-07T11:38:00+08:00 ] 182.140.184.88 /wechat/home/account/index.html
INFO: [ app_init ] --START--
INFO: Run Behavior\BuildLiteBehavior [ RunTime:0.000000s ]
INFO: [ app_init ] --END-- [ RunTime:0.015625s ]

[ 2015-11-07T11:38:01+08:00 ] 182.140.184.88 /wechat/home?code=041d29dd16f15acf3ec897694bb3a28I&state=1
INFO: [ app_init ] --START--
INFO: Run Behavior\BuildLiteBehavior [ RunTime:0.000000s ]
INFO: [ app_init ] --END-- [ RunTime:0.000000s ]
ERR: 0

[ 2015-11-07T11:38:01+08:00 ] 182.140.184.88 /wechat/home/account/index.html
INFO: [ app_init ] --START--
INFO: Run Behavior\BuildLiteBehavior [ RunTime:0.000000s ]
INFO: [ app_init ] --END-- [ RunTime:0.000000s ]

[ 2015-11-07T11:38:39+08:00 ] 103.7.30.71 /wechat/home/wechat?signature=d20f531e2bc0fdc8f4fcbf71c09cf526e9fa1f23&timestamp=1446867473&nonce=1488302929
INFO: [ app_init ] --START--
INFO: Run Behavior\BuildLiteBehavior [ RunTime:0.000000s ]
INFO: [ app_init ] --END-- [ RunTime:0.000000s ]

[ 2015-11-07T11:38:39+08:00 ] 182.140.184.88 /wechat/home
INFO: [ app_init ] --START--
INFO: Run Behavior\BuildLiteBehavior [ RunTime:0.000000s ]
INFO: [ app_init ] --END-- [ RunTime:0.000000s ]

[ 2015-11-07T11:38:39+08:00 ] 180.153.214.181 /wechat/home
INFO: [ app_init ] --START--
INFO: Run Behavior\BuildLiteBehavior [ RunTime:0.000000s ]
INFO: [ app_init ] --END-- [ RunTime:0.000000s ]

[ 2015-11-07T11:38:40+08:00 ] 182.140.184.88 /wechat/home?code=031d262c9728c5497bc1996ab421287p&state=1
INFO: [ app_init ] --START--
INFO: Run Behavior\BuildLiteBehavior [ RunTime:0.000000s ]
INFO: [ app_init ] --END-- [ RunTime:0.000000s ]
ERR: 0

[ 2015-11-07T11:38:40+08:00 ] 182.140.184.88 /wechat/home/account/index.html
INFO: [ app_init ] --START--
INFO: Run Behavior\BuildLiteBehavior [ RunTime:0.000000s ]
INFO: [ app_init ] --END-- [ RunTime:0.000000s ]

[ 2015-11-07T11:39:10+08:00 ] 103.7.30.71 /wechat/home/wechat?signature=b72f2b525869a3ba9d132e6ae7e46bfc4dc9f60b&timestamp=1446867503&nonce=36140124
INFO: [ app_init ] --START--
INFO: Run Behavior\BuildLiteBehavior [ RunTime:0.000000s ]
INFO: [ app_init ] --END-- [ RunTime:0.000000s ]

[ 2015-11-07T11:39:10+08:00 ] 182.140.184.88 /wechat/home
INFO: [ app_init ] --START--
INFO: Run Behavior\BuildLiteBehavior [ RunTime:0.000000s ]
INFO: [ app_init ] --END-- [ RunTime:0.000000s ]

[ 2015-11-07T11:39:11+08:00 ] 182.140.184.88 /wechat/home?code=04116d0dd7c1723a4be38fbf704c180Q&state=1
INFO: [ app_init ] --START--
INFO: Run Behavior\BuildLiteBehavior [ RunTime:0.000000s ]
INFO: [ app_init ] --END-- [ RunTime:0.000000s ]
ERR: 0

[ 2015-11-07T11:39:11+08:00 ] 182.140.184.88 /wechat/home/account/index.html
INFO: [ app_init ] --START--
INFO: Run Behavior\BuildLiteBehavior [ RunTime:0.000000s ]
INFO: [ app_init ] --END-- [ RunTime:0.000000s ]

[ 2015-11-07T11:40:07+08:00 ] 103.7.30.71 /wechat/home/wechat?signature=69724a3e6cb1b7b30e0c406a289141a79ce1621b&timestamp=1446867560&nonce=1990033896
INFO: [ app_init ] --START--
INFO: Run Behavior\BuildLiteBehavior [ RunTime:0.000000s ]
INFO: [ app_init ] --END-- [ RunTime:0.000000s ]

[ 2015-11-07T11:40:07+08:00 ] 182.140.184.88 /wechat/home
INFO: [ app_init ] --START--
INFO: Run Behavior\BuildLiteBehavior [ RunTime:0.000000s ]
INFO: [ app_init ] --END-- [ RunTime:0.000000s ]

[ 2015-11-07T11:40:08+08:00 ] 182.140.184.88 /wechat/home?code=0319c2f3515c4a5cf0bf9286ee0eadaL&state=1
INFO: [ app_init ] --START--
INFO: Run Behavior\BuildLiteBehavior [ RunTime:0.000000s ]
INFO: [ app_init ] --END-- [ RunTime:0.000000s ]
ERR: 0

[ 2015-11-07T11:40:09+08:00 ] 182.140.184.88 /wechat/home/account/index.html
INFO: [ app_init ] --START--
INFO: Run Behavior\BuildLiteBehavior [ RunTime:0.000000s ]
INFO: [ app_init ] --END-- [ RunTime:0.000000s ]

[ 2015-11-07T11:40:20+08:00 ] 182.140.184.88 /wechat/home/account/login
INFO: [ app_init ] --START--
INFO: Run Behavior\BuildLiteBehavior [ RunTime:0.000000s ]
INFO: [ app_init ] --END-- [ RunTime:0.000000s ]
INFO: [ app_begin ] --START--
INFO: Run Behavior\ReadHtmlCacheBehavior [ RunTime:0.000000s ]
INFO: [ app_begin ] --END-- [ RunTime:0.000000s ]
SQL: SHOW COLUMNS FROM `tp_user` [ RunTime:0.0000s ]
SQL: SHOW COLUMNS FROM `tp_user_point` [ RunTime:0.0156s ]
SQL: SHOW COLUMNS FROM `tp_user_point_audit` [ RunTime:0.0156s ]
SQL: INSERT INTO `tp_user` (`phone`,`openid`,`avatar`,`name`,`createdate`,`lastlogin`,`useragent`) VALUES ('13540312451','oWXRLs_VUTPT0iwZHD4oFGnnrMKo','','','2015-11-07 11:40:20','2015-11-07 11:40:20','13540312451') [ RunTime:0.0000s ]
SQL: INSERT INTO `tp_user_point` (`userid`,`point`,`type`,`descr`,`status`) VALUES ('2','100','注册赠送','','1') [ RunTime:0.0156s ]
SQL: SHOW COLUMNS FROM `tp_user` [ RunTime:0.0000s ]
SQL: SHOW COLUMNS FROM `tp_level` [ RunTime:0.0156s ]
SQL: SELECT user.id AS id,user.phone AS phone,user.avatar AS avatar,user.point AS point,user.name AS name,user.createdate AS createdate,user.lastlogin AS lastlogin,user.descr AS descr,user.useragent AS useragent,user.openid AS openid,level.id AS level_id,level.name AS level_name FROM tp_user user LEFT JOIN tp_level level ON user.level = level.id WHERE user.id = '2' LIMIT 1   [ RunTime:0.0000s ]
SQL: SELECT level.id AS id,level.name AS name,level.descr AS descr,level.point_begin AS point_begin,level.point_end AS point_end,COUNT(user.id) AS user_count FROM tp_level level LEFT JOIN tp_user user ON level.id = user.level WHERE `deleted` = 0 GROUP BY level.id ORDER BY level.point_end asc  [ RunTime:0.0000s ]
SQL: UPDATE `tp_user` SET `level`='1',`point`='100' WHERE `id` = 2 [ RunTime:0.0000s ]

[ 2015-11-07T11:40:21+08:00 ] 182.140.184.88 /wechat/home/index/index.html
INFO: [ app_init ] --START--
INFO: Run Behavior\BuildLiteBehavior [ RunTime:0.000000s ]
INFO: [ app_init ] --END-- [ RunTime:0.000000s ]

[ 2015-11-07T11:40:22+08:00 ] 182.140.184.88 /wechat/home?code=04165154e78d1002eaf6aa668b46634h&state=1
INFO: [ app_init ] --START--
INFO: Run Behavior\BuildLiteBehavior [ RunTime:0.000000s ]
INFO: [ app_init ] --END-- [ RunTime:0.000000s ]
ERR: 12

[ 2015-11-07T11:40:27+08:00 ] 182.140.184.88 /wechat/home
INFO: [ app_init ] --START--
INFO: Run Behavior\BuildLiteBehavior [ RunTime:0.000000s ]
INFO: [ app_init ] --END-- [ RunTime:0.000000s ]

[ 2015-11-07T11:40:28+08:00 ] 103.7.30.71 /wechat/home/wechat?signature=7a2e5d1967d6e04a76ea6fcfe2c7cf95fee9b5e0&timestamp=1446867582&nonce=1190441262
INFO: [ app_init ] --START--
INFO: Run Behavior\BuildLiteBehavior [ RunTime:0.000000s ]
INFO: [ app_init ] --END-- [ RunTime:0.000000s ]

[ 2015-11-07T11:40:48+08:00 ] 103.7.30.71 /wechat/home/wechat?signature=9f61a369daca009d92b73f75a8fd58b06a3ca782&timestamp=1446867602&nonce=1639635686
INFO: [ app_init ] --START--
INFO: Run Behavior\BuildLiteBehavior [ RunTime:0.000000s ]
INFO: [ app_init ] --END-- [ RunTime:0.015625s ]

[ 2015-11-07T11:40:48+08:00 ] 182.140.184.88 /wechat/home
INFO: [ app_init ] --START--
INFO: Run Behavior\BuildLiteBehavior [ RunTime:0.000000s ]
INFO: [ app_init ] --END-- [ RunTime:0.000000s ]

[ 2015-11-07T11:41:48+08:00 ] 119.147.146.189 /wechat/home
INFO: [ app_init ] --START--
INFO: Run Behavior\BuildLiteBehavior [ RunTime:0.000000s ]
INFO: [ app_init ] --END-- [ RunTime:0.015625s ]

[ 2015-11-07T11:43:35+08:00 ] 103.7.30.71 /wechat/home/wechat?signature=9e669285b8613bdd926f0439eb246a4de746cb5e&timestamp=1446867768&nonce=1694444993
INFO: [ app_init ] --START--
INFO: Run Behavior\BuildLiteBehavior [ RunTime:0.000000s ]
INFO: [ app_init ] --END-- [ RunTime:0.000000s ]

[ 2015-11-07T11:43:35+08:00 ] 182.140.184.88 /wechat/home
INFO: [ app_init ] --START--
INFO: Run Behavior\BuildLiteBehavior [ RunTime:0.000000s ]
INFO: [ app_init ] --END-- [ RunTime:0.000000s ]

[ 2015-11-07T11:44:44+08:00 ] 103.7.30.71 /wechat/home/wechat?signature=81917b19c548c792e4e61566a842e5ba4227c076&timestamp=1446867838&nonce=1166250708
INFO: [ app_init ] --START--
INFO: Run Behavior\BuildLiteBehavior [ RunTime:0.000000s ]
INFO: [ app_init ] --END-- [ RunTime:0.015625s ]

[ 2015-11-07T11:44:44+08:00 ] 182.140.184.88 /wechat/home
INFO: [ app_init ] --START--
INFO: Run Behavior\BuildLiteBehavior [ RunTime:0.000000s ]
INFO: [ app_init ] --END-- [ RunTime:0.000000s ]

[ 2015-11-07T11:44:49+08:00 ] 182.140.184.88 /wechat/home
INFO: [ app_init ] --START--
INFO: Run Behavior\BuildLiteBehavior [ RunTime:0.000000s ]
INFO: [ app_init ] --END-- [ RunTime:0.000000s ]

[ 2015-11-07T11:44:49+08:00 ] 103.7.30.71 /wechat/home/wechat?signature=641fd287a9603f6a1fe3820bc0ba05fe572bccd9&timestamp=1446867843&nonce=1561041510
INFO: [ app_init ] --START--
INFO: Run Behavior\BuildLiteBehavior [ RunTime:0.000000s ]
INFO: [ app_init ] --END-- [ RunTime:0.000000s ]

[ 2015-11-07T11:44:55+08:00 ] 103.7.30.71 /wechat/home/wechat?signature=141dc34f3cc5f16b6e01efd161ce3fb35253b4d6&timestamp=1446867849&nonce=325804105
INFO: [ app_init ] --START--
INFO: Run Behavior\BuildLiteBehavior [ RunTime:0.000000s ]
INFO: [ app_init ] --END-- [ RunTime:0.015625s ]

[ 2015-11-07T11:44:56+08:00 ] 182.140.184.88 /wechat/home
INFO: [ app_init ] --START--
INFO: Run Behavior\BuildLiteBehavior [ RunTime:0.000000s ]
INFO: [ app_init ] --END-- [ RunTime:0.000000s ]

[ 2015-11-07T11:52:15+08:00 ] 112.64.235.249 /wechat/home
INFO: [ app_init ] --START--
INFO: Run Behavior\BuildLiteBehavior [ RunTime:0.000000s ]
INFO: [ app_init ] --END-- [ RunTime:0.000000s ]

