[ 2015-11-15T19:00:53+08:00 ] 140.207.54.77 /wechat/home/wechat?signature=68135c0bf6961dd2a5a456469d166310e5585842&echostr=7963811607293654510&timestamp=1447585198&nonce=303434661
INFO: [ app_init ] --START--
INFO: Run Behavior\BuildLiteBehavior [ RunTime:0.000000s ]
INFO: [ app_init ] --END-- [ RunTime:0.000000s ]
INFO: [ app_begin ] --START--
INFO: Run Behavior\ReadHtmlCacheBehavior [ RunTime:0.000000s ]
INFO: [ app_begin ] --END-- [ RunTime:0.000000s ]

[ 2015-11-15T19:04:03+08:00 ] 182.140.184.88 /wechat/home
INFO: [ app_init ] --START--
INFO: Run Behavior\BuildLiteBehavior [ RunTime:0.000000s ]
INFO: [ app_init ] --END-- [ RunTime:0.000000s ]
INFO: [ app_begin ] --START--
INFO: Run Behavior\ReadHtmlCacheBehavior [ RunTime:0.015625s ]
INFO: [ app_begin ] --END-- [ RunTime:0.015625s ]
SQL: SHOW COLUMNS FROM `tp_user` [ RunTime:0.0156s ]
SQL: SHOW COLUMNS FROM `tp_user_point` [ RunTime:0.0156s ]
SQL: SHOW COLUMNS FROM `tp_user_point_audit` [ RunTime:0.0156s ]

[ 2015-11-15T19:05:53+08:00 ] 182.140.184.88 /wechat/home
INFO: [ app_init ] --START--
INFO: Run Behavior\BuildLiteBehavior [ RunTime:0.000000s ]
INFO: [ app_init ] --END-- [ RunTime:0.000000s ]
INFO: [ app_begin ] --START--
INFO: Run Behavior\ReadHtmlCacheBehavior [ RunTime:0.000000s ]
INFO: [ app_begin ] --END-- [ RunTime:0.000000s ]
SQL: SHOW COLUMNS FROM `tp_user` [ RunTime:0.0000s ]
SQL: SHOW COLUMNS FROM `tp_user_point` [ RunTime:0.0156s ]
SQL: SHOW COLUMNS FROM `tp_user_point_audit` [ RunTime:0.0156s ]

[ 2015-11-15T19:06:10+08:00 ] 182.140.184.88 /wechat/home
INFO: [ app_init ] --START--
INFO: Run Behavior\BuildLiteBehavior [ RunTime:0.000000s ]
INFO: [ app_init ] --END-- [ RunTime:0.000000s ]
INFO: [ app_begin ] --START--
INFO: Run Behavior\ReadHtmlCacheBehavior [ RunTime:0.000000s ]
INFO: [ app_begin ] --END-- [ RunTime:0.015625s ]
SQL: SHOW COLUMNS FROM `tp_user` [ RunTime:0.0000s ]
SQL: SHOW COLUMNS FROM `tp_user_point` [ RunTime:0.0000s ]
SQL: SHOW COLUMNS FROM `tp_user_point_audit` [ RunTime:0.0000s ]

[ 2015-11-15T19:06:13+08:00 ] 124.161.23.61 /wechat/home?code=01172d89d7acf86a768ef885b4fa391V&state=1
INFO: [ app_init ] --START--
INFO: Run Behavior\BuildLiteBehavior [ RunTime:0.000000s ]
INFO: [ app_init ] --END-- [ RunTime:0.000000s ]
INFO: [ app_begin ] --START--
INFO: Run Behavior\ReadHtmlCacheBehavior [ RunTime:0.015625s ]
INFO: [ app_begin ] --END-- [ RunTime:0.015625s ]
SQL: SHOW COLUMNS FROM `tp_user` [ RunTime:0.0000s ]
SQL: SHOW COLUMNS FROM `tp_user_point` [ RunTime:0.0000s ]
SQL: SHOW COLUMNS FROM `tp_user_point_audit` [ RunTime:0.0156s ]
SQL: SHOW COLUMNS FROM `tp_user` [ RunTime:0.0156s ]
SQL: SHOW COLUMNS FROM `tp_level` [ RunTime:0.0156s ]
SQL: SELECT user.id AS id,user.phone AS phone,user.avatar AS avatar,user.point AS point,user.name AS name,user.createdate AS createdate,user.lastlogin AS lastlogin,user.descr AS descr,user.useragent AS useragent,user.openid AS openid,level.id AS level_id,level.name AS level_name FROM tp_user user LEFT JOIN tp_level level ON user.level = level.id WHERE user.openid = 'oqVJowJcAgovWLgjZxJwZKj-PRD8' LIMIT 1   [ RunTime:0.0156s ]
ERR: 0

[ 2015-11-15T19:06:13+08:00 ] 182.140.184.88 /wechat/home?code=041c96f6114bc65821431c6cdda72b0f&state=1
INFO: [ app_init ] --START--
INFO: Run Behavior\BuildLiteBehavior [ RunTime:0.000000s ]
INFO: [ app_init ] --END-- [ RunTime:0.000000s ]
INFO: [ app_begin ] --START--
INFO: Run Behavior\ReadHtmlCacheBehavior [ RunTime:0.000000s ]
INFO: [ app_begin ] --END-- [ RunTime:0.000000s ]
SQL: SHOW COLUMNS FROM `tp_user` [ RunTime:0.0156s ]
SQL: SHOW COLUMNS FROM `tp_user_point` [ RunTime:0.0156s ]
SQL: SHOW COLUMNS FROM `tp_user_point_audit` [ RunTime:0.0000s ]
SQL: SHOW COLUMNS FROM `tp_user` [ RunTime:0.0000s ]
SQL: SHOW COLUMNS FROM `tp_level` [ RunTime:0.0156s ]
SQL: SELECT user.id AS id,user.phone AS phone,user.avatar AS avatar,user.point AS point,user.name AS name,user.createdate AS createdate,user.lastlogin AS lastlogin,user.descr AS descr,user.useragent AS useragent,user.openid AS openid,level.id AS level_id,level.name AS level_name FROM tp_user user LEFT JOIN tp_level level ON user.level = level.id WHERE user.openid = 'oqVJowJcAgovWLgjZxJwZKj-PRD8' LIMIT 1   [ RunTime:0.0000s ]
ERR: 0

[ 2015-11-15T19:06:14+08:00 ] 182.140.184.88 /wechat/home/account/index.html
INFO: [ app_init ] --START--
INFO: Run Behavior\BuildLiteBehavior [ RunTime:0.000000s ]
INFO: [ app_init ] --END-- [ RunTime:0.000000s ]
INFO: [ app_begin ] --START--
INFO: Run Behavior\ReadHtmlCacheBehavior [ RunTime:0.000000s ]
INFO: [ app_begin ] --END-- [ RunTime:0.000000s ]
SQL: SHOW COLUMNS FROM `tp_user` [ RunTime:0.0156s ]
SQL: SHOW COLUMNS FROM `tp_user_point` [ RunTime:0.0313s ]
SQL: SHOW COLUMNS FROM `tp_user_point_audit` [ RunTime:0.0156s ]
INFO: [ view_parse ] --START--
INFO: [ template_filter ] --START--
INFO: Run Behavior\ContentReplaceBehavior [ RunTime:0.000000s ]
INFO: [ template_filter ] --END-- [ RunTime:0.015625s ]
INFO: Run Behavior\ParseTemplateBehavior [ RunTime:0.031250s ]
INFO: [ view_parse ] --END-- [ RunTime:0.031250s ]
INFO: [ view_filter ] --START--
INFO: Run Behavior\WriteHtmlCacheBehavior [ RunTime:0.000000s ]
INFO: [ view_filter ] --END-- [ RunTime:0.000000s ]
INFO: [ app_end ] --START--
INFO: Run Behavior\ShowPageTraceBehavior [ RunTime:0.000000s ]
INFO: [ app_end ] --END-- [ RunTime:0.015625s ]

[ 2015-11-15T19:08:00+08:00 ] 182.140.184.88 /wechat/home
INFO: [ app_init ] --START--
INFO: Run Behavior\BuildLiteBehavior [ RunTime:0.000000s ]
INFO: [ app_init ] --END-- [ RunTime:0.000000s ]
INFO: [ app_begin ] --START--
INFO: Run Behavior\ReadHtmlCacheBehavior [ RunTime:0.000000s ]
INFO: [ app_begin ] --END-- [ RunTime:0.000000s ]
SQL: SHOW COLUMNS FROM `tp_user` [ RunTime:0.0000s ]
SQL: SHOW COLUMNS FROM `tp_user_point` [ RunTime:0.0000s ]
SQL: SHOW COLUMNS FROM `tp_user_point_audit` [ RunTime:0.0156s ]

[ 2015-11-15T19:08:01+08:00 ] 182.140.184.88 /wechat/home?code=02194b6589e4722a97049d129524b1eW&state=1
INFO: [ app_init ] --START--
INFO: Run Behavior\BuildLiteBehavior [ RunTime:0.000000s ]
INFO: [ app_init ] --END-- [ RunTime:0.000000s ]
INFO: [ app_begin ] --START--
INFO: Run Behavior\ReadHtmlCacheBehavior [ RunTime:0.000000s ]
INFO: [ app_begin ] --END-- [ RunTime:0.000000s ]
SQL: SHOW COLUMNS FROM `tp_user` [ RunTime:0.0000s ]
SQL: SHOW COLUMNS FROM `tp_user_point` [ RunTime:0.0000s ]
SQL: SHOW COLUMNS FROM `tp_user_point_audit` [ RunTime:0.0156s ]
SQL: SHOW COLUMNS FROM `tp_user` [ RunTime:0.0156s ]
SQL: SHOW COLUMNS FROM `tp_level` [ RunTime:0.0000s ]
SQL: SELECT user.id AS id,user.phone AS phone,user.avatar AS avatar,user.point AS point,user.name AS name,user.createdate AS createdate,user.lastlogin AS lastlogin,user.descr AS descr,user.useragent AS useragent,user.openid AS openid,level.id AS level_id,level.name AS level_name FROM tp_user user LEFT JOIN tp_level level ON user.level = level.id WHERE user.openid = 'oqVJowJcAgovWLgjZxJwZKj-PRD8' LIMIT 1   [ RunTime:0.0000s ]
ERR: 0

[ 2015-11-15T19:08:01+08:00 ] 124.161.23.61 /wechat/home/account/index.html
INFO: [ app_init ] --START--
INFO: Run Behavior\BuildLiteBehavior [ RunTime:0.000000s ]
INFO: [ app_init ] --END-- [ RunTime:0.000000s ]
INFO: [ app_begin ] --START--
INFO: Run Behavior\ReadHtmlCacheBehavior [ RunTime:0.015625s ]
INFO: [ app_begin ] --END-- [ RunTime:0.015625s ]
SQL: SHOW COLUMNS FROM `tp_user` [ RunTime:0.0156s ]
SQL: SHOW COLUMNS FROM `tp_user_point` [ RunTime:0.0156s ]
SQL: SHOW COLUMNS FROM `tp_user_point_audit` [ RunTime:0.0000s ]
INFO: [ view_parse ] --START--
INFO: [ template_filter ] --START--
INFO: Run Behavior\ContentReplaceBehavior [ RunTime:0.000000s ]
INFO: [ template_filter ] --END-- [ RunTime:0.000000s ]
INFO: Run Behavior\ParseTemplateBehavior [ RunTime:0.015625s ]
INFO: [ view_parse ] --END-- [ RunTime:0.015625s ]
INFO: [ view_filter ] --START--
INFO: Run Behavior\WriteHtmlCacheBehavior [ RunTime:0.000000s ]
INFO: [ view_filter ] --END-- [ RunTime:0.000000s ]
INFO: [ app_end ] --START--
INFO: Run Behavior\ShowPageTraceBehavior [ RunTime:0.000000s ]
INFO: [ app_end ] --END-- [ RunTime:0.000000s ]

[ 2015-11-15T19:08:08+08:00 ] 182.140.184.88 /wechat/home/account/login
INFO: [ app_init ] --START--
INFO: Run Behavior\BuildLiteBehavior [ RunTime:0.000000s ]
INFO: [ app_init ] --END-- [ RunTime:0.000000s ]
INFO: [ app_begin ] --START--
INFO: Run Behavior\ReadHtmlCacheBehavior [ RunTime:0.000000s ]
INFO: [ app_begin ] --END-- [ RunTime:0.000000s ]
SQL: SHOW COLUMNS FROM `tp_user` [ RunTime:0.0156s ]
SQL: SHOW COLUMNS FROM `tp_user_point` [ RunTime:0.0156s ]
SQL: SHOW COLUMNS FROM `tp_user_point_audit` [ RunTime:0.0156s ]
SQL: INSERT INTO `tp_user` (`phone`,`openid`,`avatar`,`name`,`enabled`,`useragent`,`createdate`,`lastlogin`) VALUES ('13540312451','oqVJowJcAgovWLgjZxJwZKj-PRD8','','','1','13540312451','2015-11-15 19:08:08','2015-11-15 19:08:08') [ RunTime:0.0000s ]
SQL: INSERT INTO `tp_user_point` (`userid`,`point`,`type`,`descr`,`createdate`,`status`) VALUES ('5','100','注册赠送','','2015-11-15 19:08:08','1') [ RunTime:0.0000s ]
SQL: SHOW COLUMNS FROM `tp_user` [ RunTime:0.0156s ]
SQL: SHOW COLUMNS FROM `tp_level` [ RunTime:0.0313s ]
SQL: SELECT user.id AS id,user.phone AS phone,user.avatar AS avatar,user.point AS point,user.name AS name,user.createdate AS createdate,user.lastlogin AS lastlogin,user.descr AS descr,user.useragent AS useragent,user.openid AS openid,level.id AS level_id,level.name AS level_name FROM tp_user user LEFT JOIN tp_level level ON user.level = level.id WHERE user.id = '5' LIMIT 1   [ RunTime:0.0000s ]
SQL: SELECT level.id AS id,level.name AS name,level.pic AS pic,level.descr AS descr,level.point_begin AS point_begin,level.point_end AS point_end,COUNT(user.id) AS user_count FROM tp_level level LEFT JOIN tp_user user ON level.id = user.level WHERE `deleted` = 0 GROUP BY level.id ORDER BY level.point_end desc  [ RunTime:0.0000s ]
NOTIC: [8] Undefined offset: 0 D:\website\wechat\ThinkPHP\Library\Think\Db\Driver.class.php 第 362 行.
SQL: UPDATE `tp_user` SET `point`='100' WHERE `id` = 5 [ RunTime:0.0000s ]

[ 2015-11-15T19:08:10+08:00 ] 182.140.184.88 /wechat/home/index/index.html
INFO: [ app_init ] --START--
INFO: Run Behavior\BuildLiteBehavior [ RunTime:0.000000s ]
INFO: [ app_init ] --END-- [ RunTime:0.000000s ]
INFO: [ app_begin ] --START--
INFO: Run Behavior\ReadHtmlCacheBehavior [ RunTime:0.000000s ]
INFO: [ app_begin ] --END-- [ RunTime:0.000000s ]
SQL: SHOW COLUMNS FROM `tp_user` [ RunTime:0.0156s ]
SQL: SHOW COLUMNS FROM `tp_user_point` [ RunTime:0.0000s ]
SQL: SHOW COLUMNS FROM `tp_user_point_audit` [ RunTime:0.0156s ]

[ 2015-11-15T19:08:11+08:00 ] 182.140.184.88 /wechat/home?code=041b2a01c0aa317e6bf307a5dd2fe55f&state=1
INFO: [ app_init ] --START--
INFO: Run Behavior\BuildLiteBehavior [ RunTime:0.015625s ]
INFO: [ app_init ] --END-- [ RunTime:0.015625s ]
INFO: [ app_begin ] --START--
INFO: Run Behavior\ReadHtmlCacheBehavior [ RunTime:0.015625s ]
INFO: [ app_begin ] --END-- [ RunTime:0.015625s ]
SQL: SHOW COLUMNS FROM `tp_user` [ RunTime:0.0156s ]
SQL: SHOW COLUMNS FROM `tp_user_point` [ RunTime:0.0156s ]
SQL: SHOW COLUMNS FROM `tp_user_point_audit` [ RunTime:0.0000s ]
SQL: SHOW COLUMNS FROM `tp_user` [ RunTime:0.0000s ]
SQL: SHOW COLUMNS FROM `tp_level` [ RunTime:0.0000s ]
SQL: SELECT user.id AS id,user.phone AS phone,user.avatar AS avatar,user.point AS point,user.name AS name,user.createdate AS createdate,user.lastlogin AS lastlogin,user.descr AS descr,user.useragent AS useragent,user.openid AS openid,level.id AS level_id,level.name AS level_name FROM tp_user user LEFT JOIN tp_level level ON user.level = level.id WHERE user.openid = 'oqVJowJcAgovWLgjZxJwZKj-PRD8' LIMIT 1   [ RunTime:0.0000s ]
ERR: 12
SQL: SHOW COLUMNS FROM `tp_activity` [ RunTime:0.0000s ]
SQL: SELECT SUM(point) AS tp_sum FROM `tp_user_point` WHERE `userid` = 5 AND `status` = 1 AND ( `createdate` > '2015-11-15 00:00:00' AND `createdate` < '2015-11-15 19:08:11'  ) LIMIT 1   [ RunTime:0.0000s ]
SQL: SHOW COLUMNS FROM `tp_activity` [ RunTime:0.0000s ]
SQL: SHOW COLUMNS FROM `tp_store` [ RunTime:0.0156s ]
SQL: SHOW COLUMNS FROM `tp_admin` [ RunTime:0.0156s ]
SQL: SELECT activity.id AS id,activity.name AS name,activity.point AS point,activity.createdate AS createdate,activity.startdate AS startdate,activity.enddate AS enddate,activity.descr AS descr,activity.istop AS istop,activity.pic AS pic,activity.storeid AS storeid,store.name AS store_name,store.phone AS store_phone,store.address AS store_address,admin.id AS store_admin_id,admin.realname AS store_admin_realname,admin.phone AS store_admin_phone,admin.lastlogin AS store_admin_lastlogin FROM tp_activity activity LEFT JOIN tp_store store ON activity.storeid = store.id LEFT JOIN tp_admin admin ON store.adminid = admin.id WHERE activity.startdate < '2015-11-15 19:08:11' AND activity.enddate > '2015-11-15 19:08:11' ORDER BY activity.istop desc,activity.createdate desc  [ RunTime:0.0000s ]
INFO: [ view_parse ] --START--
INFO: [ template_filter ] --START--
INFO: Run Behavior\ContentReplaceBehavior [ RunTime:0.000000s ]
INFO: [ template_filter ] --END-- [ RunTime:0.000000s ]
INFO: Run Behavior\ParseTemplateBehavior [ RunTime:0.078125s ]
INFO: [ view_parse ] --END-- [ RunTime:0.078125s ]
INFO: [ view_filter ] --START--
INFO: Run Behavior\WriteHtmlCacheBehavior [ RunTime:0.015625s ]
INFO: [ view_filter ] --END-- [ RunTime:0.015625s ]
INFO: [ app_end ] --START--
INFO: Run Behavior\ShowPageTraceBehavior [ RunTime:0.000000s ]
INFO: [ app_end ] --END-- [ RunTime:0.000000s ]

[ 2015-11-15T19:08:16+08:00 ] 182.140.184.88 /wechat/Home/activity/index.html
INFO: [ app_init ] --START--
INFO: Run Behavior\BuildLiteBehavior [ RunTime:0.000000s ]
INFO: [ app_init ] --END-- [ RunTime:0.000000s ]
INFO: [ app_begin ] --START--
INFO: Run Behavior\ReadHtmlCacheBehavior [ RunTime:0.000000s ]
INFO: [ app_begin ] --END-- [ RunTime:0.000000s ]
SQL: SHOW COLUMNS FROM `tp_user` [ RunTime:0.0000s ]
SQL: SHOW COLUMNS FROM `tp_user_point` [ RunTime:0.0000s ]
SQL: SHOW COLUMNS FROM `tp_user_point_audit` [ RunTime:0.0156s ]
SQL: SHOW COLUMNS FROM `tp_activity` [ RunTime:0.0156s ]
SQL: SHOW COLUMNS FROM `tp_activity` [ RunTime:0.0000s ]
SQL: SHOW COLUMNS FROM `tp_store` [ RunTime:0.0156s ]
SQL: SHOW COLUMNS FROM `tp_admin` [ RunTime:0.0000s ]
SQL: SELECT activity.id AS id,activity.name AS name,activity.point AS point,activity.createdate AS createdate,activity.startdate AS startdate,activity.enddate AS enddate,activity.descr AS descr,activity.istop AS istop,activity.pic AS pic,activity.storeid AS storeid,store.name AS store_name,store.phone AS store_phone,store.address AS store_address,admin.id AS store_admin_id,admin.realname AS store_admin_realname,admin.phone AS store_admin_phone,admin.lastlogin AS store_admin_lastlogin FROM tp_activity activity LEFT JOIN tp_store store ON activity.storeid = store.id LEFT JOIN tp_admin admin ON store.adminid = admin.id WHERE activity.startdate < '2015-11-15 19:08:16' AND activity.enddate > '2015-11-15 19:08:16' ORDER BY activity.istop desc,activity.createdate desc  [ RunTime:0.0000s ]
INFO: [ view_parse ] --START--
INFO: [ template_filter ] --START--
INFO: Run Behavior\ContentReplaceBehavior [ RunTime:0.000000s ]
INFO: [ template_filter ] --END-- [ RunTime:0.000000s ]
INFO: Run Behavior\ParseTemplateBehavior [ RunTime:0.046875s ]
INFO: [ view_parse ] --END-- [ RunTime:0.062500s ]
INFO: [ view_filter ] --START--
INFO: Run Behavior\WriteHtmlCacheBehavior [ RunTime:0.000000s ]
INFO: [ view_filter ] --END-- [ RunTime:0.000000s ]
INFO: [ app_end ] --START--
INFO: Run Behavior\ShowPageTraceBehavior [ RunTime:0.000000s ]
INFO: [ app_end ] --END-- [ RunTime:0.000000s ]

[ 2015-11-15T19:08:20+08:00 ] 124.161.23.61 /wechat/Home/activity/detail.html?id=1
INFO: [ app_init ] --START--
INFO: Run Behavior\BuildLiteBehavior [ RunTime:0.000000s ]
INFO: [ app_init ] --END-- [ RunTime:0.000000s ]
INFO: [ app_begin ] --START--
INFO: Run Behavior\ReadHtmlCacheBehavior [ RunTime:0.000000s ]
INFO: [ app_begin ] --END-- [ RunTime:0.000000s ]
SQL: SHOW COLUMNS FROM `tp_user` [ RunTime:0.0156s ]
SQL: SHOW COLUMNS FROM `tp_user_point` [ RunTime:0.0000s ]
SQL: SHOW COLUMNS FROM `tp_user_point_audit` [ RunTime:0.0000s ]
SQL: SHOW COLUMNS FROM `tp_activity` [ RunTime:0.0000s ]
SQL: SHOW COLUMNS FROM `tp_activity` [ RunTime:0.0156s ]
SQL: SHOW COLUMNS FROM `tp_store` [ RunTime:0.0000s ]
SQL: SHOW COLUMNS FROM `tp_admin` [ RunTime:0.0000s ]
SQL: SELECT activity.id AS id,activity.name AS name,activity.point AS point,activity.createdate AS createdate,activity.startdate AS startdate,activity.enddate AS enddate,activity.descr AS descr,activity.content AS content,activity.pic AS pic,activity.istop AS istop,activity.storeid AS storeid,store.name AS store_name,store.phone AS store_phone,store.address AS store_address,admin.id AS store_admin_id,admin.realname AS store_admin_realname,admin.phone AS store_admin_phone,admin.lastlogin AS store_admin_lastlogin FROM tp_activity activity LEFT JOIN tp_store store ON activity.storeid = store.id LEFT JOIN tp_admin admin ON store.adminid = admin.id WHERE activity.id = '1' LIMIT 1   [ RunTime:0.0000s ]
INFO: [ view_parse ] --START--
INFO: [ template_filter ] --START--
INFO: Run Behavior\ContentReplaceBehavior [ RunTime:0.000000s ]
INFO: [ template_filter ] --END-- [ RunTime:0.000000s ]
INFO: Run Behavior\ParseTemplateBehavior [ RunTime:0.031250s ]
INFO: [ view_parse ] --END-- [ RunTime:0.031250s ]
INFO: [ view_filter ] --START--
INFO: Run Behavior\WriteHtmlCacheBehavior [ RunTime:0.000000s ]
INFO: [ view_filter ] --END-- [ RunTime:0.000000s ]
INFO: [ app_end ] --START--
INFO: Run Behavior\ShowPageTraceBehavior [ RunTime:0.015625s ]
INFO: [ app_end ] --END-- [ RunTime:0.015625s ]

[ 2015-11-15T19:24:19+08:00 ] 103.7.30.108 /wechat/home/wechat?signature=46445aadb6be3f6632912ea767a7c3b3242d7fa0&timestamp=1447586604&nonce=1262957419
INFO: [ app_init ] --START--
INFO: Run Behavior\BuildLiteBehavior [ RunTime:0.000000s ]
INFO: [ app_init ] --END-- [ RunTime:0.000000s ]
INFO: [ app_begin ] --START--
INFO: Run Behavior\ReadHtmlCacheBehavior [ RunTime:0.000000s ]
INFO: [ app_begin ] --END-- [ RunTime:0.000000s ]
INFO: [ app_end ] --START--
INFO: Run Behavior\ShowPageTraceBehavior [ RunTime:0.000000s ]
INFO: [ app_end ] --END-- [ RunTime:0.000000s ]

[ 2015-11-15T19:24:19+08:00 ] 171.217.60.70 /wechat/home
INFO: [ app_init ] --START--
INFO: Run Behavior\BuildLiteBehavior [ RunTime:0.000000s ]
INFO: [ app_init ] --END-- [ RunTime:0.000000s ]
INFO: [ app_begin ] --START--
INFO: Run Behavior\ReadHtmlCacheBehavior [ RunTime:0.000000s ]
INFO: [ app_begin ] --END-- [ RunTime:0.000000s ]
SQL: SHOW COLUMNS FROM `tp_user` [ RunTime:0.0000s ]
SQL: SHOW COLUMNS FROM `tp_user_point` [ RunTime:0.0000s ]
SQL: SHOW COLUMNS FROM `tp_user_point_audit` [ RunTime:0.0000s ]

[ 2015-11-15T19:24:21+08:00 ] 171.217.60.70 /wechat/home?code=0211c5550d7b7038f7a8a0e732e2511D&state=1
INFO: [ app_init ] --START--
INFO: Run Behavior\BuildLiteBehavior [ RunTime:0.000000s ]
INFO: [ app_init ] --END-- [ RunTime:0.000000s ]
INFO: [ app_begin ] --START--
INFO: Run Behavior\ReadHtmlCacheBehavior [ RunTime:0.000000s ]
INFO: [ app_begin ] --END-- [ RunTime:0.000000s ]
SQL: SHOW COLUMNS FROM `tp_user` [ RunTime:0.0000s ]
SQL: SHOW COLUMNS FROM `tp_user_point` [ RunTime:0.0000s ]
SQL: SHOW COLUMNS FROM `tp_user_point_audit` [ RunTime:0.0313s ]
SQL: SHOW COLUMNS FROM `tp_user` [ RunTime:0.0000s ]
SQL: SHOW COLUMNS FROM `tp_level` [ RunTime:0.0156s ]
SQL: SELECT user.id AS id,user.phone AS phone,user.avatar AS avatar,user.point AS point,user.name AS name,user.createdate AS createdate,user.lastlogin AS lastlogin,user.descr AS descr,user.useragent AS useragent,user.openid AS openid,level.id AS level_id,level.name AS level_name FROM tp_user user LEFT JOIN tp_level level ON user.level = level.id WHERE user.openid = 'oqVJowOQpuaz8UM_hi0kyODikbsw' LIMIT 1   [ RunTime:0.0156s ]
ERR: 0

[ 2015-11-15T19:24:22+08:00 ] 171.217.60.70 /wechat/home/account/index.html
INFO: [ app_init ] --START--
INFO: Run Behavior\BuildLiteBehavior [ RunTime:0.000000s ]
INFO: [ app_init ] --END-- [ RunTime:0.000000s ]
INFO: [ app_begin ] --START--
INFO: Run Behavior\ReadHtmlCacheBehavior [ RunTime:0.000000s ]
INFO: [ app_begin ] --END-- [ RunTime:0.000000s ]
SQL: SHOW COLUMNS FROM `tp_user` [ RunTime:0.0156s ]
SQL: SHOW COLUMNS FROM `tp_user_point` [ RunTime:0.0000s ]
SQL: SHOW COLUMNS FROM `tp_user_point_audit` [ RunTime:0.0156s ]
INFO: [ view_parse ] --START--
INFO: [ template_filter ] --START--
INFO: Run Behavior\ContentReplaceBehavior [ RunTime:0.000000s ]
INFO: [ template_filter ] --END-- [ RunTime:0.000000s ]
INFO: Run Behavior\ParseTemplateBehavior [ RunTime:0.046875s ]
INFO: [ view_parse ] --END-- [ RunTime:0.046875s ]
INFO: [ view_filter ] --START--
INFO: Run Behavior\WriteHtmlCacheBehavior [ RunTime:0.000000s ]
INFO: [ view_filter ] --END-- [ RunTime:0.000000s ]
INFO: [ app_end ] --START--
INFO: Run Behavior\ShowPageTraceBehavior [ RunTime:0.000000s ]
INFO: [ app_end ] --END-- [ RunTime:0.000000s ]

[ 2015-11-15T19:24:43+08:00 ] 171.217.60.70 /wechat/home/account/login
INFO: [ app_init ] --START--
INFO: Run Behavior\BuildLiteBehavior [ RunTime:0.000000s ]
INFO: [ app_init ] --END-- [ RunTime:0.015625s ]
INFO: [ app_begin ] --START--
INFO: Run Behavior\ReadHtmlCacheBehavior [ RunTime:0.015625s ]
INFO: [ app_begin ] --END-- [ RunTime:0.015625s ]
SQL: SHOW COLUMNS FROM `tp_user` [ RunTime:0.0156s ]
SQL: SHOW COLUMNS FROM `tp_user_point` [ RunTime:0.0000s ]
SQL: SHOW COLUMNS FROM `tp_user_point_audit` [ RunTime:0.0000s ]
SQL: INSERT INTO `tp_user` (`phone`,`openid`,`avatar`,`name`,`enabled`,`useragent`,`createdate`,`lastlogin`) VALUES ('15881029673','oqVJowOQpuaz8UM_hi0kyODikbsw','','','1','15881029673','2015-11-15 19:24:43','2015-11-15 19:24:43') [ RunTime:0.0000s ]
SQL: INSERT INTO `tp_user_point` (`userid`,`point`,`type`,`descr`,`createdate`,`status`) VALUES ('6','100','注册赠送','','2015-11-15 19:24:43','1') [ RunTime:0.0000s ]
SQL: SHOW COLUMNS FROM `tp_user` [ RunTime:0.0156s ]
SQL: SHOW COLUMNS FROM `tp_level` [ RunTime:0.0000s ]
SQL: SELECT user.id AS id,user.phone AS phone,user.avatar AS avatar,user.point AS point,user.name AS name,user.createdate AS createdate,user.lastlogin AS lastlogin,user.descr AS descr,user.useragent AS useragent,user.openid AS openid,level.id AS level_id,level.name AS level_name FROM tp_user user LEFT JOIN tp_level level ON user.level = level.id WHERE user.id = '6' LIMIT 1   [ RunTime:0.0000s ]
SQL: SELECT level.id AS id,level.name AS name,level.pic AS pic,level.descr AS descr,level.point_begin AS point_begin,level.point_end AS point_end,COUNT(user.id) AS user_count FROM tp_level level LEFT JOIN tp_user user ON level.id = user.level WHERE `deleted` = 0 GROUP BY level.id ORDER BY level.point_end desc  [ RunTime:0.0156s ]
NOTIC: [8] Undefined offset: 0 D:\website\wechat\ThinkPHP\Library\Think\Db\Driver.class.php 第 362 行.
SQL: UPDATE `tp_user` SET `point`='100' WHERE `id` = 6 [ RunTime:0.0000s ]

[ 2015-11-15T19:24:45+08:00 ] 171.217.60.70 /wechat/home/index/index.html
INFO: [ app_init ] --START--
INFO: Run Behavior\BuildLiteBehavior [ RunTime:0.000000s ]
INFO: [ app_init ] --END-- [ RunTime:0.000000s ]
INFO: [ app_begin ] --START--
INFO: Run Behavior\ReadHtmlCacheBehavior [ RunTime:0.000000s ]
INFO: [ app_begin ] --END-- [ RunTime:0.000000s ]
SQL: SHOW COLUMNS FROM `tp_user` [ RunTime:0.0156s ]
SQL: SHOW COLUMNS FROM `tp_user_point` [ RunTime:0.0000s ]
SQL: SHOW COLUMNS FROM `tp_user_point_audit` [ RunTime:0.0000s ]

[ 2015-11-15T19:24:45+08:00 ] 171.217.60.70 /wechat/home?code=021123a1643955f5441532610cdebd48&state=1
INFO: [ app_init ] --START--
INFO: Run Behavior\BuildLiteBehavior [ RunTime:0.000000s ]
INFO: [ app_init ] --END-- [ RunTime:0.000000s ]
INFO: [ app_begin ] --START--
INFO: Run Behavior\ReadHtmlCacheBehavior [ RunTime:0.000000s ]
INFO: [ app_begin ] --END-- [ RunTime:0.000000s ]
SQL: SHOW COLUMNS FROM `tp_user` [ RunTime:0.0156s ]
SQL: SHOW COLUMNS FROM `tp_user_point` [ RunTime:0.0156s ]
SQL: SHOW COLUMNS FROM `tp_user_point_audit` [ RunTime:0.0156s ]
SQL: SHOW COLUMNS FROM `tp_user` [ RunTime:0.0000s ]
SQL: SHOW COLUMNS FROM `tp_level` [ RunTime:0.0156s ]
SQL: SELECT user.id AS id,user.phone AS phone,user.avatar AS avatar,user.point AS point,user.name AS name,user.createdate AS createdate,user.lastlogin AS lastlogin,user.descr AS descr,user.useragent AS useragent,user.openid AS openid,level.id AS level_id,level.name AS level_name FROM tp_user user LEFT JOIN tp_level level ON user.level = level.id WHERE user.openid = 'oqVJowOQpuaz8UM_hi0kyODikbsw' LIMIT 1   [ RunTime:0.0000s ]
ERR: 12
SQL: SHOW COLUMNS FROM `tp_activity` [ RunTime:0.0000s ]
SQL: SELECT SUM(point) AS tp_sum FROM `tp_user_point` WHERE `userid` = 6 AND `status` = 1 AND ( `createdate` > '2015-11-15 00:00:00' AND `createdate` < '2015-11-15 19:24:45'  ) LIMIT 1   [ RunTime:0.0000s ]
SQL: SHOW COLUMNS FROM `tp_activity` [ RunTime:0.0156s ]
SQL: SHOW COLUMNS FROM `tp_store` [ RunTime:0.0000s ]
SQL: SHOW COLUMNS FROM `tp_admin` [ RunTime:0.0156s ]
SQL: SELECT activity.id AS id,activity.name AS name,activity.point AS point,activity.createdate AS createdate,activity.startdate AS startdate,activity.enddate AS enddate,activity.descr AS descr,activity.istop AS istop,activity.pic AS pic,activity.storeid AS storeid,store.name AS store_name,store.phone AS store_phone,store.address AS store_address,admin.id AS store_admin_id,admin.realname AS store_admin_realname,admin.phone AS store_admin_phone,admin.lastlogin AS store_admin_lastlogin FROM tp_activity activity LEFT JOIN tp_store store ON activity.storeid = store.id LEFT JOIN tp_admin admin ON store.adminid = admin.id WHERE activity.startdate < '2015-11-15 19:24:45' AND activity.enddate > '2015-11-15 19:24:45' ORDER BY activity.istop desc,activity.createdate desc  [ RunTime:0.0000s ]
INFO: [ view_parse ] --START--
INFO: [ template_filter ] --START--
INFO: Run Behavior\ContentReplaceBehavior [ RunTime:0.000000s ]
INFO: [ template_filter ] --END-- [ RunTime:0.000000s ]
INFO: Run Behavior\ParseTemplateBehavior [ RunTime:0.062500s ]
INFO: [ view_parse ] --END-- [ RunTime:0.062500s ]
INFO: [ view_filter ] --START--
INFO: Run Behavior\WriteHtmlCacheBehavior [ RunTime:0.015625s ]
INFO: [ view_filter ] --END-- [ RunTime:0.015625s ]
INFO: [ app_end ] --START--
INFO: Run Behavior\ShowPageTraceBehavior [ RunTime:0.000000s ]
INFO: [ app_end ] --END-- [ RunTime:0.000000s ]

[ 2015-11-15T19:24:48+08:00 ] 101.226.66.172 /wechat/home/index/index.html
INFO: [ app_init ] --START--
INFO: Run Behavior\BuildLiteBehavior [ RunTime:0.000000s ]
INFO: [ app_init ] --END-- [ RunTime:0.000000s ]
INFO: [ app_begin ] --START--
INFO: Run Behavior\ReadHtmlCacheBehavior [ RunTime:0.000000s ]
INFO: [ app_begin ] --END-- [ RunTime:0.000000s ]
SQL: SHOW COLUMNS FROM `tp_user` [ RunTime:0.0156s ]
SQL: SHOW COLUMNS FROM `tp_user_point` [ RunTime:0.0156s ]
SQL: SHOW COLUMNS FROM `tp_user_point_audit` [ RunTime:0.0000s ]

[ 2015-11-15T19:24:56+08:00 ] 171.217.60.70 /wechat/Home/record/index.html?tab=shouru
INFO: [ app_init ] --START--
INFO: Run Behavior\BuildLiteBehavior [ RunTime:0.000000s ]
INFO: [ app_init ] --END-- [ RunTime:0.000000s ]
INFO: [ app_begin ] --START--
INFO: Run Behavior\ReadHtmlCacheBehavior [ RunTime:0.000000s ]
INFO: [ app_begin ] --END-- [ RunTime:0.000000s ]
SQL: SHOW COLUMNS FROM `tp_user` [ RunTime:0.0156s ]
SQL: SHOW COLUMNS FROM `tp_user_point` [ RunTime:0.0000s ]
SQL: SHOW COLUMNS FROM `tp_user_point_audit` [ RunTime:0.0000s ]
SQL: SHOW COLUMNS FROM `tp_user_point` [ RunTime:0.0156s ]
SQL: SHOW COLUMNS FROM `tp_user` [ RunTime:0.0156s ]
SQL: SHOW COLUMNS FROM `tp_level` [ RunTime:0.0156s ]
SQL: SHOW COLUMNS FROM `tp_admin` [ RunTime:0.0156s ]
SQL: SHOW COLUMNS FROM `tp_store` [ RunTime:0.0156s ]
SQL: SHOW COLUMNS FROM `tp_user_point_audit` [ RunTime:0.0156s ]
SQL: SELECT user_point.id AS id,user_point.type AS type,user_point.point AS point,user_point.userid AS userid,user_point.descr AS descr,user_point.attach AS attach,user_point.createdate AS createdate,user.phone AS user_phone,user.point AS user_point,user.descr AS user_descr,level.id AS user_level_id,level.name AS user_level_name,admin.id AS manager_id,admin.realname AS manager_realname,admin.phone AS manager_phone,store.id AS store_id,store.name AS store_name,store.address AS store_address FROM tp_user_point user_point LEFT JOIN tp_user user ON user_point.userid = user.id LEFT JOIN tp_level level ON user.level = level.id LEFT JOIN tp_admin admin ON admin.id = user_point.manager LEFT JOIN tp_store store ON admin.storeid = store.id LEFT JOIN tp_user_point_audit user_point_audit ON user_point_audit.pointid = user_point.id WHERE user_point.status = 1 AND user_point.userid = '6' AND user_point.point > 0 ORDER BY user_point.createdate desc  [ RunTime:0.0000s ]
SQL: SELECT user_point.id AS id,user_point.type AS type,user_point.point AS point,user_point.userid AS userid,user_point.descr AS descr,user_point.attach AS attach,user_point.createdate AS createdate,user.phone AS user_phone,user.point AS user_point,user.descr AS user_descr,level.id AS user_level_id,level.name AS user_level_name,admin.id AS manager_id,admin.realname AS manager_realname,admin.phone AS manager_phone,store.id AS store_id,store.name AS store_name,store.address AS store_address FROM tp_user_point user_point LEFT JOIN tp_user user ON user_point.userid = user.id LEFT JOIN tp_level level ON user.level = level.id LEFT JOIN tp_admin admin ON admin.id = user_point.manager LEFT JOIN tp_store store ON admin.storeid = store.id LEFT JOIN tp_user_point_audit user_point_audit ON user_point_audit.pointid = user_point.id WHERE user_point.status = 1 AND user_point.userid = '6' AND user_point.point < 0 ORDER BY user_point.createdate desc  [ RunTime:0.0000s ]
INFO: [ view_parse ] --START--
INFO: [ template_filter ] --START--
INFO: Run Behavior\ContentReplaceBehavior [ RunTime:0.000000s ]
INFO: [ template_filter ] --END-- [ RunTime:0.000000s ]
INFO: Run Behavior\ParseTemplateBehavior [ RunTime:0.078125s ]
INFO: [ view_parse ] --END-- [ RunTime:0.078125s ]
INFO: [ view_filter ] --START--
INFO: Run Behavior\WriteHtmlCacheBehavior [ RunTime:0.000000s ]
INFO: [ view_filter ] --END-- [ RunTime:0.015625s ]
INFO: [ app_end ] --START--
INFO: Run Behavior\ShowPageTraceBehavior [ RunTime:0.000000s ]
INFO: [ app_end ] --END-- [ RunTime:0.000000s ]

[ 2015-11-15T19:25:00+08:00 ] 171.217.60.70 /wechat/home?code=021123a1643955f5441532610cdebd48&state=1
INFO: [ app_init ] --START--
INFO: Run Behavior\BuildLiteBehavior [ RunTime:0.000000s ]
INFO: [ app_init ] --END-- [ RunTime:0.000000s ]
INFO: [ app_begin ] --START--
INFO: Run Behavior\ReadHtmlCacheBehavior [ RunTime:0.015625s ]
INFO: [ app_begin ] --END-- [ RunTime:0.015625s ]
SQL: SHOW COLUMNS FROM `tp_user` [ RunTime:0.0000s ]
SQL: SHOW COLUMNS FROM `tp_user_point` [ RunTime:0.0000s ]
SQL: SHOW COLUMNS FROM `tp_user_point_audit` [ RunTime:0.0156s ]
SQL: SHOW COLUMNS FROM `tp_activity` [ RunTime:0.0000s ]
SQL: SELECT SUM(point) AS tp_sum FROM `tp_user_point` WHERE `userid` = 6 AND `status` = 1 AND ( `createdate` > '2015-11-15 00:00:00' AND `createdate` < '2015-11-15 19:25:00'  ) LIMIT 1   [ RunTime:0.0000s ]
SQL: SHOW COLUMNS FROM `tp_activity` [ RunTime:0.0156s ]
SQL: SHOW COLUMNS FROM `tp_store` [ RunTime:0.0156s ]
SQL: SHOW COLUMNS FROM `tp_admin` [ RunTime:0.0156s ]
SQL: SELECT activity.id AS id,activity.name AS name,activity.point AS point,activity.createdate AS createdate,activity.startdate AS startdate,activity.enddate AS enddate,activity.descr AS descr,activity.istop AS istop,activity.pic AS pic,activity.storeid AS storeid,store.name AS store_name,store.phone AS store_phone,store.address AS store_address,admin.id AS store_admin_id,admin.realname AS store_admin_realname,admin.phone AS store_admin_phone,admin.lastlogin AS store_admin_lastlogin FROM tp_activity activity LEFT JOIN tp_store store ON activity.storeid = store.id LEFT JOIN tp_admin admin ON store.adminid = admin.id WHERE activity.startdate < '2015-11-15 19:25:00' AND activity.enddate > '2015-11-15 19:25:00' ORDER BY activity.istop desc,activity.createdate desc  [ RunTime:0.0156s ]
INFO: [ view_parse ] --START--
INFO: [ template_filter ] --START--
INFO: Run Behavior\ContentReplaceBehavior [ RunTime:0.000000s ]
INFO: [ template_filter ] --END-- [ RunTime:0.000000s ]
INFO: Run Behavior\ParseTemplateBehavior [ RunTime:0.046875s ]
INFO: [ view_parse ] --END-- [ RunTime:0.046875s ]
INFO: [ view_filter ] --START--
INFO: Run Behavior\WriteHtmlCacheBehavior [ RunTime:0.000000s ]
INFO: [ view_filter ] --END-- [ RunTime:0.000000s ]
INFO: [ app_end ] --START--
INFO: Run Behavior\ShowPageTraceBehavior [ RunTime:0.015625s ]
INFO: [ app_end ] --END-- [ RunTime:0.015625s ]

[ 2015-11-15T19:25:02+08:00 ] 171.217.60.70 /wechat/Home/record/index.html
INFO: [ app_init ] --START--
INFO: Run Behavior\BuildLiteBehavior [ RunTime:0.000000s ]
INFO: [ app_init ] --END-- [ RunTime:0.000000s ]
INFO: [ app_begin ] --START--
INFO: Run Behavior\ReadHtmlCacheBehavior [ RunTime:0.000000s ]
INFO: [ app_begin ] --END-- [ RunTime:0.015625s ]
SQL: SHOW COLUMNS FROM `tp_user` [ RunTime:0.0156s ]
SQL: SHOW COLUMNS FROM `tp_user_point` [ RunTime:0.0000s ]
SQL: SHOW COLUMNS FROM `tp_user_point_audit` [ RunTime:0.0156s ]
SQL: SHOW COLUMNS FROM `tp_user_point` [ RunTime:0.0000s ]
SQL: SHOW COLUMNS FROM `tp_user` [ RunTime:0.0156s ]
SQL: SHOW COLUMNS FROM `tp_level` [ RunTime:0.0156s ]
SQL: SHOW COLUMNS FROM `tp_admin` [ RunTime:0.0000s ]
SQL: SHOW COLUMNS FROM `tp_store` [ RunTime:0.0156s ]
SQL: SHOW COLUMNS FROM `tp_user_point_audit` [ RunTime:0.0156s ]
SQL: SELECT user_point.id AS id,user_point.type AS type,user_point.point AS point,user_point.userid AS userid,user_point.descr AS descr,user_point.attach AS attach,user_point.createdate AS createdate,user.phone AS user_phone,user.point AS user_point,user.descr AS user_descr,level.id AS user_level_id,level.name AS user_level_name,admin.id AS manager_id,admin.realname AS manager_realname,admin.phone AS manager_phone,store.id AS store_id,store.name AS store_name,store.address AS store_address FROM tp_user_point user_point LEFT JOIN tp_user user ON user_point.userid = user.id LEFT JOIN tp_level level ON user.level = level.id LEFT JOIN tp_admin admin ON admin.id = user_point.manager LEFT JOIN tp_store store ON admin.storeid = store.id LEFT JOIN tp_user_point_audit user_point_audit ON user_point_audit.pointid = user_point.id WHERE user_point.status = 1 AND user_point.userid = '6' AND user_point.point > 0 ORDER BY user_point.createdate desc  [ RunTime:0.0000s ]
SQL: SELECT user_point.id AS id,user_point.type AS type,user_point.point AS point,user_point.userid AS userid,user_point.descr AS descr,user_point.attach AS attach,user_point.createdate AS createdate,user.phone AS user_phone,user.point AS user_point,user.descr AS user_descr,level.id AS user_level_id,level.name AS user_level_name,admin.id AS manager_id,admin.realname AS manager_realname,admin.phone AS manager_phone,store.id AS store_id,store.name AS store_name,store.address AS store_address FROM tp_user_point user_point LEFT JOIN tp_user user ON user_point.userid = user.id LEFT JOIN tp_level level ON user.level = level.id LEFT JOIN tp_admin admin ON admin.id = user_point.manager LEFT JOIN tp_store store ON admin.storeid = store.id LEFT JOIN tp_user_point_audit user_point_audit ON user_point_audit.pointid = user_point.id WHERE user_point.status = 1 AND user_point.userid = '6' AND user_point.point < 0 ORDER BY user_point.createdate desc  [ RunTime:0.0000s ]
INFO: [ view_parse ] --START--
INFO: [ template_filter ] --START--
INFO: Run Behavior\ContentReplaceBehavior [ RunTime:0.000000s ]
INFO: [ template_filter ] --END-- [ RunTime:0.000000s ]
INFO: Run Behavior\ParseTemplateBehavior [ RunTime:0.046875s ]
INFO: [ view_parse ] --END-- [ RunTime:0.046875s ]
INFO: [ view_filter ] --START--
INFO: Run Behavior\WriteHtmlCacheBehavior [ RunTime:0.000000s ]
INFO: [ view_filter ] --END-- [ RunTime:0.000000s ]
INFO: [ app_end ] --START--
INFO: Run Behavior\ShowPageTraceBehavior [ RunTime:0.000000s ]
INFO: [ app_end ] --END-- [ RunTime:0.000000s ]

[ 2015-11-15T19:25:06+08:00 ] 171.217.60.70 /wechat/home?code=021123a1643955f5441532610cdebd48&state=1
INFO: [ app_init ] --START--
INFO: Run Behavior\BuildLiteBehavior [ RunTime:0.000000s ]
INFO: [ app_init ] --END-- [ RunTime:0.000000s ]
INFO: [ app_begin ] --START--
INFO: Run Behavior\ReadHtmlCacheBehavior [ RunTime:0.000000s ]
INFO: [ app_begin ] --END-- [ RunTime:0.000000s ]
SQL: SHOW COLUMNS FROM `tp_user` [ RunTime:0.0000s ]
SQL: SHOW COLUMNS FROM `tp_user_point` [ RunTime:0.0313s ]
SQL: SHOW COLUMNS FROM `tp_user_point_audit` [ RunTime:0.0000s ]
SQL: SHOW COLUMNS FROM `tp_activity` [ RunTime:0.0156s ]
SQL: SELECT SUM(point) AS tp_sum FROM `tp_user_point` WHERE `userid` = 6 AND `status` = 1 AND ( `createdate` > '2015-11-15 00:00:00' AND `createdate` < '2015-11-15 19:25:06'  ) LIMIT 1   [ RunTime:0.0000s ]
SQL: SHOW COLUMNS FROM `tp_activity` [ RunTime:0.0156s ]
SQL: SHOW COLUMNS FROM `tp_store` [ RunTime:0.0000s ]
SQL: SHOW COLUMNS FROM `tp_admin` [ RunTime:0.0156s ]
SQL: SELECT activity.id AS id,activity.name AS name,activity.point AS point,activity.createdate AS createdate,activity.startdate AS startdate,activity.enddate AS enddate,activity.descr AS descr,activity.istop AS istop,activity.pic AS pic,activity.storeid AS storeid,store.name AS store_name,store.phone AS store_phone,store.address AS store_address,admin.id AS store_admin_id,admin.realname AS store_admin_realname,admin.phone AS store_admin_phone,admin.lastlogin AS store_admin_lastlogin FROM tp_activity activity LEFT JOIN tp_store store ON activity.storeid = store.id LEFT JOIN tp_admin admin ON store.adminid = admin.id WHERE activity.startdate < '2015-11-15 19:25:06' AND activity.enddate > '2015-11-15 19:25:06' ORDER BY activity.istop desc,activity.createdate desc  [ RunTime:0.0000s ]
INFO: [ view_parse ] --START--
INFO: [ template_filter ] --START--
INFO: Run Behavior\ContentReplaceBehavior [ RunTime:0.000000s ]
INFO: [ template_filter ] --END-- [ RunTime:0.000000s ]
INFO: Run Behavior\ParseTemplateBehavior [ RunTime:0.046875s ]
INFO: [ view_parse ] --END-- [ RunTime:0.046875s ]
INFO: [ view_filter ] --START--
INFO: Run Behavior\WriteHtmlCacheBehavior [ RunTime:0.000000s ]
INFO: [ view_filter ] --END-- [ RunTime:0.000000s ]
INFO: [ app_end ] --START--
INFO: Run Behavior\ShowPageTraceBehavior [ RunTime:0.015625s ]
INFO: [ app_end ] --END-- [ RunTime:0.015625s ]

[ 2015-11-15T19:25:08+08:00 ] 171.217.60.70 /wechat/Home/activity/index.html
INFO: [ app_init ] --START--
INFO: Run Behavior\BuildLiteBehavior [ RunTime:0.000000s ]
INFO: [ app_init ] --END-- [ RunTime:0.015625s ]
INFO: [ app_begin ] --START--
INFO: Run Behavior\ReadHtmlCacheBehavior [ RunTime:0.000000s ]
INFO: [ app_begin ] --END-- [ RunTime:0.000000s ]
SQL: SHOW COLUMNS FROM `tp_user` [ RunTime:0.0000s ]
SQL: SHOW COLUMNS FROM `tp_user_point` [ RunTime:0.0156s ]
SQL: SHOW COLUMNS FROM `tp_user_point_audit` [ RunTime:0.0156s ]
SQL: SHOW COLUMNS FROM `tp_activity` [ RunTime:0.0156s ]
SQL: SHOW COLUMNS FROM `tp_activity` [ RunTime:0.0000s ]
SQL: SHOW COLUMNS FROM `tp_store` [ RunTime:0.0000s ]
SQL: SHOW COLUMNS FROM `tp_admin` [ RunTime:0.0000s ]
SQL: SELECT activity.id AS id,activity.name AS name,activity.point AS point,activity.createdate AS createdate,activity.startdate AS startdate,activity.enddate AS enddate,activity.descr AS descr,activity.istop AS istop,activity.pic AS pic,activity.storeid AS storeid,store.name AS store_name,store.phone AS store_phone,store.address AS store_address,admin.id AS store_admin_id,admin.realname AS store_admin_realname,admin.phone AS store_admin_phone,admin.lastlogin AS store_admin_lastlogin FROM tp_activity activity LEFT JOIN tp_store store ON activity.storeid = store.id LEFT JOIN tp_admin admin ON store.adminid = admin.id WHERE activity.startdate < '2015-11-15 19:25:08' AND activity.enddate > '2015-11-15 19:25:08' ORDER BY activity.istop desc,activity.createdate desc  [ RunTime:0.0000s ]
INFO: [ view_parse ] --START--
INFO: [ template_filter ] --START--
INFO: Run Behavior\ContentReplaceBehavior [ RunTime:0.000000s ]
INFO: [ template_filter ] --END-- [ RunTime:0.000000s ]
INFO: Run Behavior\ParseTemplateBehavior [ RunTime:0.046875s ]
INFO: [ view_parse ] --END-- [ RunTime:0.046875s ]
INFO: [ view_filter ] --START--
INFO: Run Behavior\WriteHtmlCacheBehavior [ RunTime:0.000000s ]
INFO: [ view_filter ] --END-- [ RunTime:0.000000s ]
INFO: [ app_end ] --START--
INFO: Run Behavior\ShowPageTraceBehavior [ RunTime:0.000000s ]
INFO: [ app_end ] --END-- [ RunTime:0.000000s ]

[ 2015-11-15T19:25:11+08:00 ] 171.217.60.70 /wechat/Home/activity/detail.html?id=2
INFO: [ app_init ] --START--
INFO: Run Behavior\BuildLiteBehavior [ RunTime:0.000000s ]
INFO: [ app_init ] --END-- [ RunTime:0.000000s ]
INFO: [ app_begin ] --START--
INFO: Run Behavior\ReadHtmlCacheBehavior [ RunTime:0.000000s ]
INFO: [ app_begin ] --END-- [ RunTime:0.000000s ]
SQL: SHOW COLUMNS FROM `tp_user` [ RunTime:0.0000s ]
SQL: SHOW COLUMNS FROM `tp_user_point` [ RunTime:0.0000s ]
SQL: SHOW COLUMNS FROM `tp_user_point_audit` [ RunTime:0.0000s ]
SQL: SHOW COLUMNS FROM `tp_activity` [ RunTime:0.0000s ]
SQL: SHOW COLUMNS FROM `tp_activity` [ RunTime:0.0000s ]
SQL: SHOW COLUMNS FROM `tp_store` [ RunTime:0.0156s ]
SQL: SHOW COLUMNS FROM `tp_admin` [ RunTime:0.0000s ]
SQL: SELECT activity.id AS id,activity.name AS name,activity.point AS point,activity.createdate AS createdate,activity.startdate AS startdate,activity.enddate AS enddate,activity.descr AS descr,activity.content AS content,activity.pic AS pic,activity.istop AS istop,activity.storeid AS storeid,store.name AS store_name,store.phone AS store_phone,store.address AS store_address,admin.id AS store_admin_id,admin.realname AS store_admin_realname,admin.phone AS store_admin_phone,admin.lastlogin AS store_admin_lastlogin FROM tp_activity activity LEFT JOIN tp_store store ON activity.storeid = store.id LEFT JOIN tp_admin admin ON store.adminid = admin.id WHERE activity.id = '2' LIMIT 1   [ RunTime:0.0156s ]
INFO: [ view_parse ] --START--
INFO: [ template_filter ] --START--
INFO: Run Behavior\ContentReplaceBehavior [ RunTime:0.000000s ]
INFO: [ template_filter ] --END-- [ RunTime:0.000000s ]
INFO: Run Behavior\ParseTemplateBehavior [ RunTime:0.046875s ]
INFO: [ view_parse ] --END-- [ RunTime:0.046875s ]
INFO: [ view_filter ] --START--
INFO: Run Behavior\WriteHtmlCacheBehavior [ RunTime:0.000000s ]
INFO: [ view_filter ] --END-- [ RunTime:0.000000s ]
INFO: [ app_end ] --START--
INFO: Run Behavior\ShowPageTraceBehavior [ RunTime:0.000000s ]
INFO: [ app_end ] --END-- [ RunTime:0.000000s ]

[ 2015-11-15T19:25:15+08:00 ] 171.217.60.70 /wechat/Home/activity/index.html
INFO: [ app_init ] --START--
INFO: Run Behavior\BuildLiteBehavior [ RunTime:0.000000s ]
INFO: [ app_init ] --END-- [ RunTime:0.000000s ]
INFO: [ app_begin ] --START--
INFO: Run Behavior\ReadHtmlCacheBehavior [ RunTime:0.000000s ]
INFO: [ app_begin ] --END-- [ RunTime:0.000000s ]
SQL: SHOW COLUMNS FROM `tp_user` [ RunTime:0.0000s ]
SQL: SHOW COLUMNS FROM `tp_user_point` [ RunTime:0.0156s ]
SQL: SHOW COLUMNS FROM `tp_user_point_audit` [ RunTime:0.0000s ]
SQL: SHOW COLUMNS FROM `tp_activity` [ RunTime:0.0000s ]
SQL: SHOW COLUMNS FROM `tp_activity` [ RunTime:0.0313s ]
SQL: SHOW COLUMNS FROM `tp_store` [ RunTime:0.0000s ]
SQL: SHOW COLUMNS FROM `tp_admin` [ RunTime:0.0313s ]
SQL: SELECT activity.id AS id,activity.name AS name,activity.point AS point,activity.createdate AS createdate,activity.startdate AS startdate,activity.enddate AS enddate,activity.descr AS descr,activity.istop AS istop,activity.pic AS pic,activity.storeid AS storeid,store.name AS store_name,store.phone AS store_phone,store.address AS store_address,admin.id AS store_admin_id,admin.realname AS store_admin_realname,admin.phone AS store_admin_phone,admin.lastlogin AS store_admin_lastlogin FROM tp_activity activity LEFT JOIN tp_store store ON activity.storeid = store.id LEFT JOIN tp_admin admin ON store.adminid = admin.id WHERE activity.startdate < '2015-11-15 19:25:15' AND activity.enddate > '2015-11-15 19:25:15' ORDER BY activity.istop desc,activity.createdate desc  [ RunTime:0.0000s ]
INFO: [ view_parse ] --START--
INFO: [ template_filter ] --START--
INFO: Run Behavior\ContentReplaceBehavior [ RunTime:0.000000s ]
INFO: [ template_filter ] --END-- [ RunTime:0.000000s ]
INFO: Run Behavior\ParseTemplateBehavior [ RunTime:0.062500s ]
INFO: [ view_parse ] --END-- [ RunTime:0.062500s ]
INFO: [ view_filter ] --START--
INFO: Run Behavior\WriteHtmlCacheBehavior [ RunTime:0.015625s ]
INFO: [ view_filter ] --END-- [ RunTime:0.015625s ]
INFO: [ app_end ] --START--
INFO: Run Behavior\ShowPageTraceBehavior [ RunTime:0.000000s ]
INFO: [ app_end ] --END-- [ RunTime:0.000000s ]

[ 2015-11-15T19:25:16+08:00 ] 171.217.60.70 /wechat/Home/activity/detail.html?id=1
INFO: [ app_init ] --START--
INFO: Run Behavior\BuildLiteBehavior [ RunTime:0.000000s ]
INFO: [ app_init ] --END-- [ RunTime:0.000000s ]
INFO: [ app_begin ] --START--
INFO: Run Behavior\ReadHtmlCacheBehavior [ RunTime:0.000000s ]
INFO: [ app_begin ] --END-- [ RunTime:0.000000s ]
SQL: SHOW COLUMNS FROM `tp_user` [ RunTime:0.0156s ]
SQL: SHOW COLUMNS FROM `tp_user_point` [ RunTime:0.0000s ]
SQL: SHOW COLUMNS FROM `tp_user_point_audit` [ RunTime:0.0156s ]
SQL: SHOW COLUMNS FROM `tp_activity` [ RunTime:0.0156s ]
SQL: SHOW COLUMNS FROM `tp_activity` [ RunTime:0.0156s ]
SQL: SHOW COLUMNS FROM `tp_store` [ RunTime:0.0156s ]
SQL: SHOW COLUMNS FROM `tp_admin` [ RunTime:0.0156s ]
SQL: SELECT activity.id AS id,activity.name AS name,activity.point AS point,activity.createdate AS createdate,activity.startdate AS startdate,activity.enddate AS enddate,activity.descr AS descr,activity.content AS content,activity.pic AS pic,activity.istop AS istop,activity.storeid AS storeid,store.name AS store_name,store.phone AS store_phone,store.address AS store_address,admin.id AS store_admin_id,admin.realname AS store_admin_realname,admin.phone AS store_admin_phone,admin.lastlogin AS store_admin_lastlogin FROM tp_activity activity LEFT JOIN tp_store store ON activity.storeid = store.id LEFT JOIN tp_admin admin ON store.adminid = admin.id WHERE activity.id = '1' LIMIT 1   [ RunTime:0.0000s ]
INFO: [ view_parse ] --START--
INFO: [ template_filter ] --START--
INFO: Run Behavior\ContentReplaceBehavior [ RunTime:0.000000s ]
INFO: [ template_filter ] --END-- [ RunTime:0.000000s ]
INFO: Run Behavior\ParseTemplateBehavior [ RunTime:0.031250s ]
INFO: [ view_parse ] --END-- [ RunTime:0.031250s ]
INFO: [ view_filter ] --START--
INFO: Run Behavior\WriteHtmlCacheBehavior [ RunTime:0.000000s ]
INFO: [ view_filter ] --END-- [ RunTime:0.000000s ]
INFO: [ app_end ] --START--
INFO: Run Behavior\ShowPageTraceBehavior [ RunTime:0.000000s ]
INFO: [ app_end ] --END-- [ RunTime:0.000000s ]

[ 2015-11-15T19:25:20+08:00 ] 171.217.60.70 /wechat/Home/activity/index.html
INFO: [ app_init ] --START--
INFO: Run Behavior\BuildLiteBehavior [ RunTime:0.000000s ]
INFO: [ app_init ] --END-- [ RunTime:0.015625s ]
INFO: [ app_begin ] --START--
INFO: Run Behavior\ReadHtmlCacheBehavior [ RunTime:0.000000s ]
INFO: [ app_begin ] --END-- [ RunTime:0.000000s ]
SQL: SHOW COLUMNS FROM `tp_user` [ RunTime:0.0000s ]
SQL: SHOW COLUMNS FROM `tp_user_point` [ RunTime:0.0156s ]
SQL: SHOW COLUMNS FROM `tp_user_point_audit` [ RunTime:0.0156s ]
SQL: SHOW COLUMNS FROM `tp_activity` [ RunTime:0.0000s ]
SQL: SHOW COLUMNS FROM `tp_activity` [ RunTime:0.0000s ]
SQL: SHOW COLUMNS FROM `tp_store` [ RunTime:0.0156s ]
SQL: SHOW COLUMNS FROM `tp_admin` [ RunTime:0.0156s ]
SQL: SELECT activity.id AS id,activity.name AS name,activity.point AS point,activity.createdate AS createdate,activity.startdate AS startdate,activity.enddate AS enddate,activity.descr AS descr,activity.istop AS istop,activity.pic AS pic,activity.storeid AS storeid,store.name AS store_name,store.phone AS store_phone,store.address AS store_address,admin.id AS store_admin_id,admin.realname AS store_admin_realname,admin.phone AS store_admin_phone,admin.lastlogin AS store_admin_lastlogin FROM tp_activity activity LEFT JOIN tp_store store ON activity.storeid = store.id LEFT JOIN tp_admin admin ON store.adminid = admin.id WHERE activity.startdate < '2015-11-15 19:25:19' AND activity.enddate > '2015-11-15 19:25:19' ORDER BY activity.istop desc,activity.createdate desc  [ RunTime:0.0000s ]
INFO: [ view_parse ] --START--
INFO: [ template_filter ] --START--
INFO: Run Behavior\ContentReplaceBehavior [ RunTime:0.000000s ]
INFO: [ template_filter ] --END-- [ RunTime:0.000000s ]
INFO: Run Behavior\ParseTemplateBehavior [ RunTime:0.078125s ]
INFO: [ view_parse ] --END-- [ RunTime:0.078125s ]
INFO: [ view_filter ] --START--
INFO: Run Behavior\WriteHtmlCacheBehavior [ RunTime:0.000000s ]
INFO: [ view_filter ] --END-- [ RunTime:0.000000s ]
INFO: [ app_end ] --START--
INFO: Run Behavior\ShowPageTraceBehavior [ RunTime:0.000000s ]
INFO: [ app_end ] --END-- [ RunTime:0.000000s ]

[ 2015-11-15T19:25:21+08:00 ] 171.217.60.70 /wechat/home?code=021123a1643955f5441532610cdebd48&state=1
INFO: [ app_init ] --START--
INFO: Run Behavior\BuildLiteBehavior [ RunTime:0.000000s ]
INFO: [ app_init ] --END-- [ RunTime:0.015625s ]
INFO: [ app_begin ] --START--
INFO: Run Behavior\ReadHtmlCacheBehavior [ RunTime:0.015625s ]
INFO: [ app_begin ] --END-- [ RunTime:0.015625s ]
SQL: SHOW COLUMNS FROM `tp_user` [ RunTime:0.0156s ]
SQL: SHOW COLUMNS FROM `tp_user_point` [ RunTime:0.0000s ]
SQL: SHOW COLUMNS FROM `tp_user_point_audit` [ RunTime:0.0156s ]
SQL: SHOW COLUMNS FROM `tp_activity` [ RunTime:0.0000s ]
SQL: SELECT SUM(point) AS tp_sum FROM `tp_user_point` WHERE `userid` = 6 AND `status` = 1 AND ( `createdate` > '2015-11-15 00:00:00' AND `createdate` < '2015-11-15 19:25:21'  ) LIMIT 1   [ RunTime:0.0000s ]
SQL: SHOW COLUMNS FROM `tp_activity` [ RunTime:0.0156s ]
SQL: SHOW COLUMNS FROM `tp_store` [ RunTime:0.0156s ]
SQL: SHOW COLUMNS FROM `tp_admin` [ RunTime:0.0000s ]
SQL: SELECT activity.id AS id,activity.name AS name,activity.point AS point,activity.createdate AS createdate,activity.startdate AS startdate,activity.enddate AS enddate,activity.descr AS descr,activity.istop AS istop,activity.pic AS pic,activity.storeid AS storeid,store.name AS store_name,store.phone AS store_phone,store.address AS store_address,admin.id AS store_admin_id,admin.realname AS store_admin_realname,admin.phone AS store_admin_phone,admin.lastlogin AS store_admin_lastlogin FROM tp_activity activity LEFT JOIN tp_store store ON activity.storeid = store.id LEFT JOIN tp_admin admin ON store.adminid = admin.id WHERE activity.startdate < '2015-11-15 19:25:21' AND activity.enddate > '2015-11-15 19:25:21' ORDER BY activity.istop desc,activity.createdate desc  [ RunTime:0.0000s ]
INFO: [ view_parse ] --START--
INFO: [ template_filter ] --START--
INFO: Run Behavior\ContentReplaceBehavior [ RunTime:0.000000s ]
INFO: [ template_filter ] --END-- [ RunTime:0.000000s ]
INFO: Run Behavior\ParseTemplateBehavior [ RunTime:0.078125s ]
INFO: [ view_parse ] --END-- [ RunTime:0.078125s ]
INFO: [ view_filter ] --START--
INFO: Run Behavior\WriteHtmlCacheBehavior [ RunTime:0.000000s ]
INFO: [ view_filter ] --END-- [ RunTime:0.000000s ]
INFO: [ app_end ] --START--
INFO: Run Behavior\ShowPageTraceBehavior [ RunTime:0.000000s ]
INFO: [ app_end ] --END-- [ RunTime:0.000000s ]

[ 2015-11-15T19:25:24+08:00 ] 171.217.60.70 /wechat/Home/level/index.html
INFO: [ app_init ] --START--
INFO: Run Behavior\BuildLiteBehavior [ RunTime:0.000000s ]
INFO: [ app_init ] --END-- [ RunTime:0.000000s ]
INFO: [ app_begin ] --START--
INFO: Run Behavior\ReadHtmlCacheBehavior [ RunTime:0.000000s ]
INFO: [ app_begin ] --END-- [ RunTime:0.000000s ]
SQL: SHOW COLUMNS FROM `tp_user` [ RunTime:0.0156s ]
SQL: SHOW COLUMNS FROM `tp_user_point` [ RunTime:0.0000s ]
SQL: SHOW COLUMNS FROM `tp_user_point_audit` [ RunTime:0.0156s ]
SQL: SHOW COLUMNS FROM `tp_level` [ RunTime:0.0000s ]
SQL: SHOW COLUMNS FROM `tp_level` [ RunTime:0.0156s ]
SQL: SHOW COLUMNS FROM `tp_user` [ RunTime:0.0000s ]
SQL: SELECT level.id AS id,level.name AS name,level.pic AS pic,level.descr AS descr,level.point_begin AS point_begin,level.point_end AS point_end,COUNT(user.id) AS user_count FROM tp_level level LEFT JOIN tp_user user ON level.id = user.level WHERE `deleted` = 0 GROUP BY level.id ORDER BY level.point_end desc  [ RunTime:0.0000s ]
INFO: [ view_parse ] --START--
INFO: [ template_filter ] --START--
INFO: Run Behavior\ContentReplaceBehavior [ RunTime:0.000000s ]
INFO: [ template_filter ] --END-- [ RunTime:0.000000s ]
INFO: Run Behavior\ParseTemplateBehavior [ RunTime:0.046875s ]
INFO: [ view_parse ] --END-- [ RunTime:0.046875s ]
INFO: [ view_filter ] --START--
INFO: Run Behavior\WriteHtmlCacheBehavior [ RunTime:0.000000s ]
INFO: [ view_filter ] --END-- [ RunTime:0.000000s ]
INFO: [ app_end ] --START--
INFO: Run Behavior\ShowPageTraceBehavior [ RunTime:0.000000s ]
INFO: [ app_end ] --END-- [ RunTime:0.000000s ]

[ 2015-11-15T19:25:28+08:00 ] 171.217.60.70 /wechat/home?code=021123a1643955f5441532610cdebd48&state=1
INFO: [ app_init ] --START--
INFO: Run Behavior\BuildLiteBehavior [ RunTime:0.000000s ]
INFO: [ app_init ] --END-- [ RunTime:0.000000s ]
INFO: [ app_begin ] --START--
INFO: Run Behavior\ReadHtmlCacheBehavior [ RunTime:0.000000s ]
INFO: [ app_begin ] --END-- [ RunTime:0.000000s ]
SQL: SHOW COLUMNS FROM `tp_user` [ RunTime:0.0000s ]
SQL: SHOW COLUMNS FROM `tp_user_point` [ RunTime:0.0000s ]
SQL: SHOW COLUMNS FROM `tp_user_point_audit` [ RunTime:0.0156s ]
SQL: SHOW COLUMNS FROM `tp_activity` [ RunTime:0.0156s ]
SQL: SELECT SUM(point) AS tp_sum FROM `tp_user_point` WHERE `userid` = 6 AND `status` = 1 AND ( `createdate` > '2015-11-15 00:00:00' AND `createdate` < '2015-11-15 19:25:27'  ) LIMIT 1   [ RunTime:0.0000s ]
SQL: SHOW COLUMNS FROM `tp_activity` [ RunTime:0.0156s ]
SQL: SHOW COLUMNS FROM `tp_store` [ RunTime:0.0000s ]
SQL: SHOW COLUMNS FROM `tp_admin` [ RunTime:0.0000s ]
SQL: SELECT activity.id AS id,activity.name AS name,activity.point AS point,activity.createdate AS createdate,activity.startdate AS startdate,activity.enddate AS enddate,activity.descr AS descr,activity.istop AS istop,activity.pic AS pic,activity.storeid AS storeid,store.name AS store_name,store.phone AS store_phone,store.address AS store_address,admin.id AS store_admin_id,admin.realname AS store_admin_realname,admin.phone AS store_admin_phone,admin.lastlogin AS store_admin_lastlogin FROM tp_activity activity LEFT JOIN tp_store store ON activity.storeid = store.id LEFT JOIN tp_admin admin ON store.adminid = admin.id WHERE activity.startdate < '2015-11-15 19:25:27' AND activity.enddate > '2015-11-15 19:25:27' ORDER BY activity.istop desc,activity.createdate desc  [ RunTime:0.0156s ]
INFO: [ view_parse ] --START--
INFO: [ template_filter ] --START--
INFO: Run Behavior\ContentReplaceBehavior [ RunTime:0.000000s ]
INFO: [ template_filter ] --END-- [ RunTime:0.000000s ]
INFO: Run Behavior\ParseTemplateBehavior [ RunTime:0.078125s ]
INFO: [ view_parse ] --END-- [ RunTime:0.078125s ]
INFO: [ view_filter ] --START--
INFO: Run Behavior\WriteHtmlCacheBehavior [ RunTime:0.015625s ]
INFO: [ view_filter ] --END-- [ RunTime:0.015625s ]
INFO: [ app_end ] --START--
INFO: Run Behavior\ShowPageTraceBehavior [ RunTime:0.000000s ]
INFO: [ app_end ] --END-- [ RunTime:0.000000s ]

[ 2015-11-15T19:25:57+08:00 ] 171.217.60.70 /wechat/home/account/index.html
INFO: [ app_init ] --START--
INFO: Run Behavior\BuildLiteBehavior [ RunTime:0.000000s ]
INFO: [ app_init ] --END-- [ RunTime:0.000000s ]
INFO: [ app_begin ] --START--
INFO: Run Behavior\ReadHtmlCacheBehavior [ RunTime:0.000000s ]
INFO: [ app_begin ] --END-- [ RunTime:0.000000s ]
SQL: SHOW COLUMNS FROM `tp_user` [ RunTime:0.0156s ]
SQL: SHOW COLUMNS FROM `tp_user_point` [ RunTime:0.0000s ]
SQL: SHOW COLUMNS FROM `tp_user_point_audit` [ RunTime:0.0000s ]
INFO: [ view_parse ] --START--
INFO: [ template_filter ] --START--
INFO: Run Behavior\ContentReplaceBehavior [ RunTime:0.000000s ]
INFO: [ template_filter ] --END-- [ RunTime:0.000000s ]
INFO: Run Behavior\ParseTemplateBehavior [ RunTime:0.046875s ]
INFO: [ view_parse ] --END-- [ RunTime:0.046875s ]
INFO: [ view_filter ] --START--
INFO: Run Behavior\WriteHtmlCacheBehavior [ RunTime:0.000000s ]
INFO: [ view_filter ] --END-- [ RunTime:0.000000s ]
INFO: [ app_end ] --START--
INFO: Run Behavior\ShowPageTraceBehavior [ RunTime:0.015625s ]
INFO: [ app_end ] --END-- [ RunTime:0.015625s ]

[ 2015-11-15T19:31:15+08:00 ] 103.7.30.71 /wechat/home/wechat?signature=f50d0546e37612233d756c33ada4fc046f3e12b9&timestamp=1447587020&nonce=227077839
INFO: [ app_init ] --START--
INFO: Run Behavior\BuildLiteBehavior [ RunTime:0.000000s ]
INFO: [ app_init ] --END-- [ RunTime:0.000000s ]
INFO: [ app_begin ] --START--
INFO: Run Behavior\ReadHtmlCacheBehavior [ RunTime:0.000000s ]
INFO: [ app_begin ] --END-- [ RunTime:0.000000s ]
NOTIC: [8] Use of undefined constant self - assumed 'self' D:\website\wechat\ThinkPHP\Library\Org\Tencent\WeChat.class.php 第 73 行.

[ 2015-11-15T19:31:19+08:00 ] 103.7.30.71 /wechat/home/wechat?signature=20abdd526b7bbeba498600c257dcd15921a9c22a&timestamp=1447587024&nonce=1520726412
INFO: [ app_init ] --START--
INFO: Run Behavior\BuildLiteBehavior [ RunTime:0.000000s ]
INFO: [ app_init ] --END-- [ RunTime:0.015625s ]
INFO: [ app_begin ] --START--
INFO: Run Behavior\ReadHtmlCacheBehavior [ RunTime:0.015625s ]
INFO: [ app_begin ] --END-- [ RunTime:0.015625s ]
INFO: [ app_end ] --START--
INFO: Run Behavior\ShowPageTraceBehavior [ RunTime:0.000000s ]
INFO: [ app_end ] --END-- [ RunTime:0.000000s ]

[ 2015-11-15T19:31:20+08:00 ] 171.217.60.70 /wechat/home
INFO: [ app_init ] --START--
INFO: Run Behavior\BuildLiteBehavior [ RunTime:0.000000s ]
INFO: [ app_init ] --END-- [ RunTime:0.000000s ]
INFO: [ app_begin ] --START--
INFO: Run Behavior\ReadHtmlCacheBehavior [ RunTime:0.000000s ]
INFO: [ app_begin ] --END-- [ RunTime:0.000000s ]
SQL: SHOW COLUMNS FROM `tp_user` [ RunTime:0.0156s ]
SQL: SHOW COLUMNS FROM `tp_user_point` [ RunTime:0.0000s ]
SQL: SHOW COLUMNS FROM `tp_user_point_audit` [ RunTime:0.0156s ]

[ 2015-11-15T19:31:20+08:00 ] 171.217.60.70 /wechat/home?code=00192e973bb1f9b625c8593b9a40da78&state=1
INFO: [ app_init ] --START--
INFO: Run Behavior\BuildLiteBehavior [ RunTime:0.000000s ]
INFO: [ app_init ] --END-- [ RunTime:0.000000s ]
INFO: [ app_begin ] --START--
INFO: Run Behavior\ReadHtmlCacheBehavior [ RunTime:0.000000s ]
INFO: [ app_begin ] --END-- [ RunTime:0.000000s ]
SQL: SHOW COLUMNS FROM `tp_user` [ RunTime:0.0156s ]
SQL: SHOW COLUMNS FROM `tp_user_point` [ RunTime:0.0000s ]
SQL: SHOW COLUMNS FROM `tp_user_point_audit` [ RunTime:0.0000s ]
SQL: SHOW COLUMNS FROM `tp_user` [ RunTime:0.0000s ]
SQL: SHOW COLUMNS FROM `tp_level` [ RunTime:0.0000s ]
SQL: SELECT user.id AS id,user.phone AS phone,user.avatar AS avatar,user.point AS point,user.name AS name,user.createdate AS createdate,user.lastlogin AS lastlogin,user.descr AS descr,user.useragent AS useragent,user.openid AS openid,level.id AS level_id,level.name AS level_name FROM tp_user user LEFT JOIN tp_level level ON user.level = level.id WHERE user.openid = 'oqVJowBH4WI-a3vXCjs9yaX65HOg' LIMIT 1   [ RunTime:0.0000s ]
ERR: 0

[ 2015-11-15T19:31:21+08:00 ] 171.217.60.70 /wechat/home/account/index.html
INFO: [ app_init ] --START--
INFO: Run Behavior\BuildLiteBehavior [ RunTime:0.000000s ]
INFO: [ app_init ] --END-- [ RunTime:0.000000s ]
INFO: [ app_begin ] --START--
INFO: Run Behavior\ReadHtmlCacheBehavior [ RunTime:0.000000s ]
INFO: [ app_begin ] --END-- [ RunTime:0.000000s ]
SQL: SHOW COLUMNS FROM `tp_user` [ RunTime:0.0156s ]
SQL: SHOW COLUMNS FROM `tp_user_point` [ RunTime:0.0000s ]
SQL: SHOW COLUMNS FROM `tp_user_point_audit` [ RunTime:0.0156s ]
INFO: [ view_parse ] --START--
INFO: [ template_filter ] --START--
INFO: Run Behavior\ContentReplaceBehavior [ RunTime:0.000000s ]
INFO: [ template_filter ] --END-- [ RunTime:0.000000s ]
INFO: Run Behavior\ParseTemplateBehavior [ RunTime:0.031250s ]
INFO: [ view_parse ] --END-- [ RunTime:0.031250s ]
INFO: [ view_filter ] --START--
INFO: Run Behavior\WriteHtmlCacheBehavior [ RunTime:0.000000s ]
INFO: [ view_filter ] --END-- [ RunTime:0.000000s ]
INFO: [ app_end ] --START--
INFO: Run Behavior\ShowPageTraceBehavior [ RunTime:0.000000s ]
INFO: [ app_end ] --END-- [ RunTime:0.000000s ]

[ 2015-11-15T19:31:39+08:00 ] 171.217.60.70 /wechat/home/account/login
INFO: [ app_init ] --START--
INFO: Run Behavior\BuildLiteBehavior [ RunTime:0.000000s ]
INFO: [ app_init ] --END-- [ RunTime:0.000000s ]
INFO: [ app_begin ] --START--
INFO: Run Behavior\ReadHtmlCacheBehavior [ RunTime:0.015625s ]
INFO: [ app_begin ] --END-- [ RunTime:0.015625s ]
SQL: SHOW COLUMNS FROM `tp_user` [ RunTime:0.0000s ]
SQL: SHOW COLUMNS FROM `tp_user_point` [ RunTime:0.0156s ]
SQL: SHOW COLUMNS FROM `tp_user_point_audit` [ RunTime:0.0000s ]
SQL: INSERT INTO `tp_user` (`phone`,`openid`,`avatar`,`name`,`enabled`,`useragent`,`createdate`,`lastlogin`) VALUES ('15881029673','oqVJowBH4WI-a3vXCjs9yaX65HOg','','','1','15881029673','2015-11-15 19:31:39','2015-11-15 19:31:39') [ RunTime:0.0000s ]
SQL: INSERT INTO `tp_user_point` (`userid`,`point`,`type`,`descr`,`createdate`,`status`) VALUES ('7','100','注册赠送','','2015-11-15 19:31:39','1') [ RunTime:0.0156s ]
SQL: SHOW COLUMNS FROM `tp_user` [ RunTime:0.0000s ]
SQL: SHOW COLUMNS FROM `tp_level` [ RunTime:0.0000s ]
SQL: SELECT user.id AS id,user.phone AS phone,user.avatar AS avatar,user.point AS point,user.name AS name,user.createdate AS createdate,user.lastlogin AS lastlogin,user.descr AS descr,user.useragent AS useragent,user.openid AS openid,level.id AS level_id,level.name AS level_name FROM tp_user user LEFT JOIN tp_level level ON user.level = level.id WHERE user.id = '7' LIMIT 1   [ RunTime:0.0000s ]
SQL: SELECT level.id AS id,level.name AS name,level.pic AS pic,level.descr AS descr,level.point_begin AS point_begin,level.point_end AS point_end,COUNT(user.id) AS user_count FROM tp_level level LEFT JOIN tp_user user ON level.id = user.level WHERE `deleted` = 0 GROUP BY level.id ORDER BY level.point_end desc  [ RunTime:0.0156s ]
NOTIC: [8] Undefined offset: 0 D:\website\wechat\ThinkPHP\Library\Think\Db\Driver.class.php 第 362 行.
SQL: UPDATE `tp_user` SET `point`='100' WHERE `id` = 7 [ RunTime:0.0156s ]

[ 2015-11-15T19:31:40+08:00 ] 171.217.60.70 /wechat/home/index/index.html
INFO: [ app_init ] --START--
INFO: Run Behavior\BuildLiteBehavior [ RunTime:0.000000s ]
INFO: [ app_init ] --END-- [ RunTime:0.000000s ]
INFO: [ app_begin ] --START--
INFO: Run Behavior\ReadHtmlCacheBehavior [ RunTime:0.000000s ]
INFO: [ app_begin ] --END-- [ RunTime:0.000000s ]
SQL: SHOW COLUMNS FROM `tp_user` [ RunTime:0.0000s ]
SQL: SHOW COLUMNS FROM `tp_user_point` [ RunTime:0.0000s ]
SQL: SHOW COLUMNS FROM `tp_user_point_audit` [ RunTime:0.0156s ]

[ 2015-11-15T19:31:41+08:00 ] 171.217.60.70 /wechat/home?code=03195866f0c5488c0162a79318fe403Y&state=1
INFO: [ app_init ] --START--
INFO: Run Behavior\BuildLiteBehavior [ RunTime:0.000000s ]
INFO: [ app_init ] --END-- [ RunTime:0.015625s ]
INFO: [ app_begin ] --START--
INFO: Run Behavior\ReadHtmlCacheBehavior [ RunTime:0.000000s ]
INFO: [ app_begin ] --END-- [ RunTime:0.000000s ]
SQL: SHOW COLUMNS FROM `tp_user` [ RunTime:0.0156s ]
SQL: SHOW COLUMNS FROM `tp_user_point` [ RunTime:0.0000s ]
SQL: SHOW COLUMNS FROM `tp_user_point_audit` [ RunTime:0.0000s ]
SQL: SHOW COLUMNS FROM `tp_user` [ RunTime:0.0156s ]
SQL: SHOW COLUMNS FROM `tp_level` [ RunTime:0.0156s ]
SQL: SELECT user.id AS id,user.phone AS phone,user.avatar AS avatar,user.point AS point,user.name AS name,user.createdate AS createdate,user.lastlogin AS lastlogin,user.descr AS descr,user.useragent AS useragent,user.openid AS openid,level.id AS level_id,level.name AS level_name FROM tp_user user LEFT JOIN tp_level level ON user.level = level.id WHERE user.openid = 'oqVJowBH4WI-a3vXCjs9yaX65HOg' LIMIT 1   [ RunTime:0.0156s ]
ERR: 12
SQL: SHOW COLUMNS FROM `tp_activity` [ RunTime:0.0156s ]
SQL: SELECT SUM(point) AS tp_sum FROM `tp_user_point` WHERE `userid` = 7 AND `status` = 1 AND ( `createdate` > '2015-11-15 00:00:00' AND `createdate` < '2015-11-15 19:31:41'  ) LIMIT 1   [ RunTime:0.0000s ]
SQL: SHOW COLUMNS FROM `tp_activity` [ RunTime:0.0156s ]
SQL: SHOW COLUMNS FROM `tp_store` [ RunTime:0.0000s ]
SQL: SHOW COLUMNS FROM `tp_admin` [ RunTime:0.0156s ]
SQL: SELECT activity.id AS id,activity.name AS name,activity.point AS point,activity.createdate AS createdate,activity.startdate AS startdate,activity.enddate AS enddate,activity.descr AS descr,activity.istop AS istop,activity.pic AS pic,activity.storeid AS storeid,store.name AS store_name,store.phone AS store_phone,store.address AS store_address,admin.id AS store_admin_id,admin.realname AS store_admin_realname,admin.phone AS store_admin_phone,admin.lastlogin AS store_admin_lastlogin FROM tp_activity activity LEFT JOIN tp_store store ON activity.storeid = store.id LEFT JOIN tp_admin admin ON store.adminid = admin.id WHERE activity.startdate < '2015-11-15 19:31:41' AND activity.enddate > '2015-11-15 19:31:41' ORDER BY activity.istop desc,activity.createdate desc  [ RunTime:0.0000s ]
INFO: [ view_parse ] --START--
INFO: [ template_filter ] --START--
INFO: Run Behavior\ContentReplaceBehavior [ RunTime:0.000000s ]
INFO: [ template_filter ] --END-- [ RunTime:0.000000s ]
INFO: Run Behavior\ParseTemplateBehavior [ RunTime:0.062500s ]
INFO: [ view_parse ] --END-- [ RunTime:0.062500s ]
INFO: [ view_filter ] --START--
INFO: Run Behavior\WriteHtmlCacheBehavior [ RunTime:0.000000s ]
INFO: [ view_filter ] --END-- [ RunTime:0.000000s ]
INFO: [ app_end ] --START--
INFO: Run Behavior\ShowPageTraceBehavior [ RunTime:0.015625s ]
INFO: [ app_end ] --END-- [ RunTime:0.015625s ]

[ 2015-11-15T19:32:15+08:00 ] 171.217.60.70 /wechat/home/account/index.html
INFO: [ app_init ] --START--
INFO: Run Behavior\BuildLiteBehavior [ RunTime:0.000000s ]
INFO: [ app_init ] --END-- [ RunTime:0.000000s ]
INFO: [ app_begin ] --START--
INFO: Run Behavior\ReadHtmlCacheBehavior [ RunTime:0.000000s ]
INFO: [ app_begin ] --END-- [ RunTime:0.000000s ]
SQL: SHOW COLUMNS FROM `tp_user` [ RunTime:0.0000s ]
SQL: SHOW COLUMNS FROM `tp_user_point` [ RunTime:0.0156s ]
SQL: SHOW COLUMNS FROM `tp_user_point_audit` [ RunTime:0.0156s ]
INFO: [ view_parse ] --START--
INFO: [ template_filter ] --START--
INFO: Run Behavior\ContentReplaceBehavior [ RunTime:0.000000s ]
INFO: [ template_filter ] --END-- [ RunTime:0.000000s ]
INFO: Run Behavior\ParseTemplateBehavior [ RunTime:0.031250s ]
INFO: [ view_parse ] --END-- [ RunTime:0.031250s ]
INFO: [ view_filter ] --START--
INFO: Run Behavior\WriteHtmlCacheBehavior [ RunTime:0.000000s ]
INFO: [ view_filter ] --END-- [ RunTime:0.000000s ]
INFO: [ app_end ] --START--
INFO: Run Behavior\ShowPageTraceBehavior [ RunTime:0.000000s ]
INFO: [ app_end ] --END-- [ RunTime:0.000000s ]

[ 2015-11-15T19:34:55+08:00 ] 103.7.30.71 /wechat/home/wechat?signature=fa050c3cdd7b39665a03add6a5021bc32b6a22c6&timestamp=1447587239&nonce=86340157
INFO: [ app_init ] --START--
INFO: Run Behavior\BuildLiteBehavior [ RunTime:0.000000s ]
INFO: [ app_init ] --END-- [ RunTime:0.015625s ]
INFO: [ app_begin ] --START--
INFO: Run Behavior\ReadHtmlCacheBehavior [ RunTime:0.015625s ]
INFO: [ app_begin ] --END-- [ RunTime:0.015625s ]
INFO: [ app_end ] --START--
INFO: Run Behavior\ShowPageTraceBehavior [ RunTime:0.000000s ]
INFO: [ app_end ] --END-- [ RunTime:0.000000s ]

[ 2015-11-15T19:34:55+08:00 ] 14.17.34.237 /wechat/home
INFO: [ app_init ] --START--
INFO: Run Behavior\BuildLiteBehavior [ RunTime:0.000000s ]
INFO: [ app_init ] --END-- [ RunTime:0.000000s ]
INFO: [ app_begin ] --START--
INFO: Run Behavior\ReadHtmlCacheBehavior [ RunTime:0.000000s ]
INFO: [ app_begin ] --END-- [ RunTime:0.000000s ]
SQL: SHOW COLUMNS FROM `tp_user` [ RunTime:0.0000s ]
SQL: SHOW COLUMNS FROM `tp_user_point` [ RunTime:0.0000s ]
SQL: SHOW COLUMNS FROM `tp_user_point_audit` [ RunTime:0.0000s ]

[ 2015-11-15T19:34:57+08:00 ] 101.226.33.221 /wechat/home
INFO: [ app_init ] --START--
INFO: Run Behavior\BuildLiteBehavior [ RunTime:0.000000s ]
INFO: [ app_init ] --END-- [ RunTime:0.000000s ]
INFO: [ app_begin ] --START--
INFO: Run Behavior\ReadHtmlCacheBehavior [ RunTime:0.000000s ]
INFO: [ app_begin ] --END-- [ RunTime:0.000000s ]
SQL: SHOW COLUMNS FROM `tp_user` [ RunTime:0.0156s ]
SQL: SHOW COLUMNS FROM `tp_user_point` [ RunTime:0.0156s ]
SQL: SHOW COLUMNS FROM `tp_user_point_audit` [ RunTime:0.0156s ]

[ 2015-11-15T19:34:58+08:00 ] 14.17.34.237 /wechat/home?code=031058017e1985d04c844fcb024399fv&state=1
INFO: [ app_init ] --START--
INFO: Run Behavior\BuildLiteBehavior [ RunTime:0.000000s ]
INFO: [ app_init ] --END-- [ RunTime:0.000000s ]
INFO: [ app_begin ] --START--
INFO: Run Behavior\ReadHtmlCacheBehavior [ RunTime:0.000000s ]
INFO: [ app_begin ] --END-- [ RunTime:0.000000s ]
SQL: SHOW COLUMNS FROM `tp_user` [ RunTime:0.0156s ]
SQL: SHOW COLUMNS FROM `tp_user_point` [ RunTime:0.0000s ]
SQL: SHOW COLUMNS FROM `tp_user_point_audit` [ RunTime:0.0156s ]
SQL: SHOW COLUMNS FROM `tp_user` [ RunTime:0.0156s ]
SQL: SHOW COLUMNS FROM `tp_level` [ RunTime:0.0000s ]
SQL: SELECT user.id AS id,user.phone AS phone,user.avatar AS avatar,user.point AS point,user.name AS name,user.createdate AS createdate,user.lastlogin AS lastlogin,user.descr AS descr,user.useragent AS useragent,user.openid AS openid,level.id AS level_id,level.name AS level_name FROM tp_user user LEFT JOIN tp_level level ON user.level = level.id WHERE user.openid = 'oqVJowPHS9pbfKDkJWT67GJ3E6c4' LIMIT 1   [ RunTime:0.0000s ]
ERR: 0

[ 2015-11-15T19:34:58+08:00 ] 14.17.34.237 /wechat/home/account/index.html
INFO: [ app_init ] --START--
INFO: Run Behavior\BuildLiteBehavior [ RunTime:0.000000s ]
INFO: [ app_init ] --END-- [ RunTime:0.015625s ]
INFO: [ app_begin ] --START--
INFO: Run Behavior\ReadHtmlCacheBehavior [ RunTime:0.000000s ]
INFO: [ app_begin ] --END-- [ RunTime:0.000000s ]
SQL: SHOW COLUMNS FROM `tp_user` [ RunTime:0.0156s ]
SQL: SHOW COLUMNS FROM `tp_user_point` [ RunTime:0.0000s ]
SQL: SHOW COLUMNS FROM `tp_user_point_audit` [ RunTime:0.0000s ]
INFO: [ view_parse ] --START--
INFO: [ template_filter ] --START--
INFO: Run Behavior\ContentReplaceBehavior [ RunTime:0.015625s ]
INFO: [ template_filter ] --END-- [ RunTime:0.015625s ]
INFO: Run Behavior\ParseTemplateBehavior [ RunTime:0.031250s ]
INFO: [ view_parse ] --END-- [ RunTime:0.031250s ]
INFO: [ view_filter ] --START--
INFO: Run Behavior\WriteHtmlCacheBehavior [ RunTime:0.000000s ]
INFO: [ view_filter ] --END-- [ RunTime:0.000000s ]
INFO: [ app_end ] --START--
INFO: Run Behavior\ShowPageTraceBehavior [ RunTime:0.015625s ]
INFO: [ app_end ] --END-- [ RunTime:0.015625s ]

[ 2015-11-15T19:35:12+08:00 ] 14.17.34.237 /wechat/home/account/login
INFO: [ app_init ] --START--
INFO: Run Behavior\BuildLiteBehavior [ RunTime:0.000000s ]
INFO: [ app_init ] --END-- [ RunTime:0.000000s ]
INFO: [ app_begin ] --START--
INFO: Run Behavior\ReadHtmlCacheBehavior [ RunTime:0.000000s ]
INFO: [ app_begin ] --END-- [ RunTime:0.000000s ]
SQL: SHOW COLUMNS FROM `tp_user` [ RunTime:0.0000s ]
SQL: SHOW COLUMNS FROM `tp_user_point` [ RunTime:0.0000s ]
SQL: SHOW COLUMNS FROM `tp_user_point_audit` [ RunTime:0.0000s ]
SQL: INSERT INTO `tp_user` (`phone`,`openid`,`avatar`,`name`,`enabled`,`useragent`,`createdate`,`lastlogin`) VALUES ('13098878628','oqVJowPHS9pbfKDkJWT67GJ3E6c4','','','1','13098878628','2015-11-15 19:35:11','2015-11-15 19:35:11') [ RunTime:0.0156s ]
SQL: INSERT INTO `tp_user_point` (`userid`,`point`,`type`,`descr`,`createdate`,`status`) VALUES ('8','100','注册赠送','','2015-11-15 19:35:11','1') [ RunTime:0.0156s ]
SQL: SHOW COLUMNS FROM `tp_user` [ RunTime:0.0000s ]
SQL: SHOW COLUMNS FROM `tp_level` [ RunTime:0.0156s ]
SQL: SELECT user.id AS id,user.phone AS phone,user.avatar AS avatar,user.point AS point,user.name AS name,user.createdate AS createdate,user.lastlogin AS lastlogin,user.descr AS descr,user.useragent AS useragent,user.openid AS openid,level.id AS level_id,level.name AS level_name FROM tp_user user LEFT JOIN tp_level level ON user.level = level.id WHERE user.id = '8' LIMIT 1   [ RunTime:0.0000s ]
SQL: SELECT level.id AS id,level.name AS name,level.pic AS pic,level.descr AS descr,level.point_begin AS point_begin,level.point_end AS point_end,COUNT(user.id) AS user_count FROM tp_level level LEFT JOIN tp_user user ON level.id = user.level WHERE `deleted` = 0 GROUP BY level.id ORDER BY level.point_end desc  [ RunTime:0.0000s ]
NOTIC: [8] Undefined offset: 0 D:\website\wechat\ThinkPHP\Library\Think\Db\Driver.class.php 第 362 行.
SQL: UPDATE `tp_user` SET `point`='100' WHERE `id` = 8 [ RunTime:0.0000s ]

[ 2015-11-15T19:35:13+08:00 ] 14.17.34.237 /wechat/home/index/index.html
INFO: [ app_init ] --START--
INFO: Run Behavior\BuildLiteBehavior [ RunTime:0.000000s ]
INFO: [ app_init ] --END-- [ RunTime:0.000000s ]
INFO: [ app_begin ] --START--
INFO: Run Behavior\ReadHtmlCacheBehavior [ RunTime:0.000000s ]
INFO: [ app_begin ] --END-- [ RunTime:0.000000s ]
SQL: SHOW COLUMNS FROM `tp_user` [ RunTime:0.0000s ]
SQL: SHOW COLUMNS FROM `tp_user_point` [ RunTime:0.0156s ]
SQL: SHOW COLUMNS FROM `tp_user_point_audit` [ RunTime:0.0156s ]

[ 2015-11-15T19:35:14+08:00 ] 14.17.34.237 /wechat/home?code=001536bde3f05fc2788c529c60b80720&state=1
INFO: [ app_init ] --START--
INFO: Run Behavior\BuildLiteBehavior [ RunTime:0.000000s ]
INFO: [ app_init ] --END-- [ RunTime:0.000000s ]
INFO: [ app_begin ] --START--
INFO: Run Behavior\ReadHtmlCacheBehavior [ RunTime:0.000000s ]
INFO: [ app_begin ] --END-- [ RunTime:0.000000s ]
SQL: SHOW COLUMNS FROM `tp_user` [ RunTime:0.0000s ]
SQL: SHOW COLUMNS FROM `tp_user_point` [ RunTime:0.0156s ]
SQL: SHOW COLUMNS FROM `tp_user_point_audit` [ RunTime:0.0156s ]
SQL: SHOW COLUMNS FROM `tp_user` [ RunTime:0.0156s ]
SQL: SHOW COLUMNS FROM `tp_level` [ RunTime:0.0000s ]
SQL: SELECT user.id AS id,user.phone AS phone,user.avatar AS avatar,user.point AS point,user.name AS name,user.createdate AS createdate,user.lastlogin AS lastlogin,user.descr AS descr,user.useragent AS useragent,user.openid AS openid,level.id AS level_id,level.name AS level_name FROM tp_user user LEFT JOIN tp_level level ON user.level = level.id WHERE user.openid = 'oqVJowPHS9pbfKDkJWT67GJ3E6c4' LIMIT 1   [ RunTime:0.0156s ]
ERR: 12
SQL: SHOW COLUMNS FROM `tp_activity` [ RunTime:0.0156s ]
SQL: SELECT SUM(point) AS tp_sum FROM `tp_user_point` WHERE `userid` = 8 AND `status` = 1 AND ( `createdate` > '2015-11-15 00:00:00' AND `createdate` < '2015-11-15 19:35:14'  ) LIMIT 1   [ RunTime:0.0000s ]
SQL: SHOW COLUMNS FROM `tp_activity` [ RunTime:0.0000s ]
SQL: SHOW COLUMNS FROM `tp_store` [ RunTime:0.0156s ]
SQL: SHOW COLUMNS FROM `tp_admin` [ RunTime:0.0156s ]
SQL: SELECT activity.id AS id,activity.name AS name,activity.point AS point,activity.createdate AS createdate,activity.startdate AS startdate,activity.enddate AS enddate,activity.descr AS descr,activity.istop AS istop,activity.pic AS pic,activity.storeid AS storeid,store.name AS store_name,store.phone AS store_phone,store.address AS store_address,admin.id AS store_admin_id,admin.realname AS store_admin_realname,admin.phone AS store_admin_phone,admin.lastlogin AS store_admin_lastlogin FROM tp_activity activity LEFT JOIN tp_store store ON activity.storeid = store.id LEFT JOIN tp_admin admin ON store.adminid = admin.id WHERE activity.startdate < '2015-11-15 19:35:14' AND activity.enddate > '2015-11-15 19:35:14' ORDER BY activity.istop desc,activity.createdate desc  [ RunTime:0.0000s ]
INFO: [ view_parse ] --START--
INFO: [ template_filter ] --START--
INFO: Run Behavior\ContentReplaceBehavior [ RunTime:0.000000s ]
INFO: [ template_filter ] --END-- [ RunTime:0.000000s ]
INFO: Run Behavior\ParseTemplateBehavior [ RunTime:0.093750s ]
INFO: [ view_parse ] --END-- [ RunTime:0.093750s ]
INFO: [ view_filter ] --START--
INFO: Run Behavior\WriteHtmlCacheBehavior [ RunTime:0.000000s ]
INFO: [ view_filter ] --END-- [ RunTime:0.000000s ]
INFO: [ app_end ] --START--
INFO: Run Behavior\ShowPageTraceBehavior [ RunTime:0.000000s ]
INFO: [ app_end ] --END-- [ RunTime:0.000000s ]

[ 2015-11-15T19:36:14+08:00 ] 14.17.34.237 /wechat/Home/activity/index.html
INFO: [ app_init ] --START--
INFO: Run Behavior\BuildLiteBehavior [ RunTime:0.000000s ]
INFO: [ app_init ] --END-- [ RunTime:0.015625s ]
INFO: [ app_begin ] --START--
INFO: Run Behavior\ReadHtmlCacheBehavior [ RunTime:0.000000s ]
INFO: [ app_begin ] --END-- [ RunTime:0.000000s ]
SQL: SHOW COLUMNS FROM `tp_user` [ RunTime:0.0000s ]
SQL: SHOW COLUMNS FROM `tp_user_point` [ RunTime:0.0156s ]
SQL: SHOW COLUMNS FROM `tp_user_point_audit` [ RunTime:0.0156s ]
SQL: SHOW COLUMNS FROM `tp_activity` [ RunTime:0.0000s ]
SQL: SHOW COLUMNS FROM `tp_activity` [ RunTime:0.0000s ]
SQL: SHOW COLUMNS FROM `tp_store` [ RunTime:0.0000s ]
SQL: SHOW COLUMNS FROM `tp_admin` [ RunTime:0.0156s ]
SQL: SELECT activity.id AS id,activity.name AS name,activity.point AS point,activity.createdate AS createdate,activity.startdate AS startdate,activity.enddate AS enddate,activity.descr AS descr,activity.istop AS istop,activity.pic AS pic,activity.storeid AS storeid,store.name AS store_name,store.phone AS store_phone,store.address AS store_address,admin.id AS store_admin_id,admin.realname AS store_admin_realname,admin.phone AS store_admin_phone,admin.lastlogin AS store_admin_lastlogin FROM tp_activity activity LEFT JOIN tp_store store ON activity.storeid = store.id LEFT JOIN tp_admin admin ON store.adminid = admin.id WHERE activity.startdate < '2015-11-15 19:36:14' AND activity.enddate > '2015-11-15 19:36:14' ORDER BY activity.istop desc,activity.createdate desc  [ RunTime:0.0000s ]
INFO: [ view_parse ] --START--
INFO: [ template_filter ] --START--
INFO: Run Behavior\ContentReplaceBehavior [ RunTime:0.000000s ]
INFO: [ template_filter ] --END-- [ RunTime:0.000000s ]
INFO: Run Behavior\ParseTemplateBehavior [ RunTime:0.062500s ]
INFO: [ view_parse ] --END-- [ RunTime:0.062500s ]
INFO: [ view_filter ] --START--
INFO: Run Behavior\WriteHtmlCacheBehavior [ RunTime:0.000000s ]
INFO: [ view_filter ] --END-- [ RunTime:0.000000s ]
INFO: [ app_end ] --START--
INFO: Run Behavior\ShowPageTraceBehavior [ RunTime:0.000000s ]
INFO: [ app_end ] --END-- [ RunTime:0.000000s ]

[ 2015-11-15T19:36:19+08:00 ] 14.17.37.143 /wechat/Home/activity/detail.html?id=1
INFO: [ app_init ] --START--
INFO: Run Behavior\BuildLiteBehavior [ RunTime:0.000000s ]
INFO: [ app_init ] --END-- [ RunTime:0.000000s ]
INFO: [ app_begin ] --START--
INFO: Run Behavior\ReadHtmlCacheBehavior [ RunTime:0.000000s ]
INFO: [ app_begin ] --END-- [ RunTime:0.000000s ]
SQL: SHOW COLUMNS FROM `tp_user` [ RunTime:0.0000s ]
SQL: SHOW COLUMNS FROM `tp_user_point` [ RunTime:0.0000s ]
SQL: SHOW COLUMNS FROM `tp_user_point_audit` [ RunTime:0.0156s ]
SQL: SHOW COLUMNS FROM `tp_activity` [ RunTime:0.0156s ]
SQL: SHOW COLUMNS FROM `tp_activity` [ RunTime:0.0000s ]
SQL: SHOW COLUMNS FROM `tp_store` [ RunTime:0.0156s ]
SQL: SHOW COLUMNS FROM `tp_admin` [ RunTime:0.0156s ]
SQL: SELECT activity.id AS id,activity.name AS name,activity.point AS point,activity.createdate AS createdate,activity.startdate AS startdate,activity.enddate AS enddate,activity.descr AS descr,activity.content AS content,activity.pic AS pic,activity.istop AS istop,activity.storeid AS storeid,store.name AS store_name,store.phone AS store_phone,store.address AS store_address,admin.id AS store_admin_id,admin.realname AS store_admin_realname,admin.phone AS store_admin_phone,admin.lastlogin AS store_admin_lastlogin FROM tp_activity activity LEFT JOIN tp_store store ON activity.storeid = store.id LEFT JOIN tp_admin admin ON store.adminid = admin.id WHERE activity.id = '1' LIMIT 1   [ RunTime:0.0000s ]
INFO: [ view_parse ] --START--
INFO: [ template_filter ] --START--
INFO: Run Behavior\ContentReplaceBehavior [ RunTime:0.000000s ]
INFO: [ template_filter ] --END-- [ RunTime:0.000000s ]
INFO: Run Behavior\ParseTemplateBehavior [ RunTime:0.046875s ]
INFO: [ view_parse ] --END-- [ RunTime:0.046875s ]
INFO: [ view_filter ] --START--
INFO: Run Behavior\WriteHtmlCacheBehavior [ RunTime:0.000000s ]
INFO: [ view_filter ] --END-- [ RunTime:0.015625s ]
INFO: [ app_end ] --START--
INFO: Run Behavior\ShowPageTraceBehavior [ RunTime:0.000000s ]
INFO: [ app_end ] --END-- [ RunTime:0.000000s ]

[ 2015-11-15T19:36:20+08:00 ] 180.153.206.13 /wechat/Home/activity/detail.html?id=1
INFO: [ app_init ] --START--
INFO: Run Behavior\BuildLiteBehavior [ RunTime:0.000000s ]
INFO: [ app_init ] --END-- [ RunTime:0.015625s ]
INFO: [ app_begin ] --START--
INFO: Run Behavior\ReadHtmlCacheBehavior [ RunTime:0.015625s ]
INFO: [ app_begin ] --END-- [ RunTime:0.015625s ]
SQL: SHOW COLUMNS FROM `tp_user` [ RunTime:0.0156s ]
SQL: SHOW COLUMNS FROM `tp_user_point` [ RunTime:0.0000s ]
SQL: SHOW COLUMNS FROM `tp_user_point_audit` [ RunTime:0.0156s ]

[ 2015-11-15T19:36:20+08:00 ] 180.153.214.197 /wechat/Home/activity/detail.html?id=1
INFO: [ app_init ] --START--
INFO: Run Behavior\BuildLiteBehavior [ RunTime:0.000000s ]
INFO: [ app_init ] --END-- [ RunTime:0.000000s ]
INFO: [ app_begin ] --START--
INFO: Run Behavior\ReadHtmlCacheBehavior [ RunTime:0.015625s ]
INFO: [ app_begin ] --END-- [ RunTime:0.015625s ]
SQL: SHOW COLUMNS FROM `tp_user` [ RunTime:0.0156s ]
SQL: SHOW COLUMNS FROM `tp_user_point` [ RunTime:0.0000s ]
SQL: SHOW COLUMNS FROM `tp_user_point_audit` [ RunTime:0.0156s ]

[ 2015-11-15T19:38:11+08:00 ] 101.226.66.175 /wechat/home/index/index.html
INFO: [ app_init ] --START--
INFO: Run Behavior\BuildLiteBehavior [ RunTime:0.000000s ]
INFO: [ app_init ] --END-- [ RunTime:0.000000s ]
INFO: [ app_begin ] --START--
INFO: Run Behavior\ReadHtmlCacheBehavior [ RunTime:0.000000s ]
INFO: [ app_begin ] --END-- [ RunTime:0.000000s ]
SQL: SHOW COLUMNS FROM `tp_user` [ RunTime:0.0000s ]
SQL: SHOW COLUMNS FROM `tp_user_point` [ RunTime:0.0156s ]
SQL: SHOW COLUMNS FROM `tp_user_point_audit` [ RunTime:0.0000s ]

[ 2015-11-15T19:40:04+08:00 ] 103.7.30.71 /wechat/home/wechat?signature=efcd0ae80de5ab88f35d8bd0dd4151b0f3b81cbc&timestamp=1447587549&nonce=1945041074
INFO: [ app_init ] --START--
INFO: Run Behavior\BuildLiteBehavior [ RunTime:0.000000s ]
INFO: [ app_init ] --END-- [ RunTime:0.000000s ]
INFO: [ app_begin ] --START--
INFO: Run Behavior\ReadHtmlCacheBehavior [ RunTime:0.000000s ]
INFO: [ app_begin ] --END-- [ RunTime:0.000000s ]
INFO: [ app_end ] --START--
INFO: Run Behavior\ShowPageTraceBehavior [ RunTime:0.000000s ]
INFO: [ app_end ] --END-- [ RunTime:0.000000s ]

[ 2015-11-15T19:40:04+08:00 ] 14.17.34.237 /wechat/home
INFO: [ app_init ] --START--
INFO: Run Behavior\BuildLiteBehavior [ RunTime:0.000000s ]
INFO: [ app_init ] --END-- [ RunTime:0.000000s ]
INFO: [ app_begin ] --START--
INFO: Run Behavior\ReadHtmlCacheBehavior [ RunTime:0.000000s ]
INFO: [ app_begin ] --END-- [ RunTime:0.015625s ]
SQL: SHOW COLUMNS FROM `tp_user` [ RunTime:0.0000s ]
SQL: SHOW COLUMNS FROM `tp_user_point` [ RunTime:0.0000s ]
SQL: SHOW COLUMNS FROM `tp_user_point_audit` [ RunTime:0.0000s ]

[ 2015-11-15T19:40:05+08:00 ] 14.17.37.143 /wechat/home?code=031ecc445f92ddf43d437706a019cd9-&state=1
INFO: [ app_init ] --START--
INFO: Run Behavior\BuildLiteBehavior [ RunTime:0.000000s ]
INFO: [ app_init ] --END-- [ RunTime:0.015625s ]
INFO: [ app_begin ] --START--
INFO: Run Behavior\ReadHtmlCacheBehavior [ RunTime:0.015625s ]
INFO: [ app_begin ] --END-- [ RunTime:0.015625s ]
SQL: SHOW COLUMNS FROM `tp_user` [ RunTime:0.0000s ]
SQL: SHOW COLUMNS FROM `tp_user_point` [ RunTime:0.0000s ]
SQL: SHOW COLUMNS FROM `tp_user_point_audit` [ RunTime:0.0156s ]
SQL: SHOW COLUMNS FROM `tp_user` [ RunTime:0.0156s ]
SQL: SHOW COLUMNS FROM `tp_level` [ RunTime:0.0000s ]
SQL: SELECT user.id AS id,user.phone AS phone,user.avatar AS avatar,user.point AS point,user.name AS name,user.createdate AS createdate,user.lastlogin AS lastlogin,user.descr AS descr,user.useragent AS useragent,user.openid AS openid,level.id AS level_id,level.name AS level_name FROM tp_user user LEFT JOIN tp_level level ON user.level = level.id WHERE user.openid = 'oqVJowPHS9pbfKDkJWT67GJ3E6c4' LIMIT 1   [ RunTime:0.0000s ]
ERR: 12
SQL: SHOW COLUMNS FROM `tp_activity` [ RunTime:0.0000s ]
SQL: SELECT SUM(point) AS tp_sum FROM `tp_user_point` WHERE `userid` = 8 AND `status` = 1 AND ( `createdate` > '2015-11-15 00:00:00' AND `createdate` < '2015-11-15 19:40:05'  ) LIMIT 1   [ RunTime:0.0000s ]
SQL: SHOW COLUMNS FROM `tp_activity` [ RunTime:0.0000s ]
SQL: SHOW COLUMNS FROM `tp_store` [ RunTime:0.0000s ]
SQL: SHOW COLUMNS FROM `tp_admin` [ RunTime:0.0000s ]
SQL: SELECT activity.id AS id,activity.name AS name,activity.point AS point,activity.createdate AS createdate,activity.startdate AS startdate,activity.enddate AS enddate,activity.descr AS descr,activity.istop AS istop,activity.pic AS pic,activity.storeid AS storeid,store.name AS store_name,store.phone AS store_phone,store.address AS store_address,admin.id AS store_admin_id,admin.realname AS store_admin_realname,admin.phone AS store_admin_phone,admin.lastlogin AS store_admin_lastlogin FROM tp_activity activity LEFT JOIN tp_store store ON activity.storeid = store.id LEFT JOIN tp_admin admin ON store.adminid = admin.id WHERE activity.startdate < '2015-11-15 19:40:05' AND activity.enddate > '2015-11-15 19:40:05' ORDER BY activity.istop desc,activity.createdate desc  [ RunTime:0.0000s ]
INFO: [ view_parse ] --START--
INFO: [ template_filter ] --START--
INFO: Run Behavior\ContentReplaceBehavior [ RunTime:0.000000s ]
INFO: [ template_filter ] --END-- [ RunTime:0.000000s ]
INFO: Run Behavior\ParseTemplateBehavior [ RunTime:0.062500s ]
INFO: [ view_parse ] --END-- [ RunTime:0.062500s ]
INFO: [ view_filter ] --START--
INFO: Run Behavior\WriteHtmlCacheBehavior [ RunTime:0.000000s ]
INFO: [ view_filter ] --END-- [ RunTime:0.000000s ]
INFO: [ app_end ] --START--
INFO: Run Behavior\ShowPageTraceBehavior [ RunTime:0.015625s ]
INFO: [ app_end ] --END-- [ RunTime:0.015625s ]

[ 2015-11-15T19:40:09+08:00 ] 14.17.37.143 /wechat/Home/record/index.html
INFO: [ app_init ] --START--
INFO: Run Behavior\BuildLiteBehavior [ RunTime:0.000000s ]
INFO: [ app_init ] --END-- [ RunTime:0.000000s ]
INFO: [ app_begin ] --START--
INFO: Run Behavior\ReadHtmlCacheBehavior [ RunTime:0.015625s ]
INFO: [ app_begin ] --END-- [ RunTime:0.015625s ]
SQL: SHOW COLUMNS FROM `tp_user` [ RunTime:0.0156s ]
SQL: SHOW COLUMNS FROM `tp_user_point` [ RunTime:0.0000s ]
SQL: SHOW COLUMNS FROM `tp_user_point_audit` [ RunTime:0.0156s ]
SQL: SHOW COLUMNS FROM `tp_user_point` [ RunTime:0.0156s ]
SQL: SHOW COLUMNS FROM `tp_user` [ RunTime:0.0000s ]
SQL: SHOW COLUMNS FROM `tp_level` [ RunTime:0.0313s ]
SQL: SHOW COLUMNS FROM `tp_admin` [ RunTime:0.0000s ]
SQL: SHOW COLUMNS FROM `tp_store` [ RunTime:0.0000s ]
SQL: SHOW COLUMNS FROM `tp_user_point_audit` [ RunTime:0.0313s ]
SQL: SELECT user_point.id AS id,user_point.type AS type,user_point.point AS point,user_point.userid AS userid,user_point.descr AS descr,user_point.attach AS attach,user_point.createdate AS createdate,user.phone AS user_phone,user.point AS user_point,user.descr AS user_descr,level.id AS user_level_id,level.name AS user_level_name,admin.id AS manager_id,admin.realname AS manager_realname,admin.phone AS manager_phone,store.id AS store_id,store.name AS store_name,store.address AS store_address FROM tp_user_point user_point LEFT JOIN tp_user user ON user_point.userid = user.id LEFT JOIN tp_level level ON user.level = level.id LEFT JOIN tp_admin admin ON admin.id = user_point.manager LEFT JOIN tp_store store ON admin.storeid = store.id LEFT JOIN tp_user_point_audit user_point_audit ON user_point_audit.pointid = user_point.id WHERE user_point.status = 1 AND user_point.userid = '8' AND user_point.point > 0 ORDER BY user_point.createdate desc  [ RunTime:0.0156s ]
SQL: SELECT user_point.id AS id,user_point.type AS type,user_point.point AS point,user_point.userid AS userid,user_point.descr AS descr,user_point.attach AS attach,user_point.createdate AS createdate,user.phone AS user_phone,user.point AS user_point,user.descr AS user_descr,level.id AS user_level_id,level.name AS user_level_name,admin.id AS manager_id,admin.realname AS manager_realname,admin.phone AS manager_phone,store.id AS store_id,store.name AS store_name,store.address AS store_address FROM tp_user_point user_point LEFT JOIN tp_user user ON user_point.userid = user.id LEFT JOIN tp_level level ON user.level = level.id LEFT JOIN tp_admin admin ON admin.id = user_point.manager LEFT JOIN tp_store store ON admin.storeid = store.id LEFT JOIN tp_user_point_audit user_point_audit ON user_point_audit.pointid = user_point.id WHERE user_point.status = 1 AND user_point.userid = '8' AND user_point.point < 0 ORDER BY user_point.createdate desc  [ RunTime:0.0156s ]
INFO: [ view_parse ] --START--
INFO: [ template_filter ] --START--
INFO: Run Behavior\ContentReplaceBehavior [ RunTime:0.000000s ]
INFO: [ template_filter ] --END-- [ RunTime:0.000000s ]
INFO: Run Behavior\ParseTemplateBehavior [ RunTime:0.093750s ]
INFO: [ view_parse ] --END-- [ RunTime:0.093750s ]
INFO: [ view_filter ] --START--
INFO: Run Behavior\WriteHtmlCacheBehavior [ RunTime:0.000000s ]
INFO: [ view_filter ] --END-- [ RunTime:0.000000s ]
INFO: [ app_end ] --START--
INFO: Run Behavior\ShowPageTraceBehavior [ RunTime:0.015625s ]
INFO: [ app_end ] --END-- [ RunTime:0.015625s ]

[ 2015-11-15T19:40:18+08:00 ] 14.17.34.237 /wechat/Home/level/index.html
INFO: [ app_init ] --START--
INFO: Run Behavior\BuildLiteBehavior [ RunTime:0.000000s ]
INFO: [ app_init ] --END-- [ RunTime:0.000000s ]
INFO: [ app_begin ] --START--
INFO: Run Behavior\ReadHtmlCacheBehavior [ RunTime:0.000000s ]
INFO: [ app_begin ] --END-- [ RunTime:0.000000s ]
SQL: SHOW COLUMNS FROM `tp_user` [ RunTime:0.0156s ]
SQL: SHOW COLUMNS FROM `tp_user_point` [ RunTime:0.0156s ]
SQL: SHOW COLUMNS FROM `tp_user_point_audit` [ RunTime:0.0000s ]
SQL: SHOW COLUMNS FROM `tp_level` [ RunTime:0.0000s ]
SQL: SHOW COLUMNS FROM `tp_level` [ RunTime:0.0156s ]
SQL: SHOW COLUMNS FROM `tp_user` [ RunTime:0.0000s ]
SQL: SELECT level.id AS id,level.name AS name,level.pic AS pic,level.descr AS descr,level.point_begin AS point_begin,level.point_end AS point_end,COUNT(user.id) AS user_count FROM tp_level level LEFT JOIN tp_user user ON level.id = user.level WHERE `deleted` = 0 GROUP BY level.id ORDER BY level.point_end desc  [ RunTime:0.0000s ]
INFO: [ view_parse ] --START--
INFO: [ template_filter ] --START--
INFO: Run Behavior\ContentReplaceBehavior [ RunTime:0.000000s ]
INFO: [ template_filter ] --END-- [ RunTime:0.000000s ]
INFO: Run Behavior\ParseTemplateBehavior [ RunTime:0.078125s ]
INFO: [ view_parse ] --END-- [ RunTime:0.078125s ]
INFO: [ view_filter ] --START--
INFO: Run Behavior\WriteHtmlCacheBehavior [ RunTime:0.015625s ]
INFO: [ view_filter ] --END-- [ RunTime:0.015625s ]
INFO: [ app_end ] --START--
INFO: Run Behavior\ShowPageTraceBehavior [ RunTime:0.000000s ]
INFO: [ app_end ] --END-- [ RunTime:0.000000s ]

[ 2015-11-15T19:40:36+08:00 ] 14.17.34.237 /wechat/Home/activity/index.html
INFO: [ app_init ] --START--
INFO: Run Behavior\BuildLiteBehavior [ RunTime:0.000000s ]
INFO: [ app_init ] --END-- [ RunTime:0.000000s ]
INFO: [ app_begin ] --START--
INFO: Run Behavior\ReadHtmlCacheBehavior [ RunTime:0.015625s ]
INFO: [ app_begin ] --END-- [ RunTime:0.015625s ]
SQL: SHOW COLUMNS FROM `tp_user` [ RunTime:0.0000s ]
SQL: SHOW COLUMNS FROM `tp_user_point` [ RunTime:0.0000s ]
SQL: SHOW COLUMNS FROM `tp_user_point_audit` [ RunTime:0.0156s ]
SQL: SHOW COLUMNS FROM `tp_activity` [ RunTime:0.0000s ]
SQL: SHOW COLUMNS FROM `tp_activity` [ RunTime:0.0000s ]
SQL: SHOW COLUMNS FROM `tp_store` [ RunTime:0.0156s ]
SQL: SHOW COLUMNS FROM `tp_admin` [ RunTime:0.0156s ]
SQL: SELECT activity.id AS id,activity.name AS name,activity.point AS point,activity.createdate AS createdate,activity.startdate AS startdate,activity.enddate AS enddate,activity.descr AS descr,activity.istop AS istop,activity.pic AS pic,activity.storeid AS storeid,store.name AS store_name,store.phone AS store_phone,store.address AS store_address,admin.id AS store_admin_id,admin.realname AS store_admin_realname,admin.phone AS store_admin_phone,admin.lastlogin AS store_admin_lastlogin FROM tp_activity activity LEFT JOIN tp_store store ON activity.storeid = store.id LEFT JOIN tp_admin admin ON store.adminid = admin.id WHERE activity.startdate < '2015-11-15 19:40:36' AND activity.enddate > '2015-11-15 19:40:36' ORDER BY activity.istop desc,activity.createdate desc  [ RunTime:0.0000s ]
INFO: [ view_parse ] --START--
INFO: [ template_filter ] --START--
INFO: Run Behavior\ContentReplaceBehavior [ RunTime:0.000000s ]
INFO: [ template_filter ] --END-- [ RunTime:0.000000s ]
INFO: Run Behavior\ParseTemplateBehavior [ RunTime:0.078125s ]
INFO: [ view_parse ] --END-- [ RunTime:0.078125s ]
INFO: [ view_filter ] --START--
INFO: Run Behavior\WriteHtmlCacheBehavior [ RunTime:0.000000s ]
INFO: [ view_filter ] --END-- [ RunTime:0.000000s ]
INFO: [ app_end ] --START--
INFO: Run Behavior\ShowPageTraceBehavior [ RunTime:0.000000s ]
INFO: [ app_end ] --END-- [ RunTime:0.000000s ]

[ 2015-11-15T19:40:43+08:00 ] 14.17.37.143 /wechat/Home/activity/detail.html?id=2
INFO: [ app_init ] --START--
INFO: Run Behavior\BuildLiteBehavior [ RunTime:0.000000s ]
INFO: [ app_init ] --END-- [ RunTime:0.000000s ]
INFO: [ app_begin ] --START--
INFO: Run Behavior\ReadHtmlCacheBehavior [ RunTime:0.000000s ]
INFO: [ app_begin ] --END-- [ RunTime:0.000000s ]
SQL: SHOW COLUMNS FROM `tp_user` [ RunTime:0.0000s ]
SQL: SHOW COLUMNS FROM `tp_user_point` [ RunTime:0.0000s ]
SQL: SHOW COLUMNS FROM `tp_user_point_audit` [ RunTime:0.0156s ]
SQL: SHOW COLUMNS FROM `tp_activity` [ RunTime:0.0000s ]
SQL: SHOW COLUMNS FROM `tp_activity` [ RunTime:0.0156s ]
SQL: SHOW COLUMNS FROM `tp_store` [ RunTime:0.0000s ]
SQL: SHOW COLUMNS FROM `tp_admin` [ RunTime:0.0000s ]
SQL: SELECT activity.id AS id,activity.name AS name,activity.point AS point,activity.createdate AS createdate,activity.startdate AS startdate,activity.enddate AS enddate,activity.descr AS descr,activity.content AS content,activity.pic AS pic,activity.istop AS istop,activity.storeid AS storeid,store.name AS store_name,store.phone AS store_phone,store.address AS store_address,admin.id AS store_admin_id,admin.realname AS store_admin_realname,admin.phone AS store_admin_phone,admin.lastlogin AS store_admin_lastlogin FROM tp_activity activity LEFT JOIN tp_store store ON activity.storeid = store.id LEFT JOIN tp_admin admin ON store.adminid = admin.id WHERE activity.id = '2' LIMIT 1   [ RunTime:0.0000s ]
INFO: [ view_parse ] --START--
INFO: [ template_filter ] --START--
INFO: Run Behavior\ContentReplaceBehavior [ RunTime:0.000000s ]
INFO: [ template_filter ] --END-- [ RunTime:0.000000s ]
INFO: Run Behavior\ParseTemplateBehavior [ RunTime:0.046875s ]
INFO: [ view_parse ] --END-- [ RunTime:0.046875s ]
INFO: [ view_filter ] --START--
INFO: Run Behavior\WriteHtmlCacheBehavior [ RunTime:0.000000s ]
INFO: [ view_filter ] --END-- [ RunTime:0.015625s ]
INFO: [ app_end ] --START--
INFO: Run Behavior\ShowPageTraceBehavior [ RunTime:0.000000s ]
INFO: [ app_end ] --END-- [ RunTime:0.000000s ]

