[ 2015-10-31T20:04:44+08:00 ] 127.0.0.1 /qzh/Public./Public/Upload/Attach/2015-10-31/5634640fcffbe.jpg
INFO: [ app_init ] --START--
INFO: Run Behavior\BuildLiteBehavior [ RunTime:0.001000s ]
INFO: [ app_init ] --END-- [ RunTime:0.002000s ]
ERR: 无法加载模块:Public

[ 2015-10-31T20:04:44+08:00 ] 127.0.0.1 /qzh/Public./Public/Upload/Attach/2015-10-31/5634640fd1346.jpg
INFO: [ app_init ] --START--
INFO: Run Behavior\BuildLiteBehavior [ RunTime:0.000000s ]
INFO: [ app_init ] --END-- [ RunTime:0.002000s ]
ERR: 无法加载模块:Public

[ 2015-10-31T20:04:45+08:00 ] 127.0.0.1 /qzh/Public./Public/Upload/Attach/2015-10-31/5634640fcffbe.jpg
INFO: [ app_init ] --START--
INFO: Run Behavior\BuildLiteBehavior [ RunTime:0.000000s ]
INFO: [ app_init ] --END-- [ RunTime:0.001000s ]
ERR: 无法加载模块:Public

[ 2015-10-31T20:04:45+08:00 ] 127.0.0.1 /qzh/Public./Public/Upload/Attach/2015-10-31/5634640fd1346.jpg
INFO: [ app_init ] --START--
INFO: Run Behavior\BuildLiteBehavior [ RunTime:0.000000s ]
INFO: [ app_init ] --END-- [ RunTime:0.002000s ]
ERR: 无法加载模块:Public

[ 2015-10-31T20:14:52+08:00 ] 127.0.0.1 /qzh/Public/Public/Upload/Attach/2015-10-31/563456f46d2f3.jpg
INFO: [ app_init ] --START--
INFO: Run Behavior\BuildLiteBehavior [ RunTime:0.001000s ]
INFO: [ app_init ] --END-- [ RunTime:0.002000s ]
ERR: 无法加载模块:Public

[ 2015-10-31T20:14:52+08:00 ] 127.0.0.1 /qzh/Public/Public/Upload/Attach/2015-10-31/563456f46ee4c.jpg
INFO: [ app_init ] --START--
INFO: Run Behavior\BuildLiteBehavior [ RunTime:0.000000s ]
INFO: [ app_init ] --END-- [ RunTime:0.001000s ]
ERR: 无法加载模块:Public

[ 2015-10-31T20:14:52+08:00 ] 127.0.0.1 /qzh/Public/Public/Upload/Attach/2015-10-31/563456f47731e.jpg
INFO: [ app_init ] --START--
INFO: Run Behavior\BuildLiteBehavior [ RunTime:0.000000s ]
INFO: [ app_init ] --END-- [ RunTime:0.001000s ]
ERR: 无法加载模块:Public

