[ 2015-11-14T11:34:26+08:00 ] 118.112.56.197 /wechat/Public/Upload/Image/2015-11-14/5646ab8734a06.jpg
INFO: [ app_init ] --START--
INFO: Run Behavior\BuildLiteBehavior [ RunTime:0.000000s ]
INFO: [ app_init ] --END-- [ RunTime:0.000000s ]
ERR: 无法加载模块:Public

[ 2015-11-14T11:34:26+08:00 ] 118.112.56.197 /wechat/Public/Upload/Image/2015-11-14/5646ab83d114f.jpg
INFO: [ app_init ] --START--
INFO: Run Behavior\BuildLiteBehavior [ RunTime:0.000000s ]
INFO: [ app_init ] --END-- [ RunTime:0.000000s ]
ERR: 无法加载模块:Public

[ 2015-11-14T11:34:26+08:00 ] 118.112.56.197 /wechat/Public/Upload/Image/2015-11-14/5646ab75231d3.png
INFO: [ app_init ] --START--
INFO: Run Behavior\BuildLiteBehavior [ RunTime:0.000000s ]
INFO: [ app_init ] --END-- [ RunTime:0.000000s ]
ERR: 无法加载模块:Public

[ 2015-11-14T11:34:26+08:00 ] 118.112.56.197 /wechat/Public/Upload/Image/2015-11-14/5646ab6c19bcf.png
INFO: [ app_init ] --START--
INFO: Run Behavior\BuildLiteBehavior [ RunTime:0.000000s ]
INFO: [ app_init ] --END-- [ RunTime:0.000000s ]
ERR: 无法加载模块:Public

[ 2015-11-14T11:34:26+08:00 ] 118.112.56.197 /wechat/Public/Upload/Image/2015-11-14/5646ab712a265.png
INFO: [ app_init ] --START--
INFO: Run Behavior\BuildLiteBehavior [ RunTime:0.000000s ]
INFO: [ app_init ] --END-- [ RunTime:0.000000s ]
ERR: 无法加载模块:Public

[ 2015-11-14T15:21:17+08:00 ] 117.175.88.49 /wechat/account/login
INFO: [ app_init ] --START--
INFO: Run Behavior\BuildLiteBehavior [ RunTime:0.000000s ]
INFO: [ app_init ] --END-- [ RunTime:0.015625s ]
ERR: 无法加载模块:Account

[ 2015-11-14T15:21:23+08:00 ] 117.175.88.49 /wechat/account/login
INFO: [ app_init ] --START--
INFO: Run Behavior\BuildLiteBehavior [ RunTime:0.000000s ]
INFO: [ app_init ] --END-- [ RunTime:0.000000s ]
ERR: 无法加载模块:Account

