[ 2015-11-16T08:54:54+08:00 ] 119.147.21.145 /wechat/Admin/Auth/index.html
INFO: [ app_init ] --START--
INFO: Run Behavior\BuildLiteBehavior [ RunTime:0.000000s ]
INFO: [ app_init ] --END-- [ RunTime:0.000000s ]
INFO: [ app_begin ] --START--
INFO: Run Behavior\ReadHtmlCacheBehavior [ RunTime:0.000000s ]
INFO: [ app_begin ] --END-- [ RunTime:0.000000s ]
INFO: [ view_parse ] --START--
INFO: [ template_filter ] --START--
INFO: Run Behavior\ContentReplaceBehavior [ RunTime:0.000000s ]
INFO: [ template_filter ] --END-- [ RunTime:0.000000s ]
INFO: Run Behavior\ParseTemplateBehavior [ RunTime:0.031250s ]
INFO: [ view_parse ] --END-- [ RunTime:0.031250s ]
INFO: [ view_filter ] --START--
INFO: Run Behavior\WriteHtmlCacheBehavior [ RunTime:0.000000s ]
INFO: [ view_filter ] --END-- [ RunTime:0.000000s ]
INFO: [ app_end ] --START--
INFO: Run Behavior\ShowPageTraceBehavior [ RunTime:0.000000s ]
INFO: [ app_end ] --END-- [ RunTime:0.015625s ]

[ 2015-11-16T14:03:21+08:00 ] 219.137.118.88 /wechat/Admin/Auth/index.html
INFO: [ app_init ] --START--
INFO: Run Behavior\BuildLiteBehavior [ RunTime:0.000000s ]
INFO: [ app_init ] --END-- [ RunTime:0.015625s ]
INFO: [ app_begin ] --START--
INFO: Run Behavior\ReadHtmlCacheBehavior [ RunTime:0.000000s ]
INFO: [ app_begin ] --END-- [ RunTime:0.000000s ]
INFO: [ view_parse ] --START--
INFO: [ template_filter ] --START--
INFO: Run Behavior\ContentReplaceBehavior [ RunTime:0.000000s ]
INFO: [ template_filter ] --END-- [ RunTime:0.000000s ]
INFO: Run Behavior\ParseTemplateBehavior [ RunTime:0.031250s ]
INFO: [ view_parse ] --END-- [ RunTime:0.031250s ]
INFO: [ view_filter ] --START--
INFO: Run Behavior\WriteHtmlCacheBehavior [ RunTime:0.000000s ]
INFO: [ view_filter ] --END-- [ RunTime:0.000000s ]
INFO: [ app_end ] --START--
INFO: Run Behavior\ShowPageTraceBehavior [ RunTime:0.000000s ]
INFO: [ app_end ] --END-- [ RunTime:0.000000s ]

[ 2015-11-16T14:03:35+08:00 ] 219.137.118.88 /wechat/Admin/auth/login
INFO: [ app_init ] --START--
INFO: Run Behavior\BuildLiteBehavior [ RunTime:0.000000s ]
INFO: [ app_init ] --END-- [ RunTime:0.015625s ]
INFO: [ app_begin ] --START--
INFO: Run Behavior\ReadHtmlCacheBehavior [ RunTime:0.031250s ]
INFO: [ app_begin ] --END-- [ RunTime:0.031250s ]
SQL: SHOW COLUMNS FROM `tp_admin` [ RunTime:0.0156s ]
SQL: SHOW COLUMNS FROM `tp_admin` [ RunTime:0.0000s ]
SQL: SHOW COLUMNS FROM `tp_store` [ RunTime:0.0156s ]
SQL: SELECT admin.id AS id,admin.name AS name,admin.password AS password,admin.phone AS phone,admin.email AS email,admin.birthday AS birthday,admin.gender AS gender,admin.realname AS realname,admin.groupid AS groupid,admin.lastlogin AS lastlogin,admin.descr AS descr,store.id AS store_id,store.name AS store_name,store.address AS store_address,store.phone AS store_phone,store.email AS store_email FROM tp_admin admin LEFT JOIN tp_store store ON admin.storeid = store.id WHERE admin.name = 'admin' AND admin.password = 'admin' LIMIT 1   [ RunTime:0.0000s ]
SQL: UPDATE tp_admin admin LEFT JOIN tp_store store ON admin.storeid = store.id SET `lastlogin`='2015-11-16 14:03:35' WHERE admin.name = 'admin' AND admin.password = 'admin' [ RunTime:0.0156s ]

[ 2015-11-16T14:03:37+08:00 ] 219.137.118.88 /wechat/admin/index/index.html
INFO: [ app_init ] --START--
INFO: Run Behavior\BuildLiteBehavior [ RunTime:0.000000s ]
INFO: [ app_init ] --END-- [ RunTime:0.015625s ]
INFO: [ app_begin ] --START--
INFO: Run Behavior\ReadHtmlCacheBehavior [ RunTime:0.015625s ]
INFO: [ app_begin ] --END-- [ RunTime:0.015625s ]
SQL: SHOW COLUMNS FROM `tp_user_point` [ RunTime:0.0000s ]
SQL: SHOW COLUMNS FROM `tp_user_point_audit` [ RunTime:0.0000s ]
SQL: SHOW COLUMNS FROM `tp_user_point` [ RunTime:0.0000s ]
SQL: SHOW COLUMNS FROM `tp_user` [ RunTime:0.0156s ]
SQL: SHOW COLUMNS FROM `tp_level` [ RunTime:0.0000s ]
SQL: SHOW COLUMNS FROM `tp_admin` [ RunTime:0.0000s ]
SQL: SHOW COLUMNS FROM `tp_store` [ RunTime:0.0000s ]
SQL: SHOW COLUMNS FROM `tp_user_point_audit` [ RunTime:0.0000s ]
SQL: SELECT user_point.id AS id,user_point.type AS type,user_point.point AS point,user_point.userid AS userid,user_point.descr AS descr,user_point.attach AS attach,user_point.createdate AS createdate,user.phone AS user_phone,user.point AS user_point,user.descr AS user_descr,level.id AS user_level_id,level.name AS user_level_name,admin.id AS manager_id,admin.realname AS manager_realname,admin.phone AS manager_phone,store.id AS store_id,store.name AS store_name,store.address AS store_address FROM tp_user_point user_point LEFT JOIN tp_user user ON user_point.userid = user.id LEFT JOIN tp_level level ON user.level = level.id LEFT JOIN tp_admin admin ON admin.id = user_point.manager LEFT JOIN tp_store store ON admin.storeid = store.id LEFT JOIN tp_user_point_audit user_point_audit ON user_point_audit.pointid = user_point.id WHERE user_point.status = 0 ORDER BY user_point.createdate desc  [ RunTime:0.0000s ]
INFO: [ view_parse ] --START--
INFO: [ template_filter ] --START--
INFO: Run Behavior\ContentReplaceBehavior [ RunTime:0.000000s ]
INFO: [ template_filter ] --END-- [ RunTime:0.000000s ]
INFO: Run Behavior\ParseTemplateBehavior [ RunTime:0.078125s ]
INFO: [ view_parse ] --END-- [ RunTime:0.093750s ]
INFO: [ view_filter ] --START--
INFO: Run Behavior\WriteHtmlCacheBehavior [ RunTime:0.000000s ]
INFO: [ view_filter ] --END-- [ RunTime:0.000000s ]
INFO: [ app_end ] --START--
INFO: Run Behavior\ShowPageTraceBehavior [ RunTime:0.000000s ]
INFO: [ app_end ] --END-- [ RunTime:0.000000s ]

[ 2015-11-16T14:04:07+08:00 ] 72.14.199.18 /wechat/admin/index/index.html
INFO: [ app_init ] --START--
INFO: Run Behavior\BuildLiteBehavior [ RunTime:0.000000s ]
INFO: [ app_init ] --END-- [ RunTime:0.000000s ]
INFO: [ app_begin ] --START--
INFO: Run Behavior\ReadHtmlCacheBehavior [ RunTime:0.000000s ]
INFO: [ app_begin ] --END-- [ RunTime:0.000000s ]

[ 2015-11-16T14:04:07+08:00 ] 72.14.199.17 /wechat/Admin/Auth/index.html
INFO: [ app_init ] --START--
INFO: Run Behavior\BuildLiteBehavior [ RunTime:0.000000s ]
INFO: [ app_init ] --END-- [ RunTime:0.000000s ]
INFO: [ app_begin ] --START--
INFO: Run Behavior\ReadHtmlCacheBehavior [ RunTime:0.000000s ]
INFO: [ app_begin ] --END-- [ RunTime:0.000000s ]
INFO: [ view_parse ] --START--
INFO: [ template_filter ] --START--
INFO: Run Behavior\ContentReplaceBehavior [ RunTime:0.000000s ]
INFO: [ template_filter ] --END-- [ RunTime:0.000000s ]
INFO: Run Behavior\ParseTemplateBehavior [ RunTime:0.031250s ]
INFO: [ view_parse ] --END-- [ RunTime:0.031250s ]
INFO: [ view_filter ] --START--
INFO: Run Behavior\WriteHtmlCacheBehavior [ RunTime:0.015625s ]
INFO: [ view_filter ] --END-- [ RunTime:0.015625s ]
INFO: [ app_end ] --START--
INFO: Run Behavior\ShowPageTraceBehavior [ RunTime:0.000000s ]
INFO: [ app_end ] --END-- [ RunTime:0.000000s ]

[ 2015-11-16T14:12:13+08:00 ] 219.137.118.88 /wechat/admin/user/index.html
INFO: [ app_init ] --START--
INFO: Run Behavior\BuildLiteBehavior [ RunTime:0.000000s ]
INFO: [ app_init ] --END-- [ RunTime:0.000000s ]
INFO: [ app_begin ] --START--
INFO: Run Behavior\ReadHtmlCacheBehavior [ RunTime:0.000000s ]
INFO: [ app_begin ] --END-- [ RunTime:0.000000s ]
SQL: SHOW COLUMNS FROM `tp_user` [ RunTime:0.0156s ]
SQL: SHOW COLUMNS FROM `tp_user_point` [ RunTime:0.0000s ]
SQL: SHOW COLUMNS FROM `tp_user_point_audit` [ RunTime:0.0156s ]
SQL: SHOW COLUMNS FROM `tp_user` [ RunTime:0.0156s ]
SQL: SHOW COLUMNS FROM `tp_level` [ RunTime:0.0156s ]
SQL: SELECT user.id AS id,user.phone AS phone,user.point AS point,user.lastlogin AS lastlogin,user.descr AS descr,user.createdate AS createdate,level.id AS level_id,level.name AS level_name FROM tp_user user LEFT JOIN tp_level level ON user.level = level.id WHERE `enabled` = 1 ORDER BY user.level desc  [ RunTime:0.0000s ]
INFO: [ view_parse ] --START--
INFO: [ template_filter ] --START--
INFO: Run Behavior\ContentReplaceBehavior [ RunTime:0.015625s ]
INFO: [ template_filter ] --END-- [ RunTime:0.015625s ]
INFO: Run Behavior\ParseTemplateBehavior [ RunTime:0.125000s ]
INFO: [ view_parse ] --END-- [ RunTime:0.125000s ]
INFO: [ view_filter ] --START--
INFO: Run Behavior\WriteHtmlCacheBehavior [ RunTime:0.000000s ]
INFO: [ view_filter ] --END-- [ RunTime:0.000000s ]
INFO: [ app_end ] --START--
INFO: Run Behavior\ShowPageTraceBehavior [ RunTime:0.000000s ]
INFO: [ app_end ] --END-- [ RunTime:0.000000s ]

[ 2015-11-16T14:17:53+08:00 ] 219.137.118.88 /wechat/Admin/Index/index.html
INFO: [ app_init ] --START--
INFO: Run Behavior\BuildLiteBehavior [ RunTime:0.015625s ]
INFO: [ app_init ] --END-- [ RunTime:0.015625s ]
INFO: [ app_begin ] --START--
INFO: Run Behavior\ReadHtmlCacheBehavior [ RunTime:0.000000s ]
INFO: [ app_begin ] --END-- [ RunTime:0.000000s ]
SQL: SHOW COLUMNS FROM `tp_user_point` [ RunTime:0.0156s ]
SQL: SHOW COLUMNS FROM `tp_user_point_audit` [ RunTime:0.0000s ]
SQL: SHOW COLUMNS FROM `tp_user_point` [ RunTime:0.0000s ]
SQL: SHOW COLUMNS FROM `tp_user` [ RunTime:0.0000s ]
SQL: SHOW COLUMNS FROM `tp_level` [ RunTime:0.0000s ]
SQL: SHOW COLUMNS FROM `tp_admin` [ RunTime:0.0156s ]
SQL: SHOW COLUMNS FROM `tp_store` [ RunTime:0.0156s ]
SQL: SHOW COLUMNS FROM `tp_user_point_audit` [ RunTime:0.0156s ]
SQL: SELECT user_point.id AS id,user_point.type AS type,user_point.point AS point,user_point.userid AS userid,user_point.descr AS descr,user_point.attach AS attach,user_point.createdate AS createdate,user.phone AS user_phone,user.point AS user_point,user.descr AS user_descr,level.id AS user_level_id,level.name AS user_level_name,admin.id AS manager_id,admin.realname AS manager_realname,admin.phone AS manager_phone,store.id AS store_id,store.name AS store_name,store.address AS store_address FROM tp_user_point user_point LEFT JOIN tp_user user ON user_point.userid = user.id LEFT JOIN tp_level level ON user.level = level.id LEFT JOIN tp_admin admin ON admin.id = user_point.manager LEFT JOIN tp_store store ON admin.storeid = store.id LEFT JOIN tp_user_point_audit user_point_audit ON user_point_audit.pointid = user_point.id WHERE user_point.status = 0 ORDER BY user_point.createdate desc  [ RunTime:0.0000s ]
INFO: [ view_parse ] --START--
INFO: [ template_filter ] --START--
INFO: Run Behavior\ContentReplaceBehavior [ RunTime:0.000000s ]
INFO: [ template_filter ] --END-- [ RunTime:0.000000s ]
INFO: Run Behavior\ParseTemplateBehavior [ RunTime:0.093750s ]
INFO: [ view_parse ] --END-- [ RunTime:0.109375s ]
INFO: [ view_filter ] --START--
INFO: Run Behavior\WriteHtmlCacheBehavior [ RunTime:0.000000s ]
INFO: [ view_filter ] --END-- [ RunTime:0.000000s ]
INFO: [ app_end ] --START--
INFO: Run Behavior\ShowPageTraceBehavior [ RunTime:0.000000s ]
INFO: [ app_end ] --END-- [ RunTime:0.000000s ]

[ 2015-11-16T14:17:54+08:00 ] 219.137.118.88 /wechat/admin/user/index.html
INFO: [ app_init ] --START--
INFO: Run Behavior\BuildLiteBehavior [ RunTime:0.000000s ]
INFO: [ app_init ] --END-- [ RunTime:0.000000s ]
INFO: [ app_begin ] --START--
INFO: Run Behavior\ReadHtmlCacheBehavior [ RunTime:0.015625s ]
INFO: [ app_begin ] --END-- [ RunTime:0.015625s ]
SQL: SHOW COLUMNS FROM `tp_user` [ RunTime:0.0156s ]
SQL: SHOW COLUMNS FROM `tp_user_point` [ RunTime:0.0000s ]
SQL: SHOW COLUMNS FROM `tp_user_point_audit` [ RunTime:0.0156s ]
SQL: SHOW COLUMNS FROM `tp_user` [ RunTime:0.0000s ]
SQL: SHOW COLUMNS FROM `tp_level` [ RunTime:0.0156s ]
SQL: SELECT user.id AS id,user.phone AS phone,user.point AS point,user.lastlogin AS lastlogin,user.descr AS descr,user.createdate AS createdate,level.id AS level_id,level.name AS level_name FROM tp_user user LEFT JOIN tp_level level ON user.level = level.id WHERE `enabled` = 1 ORDER BY user.level desc  [ RunTime:0.0000s ]
INFO: [ view_parse ] --START--
INFO: [ template_filter ] --START--
INFO: Run Behavior\ContentReplaceBehavior [ RunTime:0.000000s ]
INFO: [ template_filter ] --END-- [ RunTime:0.000000s ]
INFO: Run Behavior\ParseTemplateBehavior [ RunTime:0.156250s ]
INFO: [ view_parse ] --END-- [ RunTime:0.156250s ]
INFO: [ view_filter ] --START--
INFO: Run Behavior\WriteHtmlCacheBehavior [ RunTime:0.000000s ]
INFO: [ view_filter ] --END-- [ RunTime:0.000000s ]
INFO: [ app_end ] --START--
INFO: Run Behavior\ShowPageTraceBehavior [ RunTime:0.000000s ]
INFO: [ app_end ] --END-- [ RunTime:0.000000s ]

[ 2015-11-16T14:17:55+08:00 ] 219.137.118.88 /wechat/Admin/Index/index.html
INFO: [ app_init ] --START--
INFO: Run Behavior\BuildLiteBehavior [ RunTime:0.000000s ]
INFO: [ app_init ] --END-- [ RunTime:0.000000s ]
INFO: [ app_begin ] --START--
INFO: Run Behavior\ReadHtmlCacheBehavior [ RunTime:0.000000s ]
INFO: [ app_begin ] --END-- [ RunTime:0.000000s ]
SQL: SHOW COLUMNS FROM `tp_user_point` [ RunTime:0.0156s ]
SQL: SHOW COLUMNS FROM `tp_user_point_audit` [ RunTime:0.0000s ]
SQL: SHOW COLUMNS FROM `tp_user_point` [ RunTime:0.0156s ]
SQL: SHOW COLUMNS FROM `tp_user` [ RunTime:0.0156s ]
SQL: SHOW COLUMNS FROM `tp_level` [ RunTime:0.0000s ]
SQL: SHOW COLUMNS FROM `tp_admin` [ RunTime:0.0156s ]
SQL: SHOW COLUMNS FROM `tp_store` [ RunTime:0.0000s ]
SQL: SHOW COLUMNS FROM `tp_user_point_audit` [ RunTime:0.0156s ]
SQL: SELECT user_point.id AS id,user_point.type AS type,user_point.point AS point,user_point.userid AS userid,user_point.descr AS descr,user_point.attach AS attach,user_point.createdate AS createdate,user.phone AS user_phone,user.point AS user_point,user.descr AS user_descr,level.id AS user_level_id,level.name AS user_level_name,admin.id AS manager_id,admin.realname AS manager_realname,admin.phone AS manager_phone,store.id AS store_id,store.name AS store_name,store.address AS store_address FROM tp_user_point user_point LEFT JOIN tp_user user ON user_point.userid = user.id LEFT JOIN tp_level level ON user.level = level.id LEFT JOIN tp_admin admin ON admin.id = user_point.manager LEFT JOIN tp_store store ON admin.storeid = store.id LEFT JOIN tp_user_point_audit user_point_audit ON user_point_audit.pointid = user_point.id WHERE user_point.status = 0 ORDER BY user_point.createdate desc  [ RunTime:0.0000s ]
INFO: [ view_parse ] --START--
INFO: [ template_filter ] --START--
INFO: Run Behavior\ContentReplaceBehavior [ RunTime:0.000000s ]
INFO: [ template_filter ] --END-- [ RunTime:0.000000s ]
INFO: Run Behavior\ParseTemplateBehavior [ RunTime:0.093750s ]
INFO: [ view_parse ] --END-- [ RunTime:0.093750s ]
INFO: [ view_filter ] --START--
INFO: Run Behavior\WriteHtmlCacheBehavior [ RunTime:0.015625s ]
INFO: [ view_filter ] --END-- [ RunTime:0.015625s ]
INFO: [ app_end ] --START--
INFO: Run Behavior\ShowPageTraceBehavior [ RunTime:0.000000s ]
INFO: [ app_end ] --END-- [ RunTime:0.000000s ]

[ 2015-11-16T14:18:57+08:00 ] 219.137.118.88 /wechat/admin/user/index.html
INFO: [ app_init ] --START--
INFO: Run Behavior\BuildLiteBehavior [ RunTime:0.000000s ]
INFO: [ app_init ] --END-- [ RunTime:0.000000s ]
INFO: [ app_begin ] --START--
INFO: Run Behavior\ReadHtmlCacheBehavior [ RunTime:0.000000s ]
INFO: [ app_begin ] --END-- [ RunTime:0.000000s ]
SQL: SHOW COLUMNS FROM `tp_user` [ RunTime:0.0000s ]
SQL: SHOW COLUMNS FROM `tp_user_point` [ RunTime:0.0156s ]
SQL: SHOW COLUMNS FROM `tp_user_point_audit` [ RunTime:0.0156s ]
SQL: SHOW COLUMNS FROM `tp_user` [ RunTime:0.0000s ]
SQL: SHOW COLUMNS FROM `tp_level` [ RunTime:0.0156s ]
SQL: SELECT user.id AS id,user.phone AS phone,user.point AS point,user.lastlogin AS lastlogin,user.descr AS descr,user.createdate AS createdate,level.id AS level_id,level.name AS level_name FROM tp_user user LEFT JOIN tp_level level ON user.level = level.id WHERE `enabled` = 1 ORDER BY user.level desc  [ RunTime:0.0000s ]
INFO: [ view_parse ] --START--
INFO: [ template_filter ] --START--
INFO: Run Behavior\ContentReplaceBehavior [ RunTime:0.000000s ]
INFO: [ template_filter ] --END-- [ RunTime:0.000000s ]
INFO: Run Behavior\ParseTemplateBehavior [ RunTime:0.156250s ]
INFO: [ view_parse ] --END-- [ RunTime:0.156250s ]
INFO: [ view_filter ] --START--
INFO: Run Behavior\WriteHtmlCacheBehavior [ RunTime:0.000000s ]
INFO: [ view_filter ] --END-- [ RunTime:0.015625s ]
INFO: [ app_end ] --START--
INFO: Run Behavior\ShowPageTraceBehavior [ RunTime:0.000000s ]
INFO: [ app_end ] --END-- [ RunTime:0.000000s ]

[ 2015-11-16T14:19:10+08:00 ] 219.137.118.88 /wechat/admin/store/index.html
INFO: [ app_init ] --START--
INFO: Run Behavior\BuildLiteBehavior [ RunTime:0.000000s ]
INFO: [ app_init ] --END-- [ RunTime:0.000000s ]
INFO: [ app_begin ] --START--
INFO: Run Behavior\ReadHtmlCacheBehavior [ RunTime:0.000000s ]
INFO: [ app_begin ] --END-- [ RunTime:0.000000s ]
SQL: SHOW COLUMNS FROM `tp_store` [ RunTime:0.0156s ]
SQL: SHOW COLUMNS FROM `tp_admin` [ RunTime:0.0156s ]
SQL: SHOW COLUMNS FROM `tp_store` [ RunTime:0.0156s ]
SQL: SHOW COLUMNS FROM `tp_admin` [ RunTime:0.0000s ]
SQL: SELECT store.id AS id,store.name AS name,store.address AS address,store.phone AS phone,store.email AS email,store.descr AS descr,store.createtime AS createtime,store.updatetime AS updatetime,admin.realname AS admin_realname,admin.phone AS admin_phone,admin.email AS admin_email,admin.lastlogin AS admin_lastlogin,admin.id AS admin_id FROM tp_store store LEFT JOIN tp_admin admin ON store.adminid = admin.id WHERE store.deleted = 0 ORDER BY createdate desc  [ RunTime:0.0000s ]
INFO: [ view_parse ] --START--
INFO: [ template_filter ] --START--
INFO: Run Behavior\ContentReplaceBehavior [ RunTime:0.000000s ]
INFO: [ template_filter ] --END-- [ RunTime:0.000000s ]
INFO: Run Behavior\ParseTemplateBehavior [ RunTime:0.125000s ]
INFO: [ view_parse ] --END-- [ RunTime:0.125000s ]
INFO: [ view_filter ] --START--
INFO: Run Behavior\WriteHtmlCacheBehavior [ RunTime:0.000000s ]
INFO: [ view_filter ] --END-- [ RunTime:0.000000s ]
INFO: [ app_end ] --START--
INFO: Run Behavior\ShowPageTraceBehavior [ RunTime:0.015625s ]
INFO: [ app_end ] --END-- [ RunTime:0.015625s ]

[ 2015-11-16T14:19:38+08:00 ] 219.137.118.88 /wechat/admin/store/index.html
INFO: [ app_init ] --START--
INFO: Run Behavior\BuildLiteBehavior [ RunTime:0.000000s ]
INFO: [ app_init ] --END-- [ RunTime:0.000000s ]
INFO: [ app_begin ] --START--
INFO: Run Behavior\ReadHtmlCacheBehavior [ RunTime:0.000000s ]
INFO: [ app_begin ] --END-- [ RunTime:0.015625s ]
SQL: SHOW COLUMNS FROM `tp_store` [ RunTime:0.0156s ]
SQL: SHOW COLUMNS FROM `tp_admin` [ RunTime:0.0000s ]
SQL: SHOW COLUMNS FROM `tp_store` [ RunTime:0.0000s ]
SQL: SHOW COLUMNS FROM `tp_admin` [ RunTime:0.0156s ]
SQL: SELECT store.id AS id,store.name AS name,store.address AS address,store.phone AS phone,store.email AS email,store.descr AS descr,store.createtime AS createtime,store.updatetime AS updatetime,admin.realname AS admin_realname,admin.phone AS admin_phone,admin.email AS admin_email,admin.lastlogin AS admin_lastlogin,admin.id AS admin_id FROM tp_store store LEFT JOIN tp_admin admin ON store.adminid = admin.id WHERE store.deleted = 0 ORDER BY createdate desc  [ RunTime:0.0156s ]
INFO: [ view_parse ] --START--
INFO: [ template_filter ] --START--
INFO: Run Behavior\ContentReplaceBehavior [ RunTime:0.000000s ]
INFO: [ template_filter ] --END-- [ RunTime:0.000000s ]
INFO: Run Behavior\ParseTemplateBehavior [ RunTime:0.125000s ]
INFO: [ view_parse ] --END-- [ RunTime:0.125000s ]
INFO: [ view_filter ] --START--
INFO: Run Behavior\WriteHtmlCacheBehavior [ RunTime:0.000000s ]
INFO: [ view_filter ] --END-- [ RunTime:0.000000s ]
INFO: [ app_end ] --START--
INFO: Run Behavior\ShowPageTraceBehavior [ RunTime:0.015625s ]
INFO: [ app_end ] --END-- [ RunTime:0.015625s ]

[ 2015-11-16T14:19:44+08:00 ] 219.137.118.88 /wechat/admin/level/index.html
INFO: [ app_init ] --START--
INFO: Run Behavior\BuildLiteBehavior [ RunTime:0.000000s ]
INFO: [ app_init ] --END-- [ RunTime:0.000000s ]
INFO: [ app_begin ] --START--
INFO: Run Behavior\ReadHtmlCacheBehavior [ RunTime:0.000000s ]
INFO: [ app_begin ] --END-- [ RunTime:0.000000s ]
SQL: SHOW COLUMNS FROM `tp_level` [ RunTime:0.0000s ]
SQL: SHOW COLUMNS FROM `tp_user` [ RunTime:0.0000s ]
SQL: SHOW COLUMNS FROM `tp_user_point` [ RunTime:0.0000s ]
SQL: SHOW COLUMNS FROM `tp_user_point_audit` [ RunTime:0.0156s ]
SQL: SHOW COLUMNS FROM `tp_level` [ RunTime:0.0000s ]
SQL: SHOW COLUMNS FROM `tp_user` [ RunTime:0.0000s ]
SQL: SELECT level.id AS id,level.name AS name,level.pic AS pic,level.descr AS descr,level.point_begin AS point_begin,level.point_end AS point_end,COUNT(user.id) AS user_count FROM tp_level level LEFT JOIN tp_user user ON level.id = user.level WHERE `deleted` = 0 GROUP BY level.id ORDER BY level.point_end desc  [ RunTime:0.0156s ]
INFO: [ view_parse ] --START--
INFO: [ template_filter ] --START--
INFO: Run Behavior\ContentReplaceBehavior [ RunTime:0.000000s ]
INFO: [ template_filter ] --END-- [ RunTime:0.000000s ]
INFO: Run Behavior\ParseTemplateBehavior [ RunTime:0.093750s ]
INFO: [ view_parse ] --END-- [ RunTime:0.093750s ]
INFO: [ view_filter ] --START--
INFO: Run Behavior\WriteHtmlCacheBehavior [ RunTime:0.015625s ]
INFO: [ view_filter ] --END-- [ RunTime:0.015625s ]
INFO: [ app_end ] --START--
INFO: Run Behavior\ShowPageTraceBehavior [ RunTime:0.000000s ]
INFO: [ app_end ] --END-- [ RunTime:0.000000s ]

[ 2015-11-16T14:23:27+08:00 ] 219.137.118.88 /wechat/admin/audit/index.html
INFO: [ app_init ] --START--
INFO: Run Behavior\BuildLiteBehavior [ RunTime:0.000000s ]
INFO: [ app_init ] --END-- [ RunTime:0.015625s ]
INFO: [ app_begin ] --START--
INFO: Run Behavior\ReadHtmlCacheBehavior [ RunTime:0.000000s ]
INFO: [ app_begin ] --END-- [ RunTime:0.000000s ]
SQL: SHOW COLUMNS FROM `tp_user_point` [ RunTime:0.0000s ]
SQL: SHOW COLUMNS FROM `tp_user_point_audit` [ RunTime:0.0156s ]
SQL: SHOW COLUMNS FROM `tp_user` [ RunTime:0.0156s ]
SQL: SHOW COLUMNS FROM `tp_user_point` [ RunTime:0.0000s ]
SQL: SHOW COLUMNS FROM `tp_user` [ RunTime:0.0156s ]
SQL: SHOW COLUMNS FROM `tp_level` [ RunTime:0.0000s ]
SQL: SHOW COLUMNS FROM `tp_admin` [ RunTime:0.0000s ]
SQL: SHOW COLUMNS FROM `tp_store` [ RunTime:0.0156s ]
SQL: SHOW COLUMNS FROM `tp_user_point_audit` [ RunTime:0.0000s ]
SQL: SELECT user_point.id AS id,user_point.type AS type,user_point.point AS point,user_point.userid AS userid,user_point.descr AS descr,user_point.attach AS attach,user_point.createdate AS createdate,user.phone AS user_phone,user.point AS user_point,user.descr AS user_descr,level.id AS user_level_id,level.name AS user_level_name,admin.id AS manager_id,admin.realname AS manager_realname,admin.phone AS manager_phone,store.id AS store_id,store.name AS store_name,store.address AS store_address FROM tp_user_point user_point LEFT JOIN tp_user user ON user_point.userid = user.id LEFT JOIN tp_level level ON user.level = level.id LEFT JOIN tp_admin admin ON admin.id = user_point.manager LEFT JOIN tp_store store ON admin.storeid = store.id LEFT JOIN tp_user_point_audit user_point_audit ON user_point_audit.pointid = user_point.id WHERE user_point.status = 0 ORDER BY user_point.createdate desc  [ RunTime:0.0000s ]
INFO: [ view_parse ] --START--
INFO: [ template_filter ] --START--
INFO: Run Behavior\ContentReplaceBehavior [ RunTime:0.000000s ]
INFO: [ template_filter ] --END-- [ RunTime:0.000000s ]
INFO: Run Behavior\ParseTemplateBehavior [ RunTime:0.093750s ]
INFO: [ view_parse ] --END-- [ RunTime:0.093750s ]
INFO: [ view_filter ] --START--
INFO: Run Behavior\WriteHtmlCacheBehavior [ RunTime:0.000000s ]
INFO: [ view_filter ] --END-- [ RunTime:0.000000s ]
INFO: [ app_end ] --START--
INFO: Run Behavior\ShowPageTraceBehavior [ RunTime:0.015625s ]
INFO: [ app_end ] --END-- [ RunTime:0.015625s ]

[ 2015-11-16T14:23:45+08:00 ] 219.137.118.88 /wechat/admin/activity/index.html
INFO: [ app_init ] --START--
INFO: Run Behavior\BuildLiteBehavior [ RunTime:0.000000s ]
INFO: [ app_init ] --END-- [ RunTime:0.000000s ]
INFO: [ app_begin ] --START--
INFO: Run Behavior\ReadHtmlCacheBehavior [ RunTime:0.000000s ]
INFO: [ app_begin ] --END-- [ RunTime:0.015625s ]
SQL: SHOW COLUMNS FROM `tp_activity` [ RunTime:0.0156s ]
SQL: SHOW COLUMNS FROM `tp_store` [ RunTime:0.0000s ]
SQL: SHOW COLUMNS FROM `tp_admin` [ RunTime:0.0000s ]
SQL: SHOW COLUMNS FROM `tp_activity` [ RunTime:0.0156s ]
SQL: SHOW COLUMNS FROM `tp_store` [ RunTime:0.0156s ]
SQL: SHOW COLUMNS FROM `tp_admin` [ RunTime:0.0156s ]
SQL: SELECT activity.id AS id,activity.name AS name,activity.point AS point,activity.createdate AS createdate,activity.startdate AS startdate,activity.enddate AS enddate,activity.descr AS descr,activity.istop AS istop,activity.pic AS pic,activity.storeid AS storeid,store.name AS store_name,store.phone AS store_phone,store.address AS store_address,admin.id AS store_admin_id,admin.realname AS store_admin_realname,admin.phone AS store_admin_phone,admin.lastlogin AS store_admin_lastlogin FROM tp_activity activity LEFT JOIN tp_store store ON activity.storeid = store.id LEFT JOIN tp_admin admin ON store.adminid = admin.id ORDER BY activity.istop desc,activity.createdate desc  [ RunTime:0.0000s ]
INFO: [ view_parse ] --START--
INFO: [ template_filter ] --START--
INFO: Run Behavior\ContentReplaceBehavior [ RunTime:0.000000s ]
INFO: [ template_filter ] --END-- [ RunTime:0.000000s ]
INFO: Run Behavior\ParseTemplateBehavior [ RunTime:0.125000s ]
INFO: [ view_parse ] --END-- [ RunTime:0.125000s ]
INFO: [ view_filter ] --START--
INFO: Run Behavior\WriteHtmlCacheBehavior [ RunTime:0.000000s ]
INFO: [ view_filter ] --END-- [ RunTime:0.000000s ]
INFO: [ app_end ] --START--
INFO: Run Behavior\ShowPageTraceBehavior [ RunTime:0.000000s ]
INFO: [ app_end ] --END-- [ RunTime:0.000000s ]

[ 2015-11-16T14:23:52+08:00 ] 219.137.118.88 /wechat/admin/level/index.html
INFO: [ app_init ] --START--
INFO: Run Behavior\BuildLiteBehavior [ RunTime:0.000000s ]
INFO: [ app_init ] --END-- [ RunTime:0.000000s ]
INFO: [ app_begin ] --START--
INFO: Run Behavior\ReadHtmlCacheBehavior [ RunTime:0.015625s ]
INFO: [ app_begin ] --END-- [ RunTime:0.015625s ]
SQL: SHOW COLUMNS FROM `tp_level` [ RunTime:0.0000s ]
SQL: SHOW COLUMNS FROM `tp_user` [ RunTime:0.0156s ]
SQL: SHOW COLUMNS FROM `tp_user_point` [ RunTime:0.0000s ]
SQL: SHOW COLUMNS FROM `tp_user_point_audit` [ RunTime:0.0156s ]
SQL: SHOW COLUMNS FROM `tp_level` [ RunTime:0.0000s ]
SQL: SHOW COLUMNS FROM `tp_user` [ RunTime:0.0156s ]
SQL: SELECT level.id AS id,level.name AS name,level.pic AS pic,level.descr AS descr,level.point_begin AS point_begin,level.point_end AS point_end,COUNT(user.id) AS user_count FROM tp_level level LEFT JOIN tp_user user ON level.id = user.level WHERE `deleted` = 0 GROUP BY level.id ORDER BY level.point_end desc  [ RunTime:0.0000s ]
INFO: [ view_parse ] --START--
INFO: [ template_filter ] --START--
INFO: Run Behavior\ContentReplaceBehavior [ RunTime:0.015625s ]
INFO: [ template_filter ] --END-- [ RunTime:0.015625s ]
INFO: Run Behavior\ParseTemplateBehavior [ RunTime:0.125000s ]
INFO: [ view_parse ] --END-- [ RunTime:0.125000s ]
INFO: [ view_filter ] --START--
INFO: Run Behavior\WriteHtmlCacheBehavior [ RunTime:0.000000s ]
INFO: [ view_filter ] --END-- [ RunTime:0.000000s ]
INFO: [ app_end ] --START--
INFO: Run Behavior\ShowPageTraceBehavior [ RunTime:0.015625s ]
INFO: [ app_end ] --END-- [ RunTime:0.015625s ]

[ 2015-11-16T14:24:07+08:00 ] 219.137.118.88 /wechat/admin/level/index.html
INFO: [ app_init ] --START--
INFO: Run Behavior\BuildLiteBehavior [ RunTime:0.000000s ]
INFO: [ app_init ] --END-- [ RunTime:0.000000s ]
INFO: [ app_begin ] --START--
INFO: Run Behavior\ReadHtmlCacheBehavior [ RunTime:0.015625s ]
INFO: [ app_begin ] --END-- [ RunTime:0.015625s ]
SQL: SHOW COLUMNS FROM `tp_level` [ RunTime:0.0000s ]
SQL: SHOW COLUMNS FROM `tp_user` [ RunTime:0.0000s ]
SQL: SHOW COLUMNS FROM `tp_user_point` [ RunTime:0.0000s ]
SQL: SHOW COLUMNS FROM `tp_user_point_audit` [ RunTime:0.0000s ]
SQL: SHOW COLUMNS FROM `tp_level` [ RunTime:0.0000s ]
SQL: SHOW COLUMNS FROM `tp_user` [ RunTime:0.0156s ]
SQL: SELECT level.id AS id,level.name AS name,level.pic AS pic,level.descr AS descr,level.point_begin AS point_begin,level.point_end AS point_end,COUNT(user.id) AS user_count FROM tp_level level LEFT JOIN tp_user user ON level.id = user.level WHERE `deleted` = 0 GROUP BY level.id ORDER BY level.point_end desc  [ RunTime:0.0000s ]
INFO: [ view_parse ] --START--
INFO: [ template_filter ] --START--
INFO: Run Behavior\ContentReplaceBehavior [ RunTime:0.000000s ]
INFO: [ template_filter ] --END-- [ RunTime:0.000000s ]
INFO: Run Behavior\ParseTemplateBehavior [ RunTime:0.171875s ]
INFO: [ view_parse ] --END-- [ RunTime:0.171875s ]
INFO: [ view_filter ] --START--
INFO: Run Behavior\WriteHtmlCacheBehavior [ RunTime:0.000000s ]
INFO: [ view_filter ] --END-- [ RunTime:0.000000s ]
INFO: [ app_end ] --START--
INFO: Run Behavior\ShowPageTraceBehavior [ RunTime:0.000000s ]
INFO: [ app_end ] --END-- [ RunTime:0.000000s ]

[ 2015-11-16T14:25:07+08:00 ] 219.137.118.88 /wechat/admin/audit/index.html
INFO: [ app_init ] --START--
INFO: Run Behavior\BuildLiteBehavior [ RunTime:0.000000s ]
INFO: [ app_init ] --END-- [ RunTime:0.000000s ]
INFO: [ app_begin ] --START--
INFO: Run Behavior\ReadHtmlCacheBehavior [ RunTime:0.000000s ]
INFO: [ app_begin ] --END-- [ RunTime:0.015625s ]
SQL: SHOW COLUMNS FROM `tp_user_point` [ RunTime:0.0000s ]
SQL: SHOW COLUMNS FROM `tp_user_point_audit` [ RunTime:0.0156s ]
SQL: SHOW COLUMNS FROM `tp_user` [ RunTime:0.0000s ]
SQL: SHOW COLUMNS FROM `tp_user_point` [ RunTime:0.0000s ]
SQL: SHOW COLUMNS FROM `tp_user` [ RunTime:0.0156s ]
SQL: SHOW COLUMNS FROM `tp_level` [ RunTime:0.0000s ]
SQL: SHOW COLUMNS FROM `tp_admin` [ RunTime:0.0156s ]
SQL: SHOW COLUMNS FROM `tp_store` [ RunTime:0.0156s ]
SQL: SHOW COLUMNS FROM `tp_user_point_audit` [ RunTime:0.0000s ]
SQL: SELECT user_point.id AS id,user_point.type AS type,user_point.point AS point,user_point.userid AS userid,user_point.descr AS descr,user_point.attach AS attach,user_point.createdate AS createdate,user.phone AS user_phone,user.point AS user_point,user.descr AS user_descr,level.id AS user_level_id,level.name AS user_level_name,admin.id AS manager_id,admin.realname AS manager_realname,admin.phone AS manager_phone,store.id AS store_id,store.name AS store_name,store.address AS store_address FROM tp_user_point user_point LEFT JOIN tp_user user ON user_point.userid = user.id LEFT JOIN tp_level level ON user.level = level.id LEFT JOIN tp_admin admin ON admin.id = user_point.manager LEFT JOIN tp_store store ON admin.storeid = store.id LEFT JOIN tp_user_point_audit user_point_audit ON user_point_audit.pointid = user_point.id WHERE user_point.status = 0 ORDER BY user_point.createdate desc  [ RunTime:0.0000s ]
INFO: [ view_parse ] --START--
INFO: [ template_filter ] --START--
INFO: Run Behavior\ContentReplaceBehavior [ RunTime:0.000000s ]
INFO: [ template_filter ] --END-- [ RunTime:0.015625s ]
INFO: Run Behavior\ParseTemplateBehavior [ RunTime:0.078125s ]
INFO: [ view_parse ] --END-- [ RunTime:0.078125s ]
INFO: [ view_filter ] --START--
INFO: Run Behavior\WriteHtmlCacheBehavior [ RunTime:0.000000s ]
INFO: [ view_filter ] --END-- [ RunTime:0.000000s ]
INFO: [ app_end ] --START--
INFO: Run Behavior\ShowPageTraceBehavior [ RunTime:0.000000s ]
INFO: [ app_end ] --END-- [ RunTime:0.015625s ]

[ 2015-11-16T14:25:09+08:00 ] 219.137.118.88 /wechat/admin/activity/index.html
INFO: [ app_init ] --START--
INFO: Run Behavior\BuildLiteBehavior [ RunTime:0.000000s ]
INFO: [ app_init ] --END-- [ RunTime:0.000000s ]
INFO: [ app_begin ] --START--
INFO: Run Behavior\ReadHtmlCacheBehavior [ RunTime:0.000000s ]
INFO: [ app_begin ] --END-- [ RunTime:0.000000s ]
SQL: SHOW COLUMNS FROM `tp_activity` [ RunTime:0.0000s ]
SQL: SHOW COLUMNS FROM `tp_store` [ RunTime:0.0000s ]
SQL: SHOW COLUMNS FROM `tp_admin` [ RunTime:0.0156s ]
SQL: SHOW COLUMNS FROM `tp_activity` [ RunTime:0.0156s ]
SQL: SHOW COLUMNS FROM `tp_store` [ RunTime:0.0000s ]
SQL: SHOW COLUMNS FROM `tp_admin` [ RunTime:0.0156s ]
SQL: SELECT activity.id AS id,activity.name AS name,activity.point AS point,activity.createdate AS createdate,activity.startdate AS startdate,activity.enddate AS enddate,activity.descr AS descr,activity.istop AS istop,activity.pic AS pic,activity.storeid AS storeid,store.name AS store_name,store.phone AS store_phone,store.address AS store_address,admin.id AS store_admin_id,admin.realname AS store_admin_realname,admin.phone AS store_admin_phone,admin.lastlogin AS store_admin_lastlogin FROM tp_activity activity LEFT JOIN tp_store store ON activity.storeid = store.id LEFT JOIN tp_admin admin ON store.adminid = admin.id ORDER BY activity.istop desc,activity.createdate desc  [ RunTime:0.0000s ]
INFO: [ view_parse ] --START--
INFO: [ template_filter ] --START--
INFO: Run Behavior\ContentReplaceBehavior [ RunTime:0.000000s ]
INFO: [ template_filter ] --END-- [ RunTime:0.000000s ]
INFO: Run Behavior\ParseTemplateBehavior [ RunTime:0.109375s ]
INFO: [ view_parse ] --END-- [ RunTime:0.109375s ]
INFO: [ view_filter ] --START--
INFO: Run Behavior\WriteHtmlCacheBehavior [ RunTime:0.015625s ]
INFO: [ view_filter ] --END-- [ RunTime:0.015625s ]
INFO: [ app_end ] --START--
INFO: Run Behavior\ShowPageTraceBehavior [ RunTime:0.015625s ]
INFO: [ app_end ] --END-- [ RunTime:0.015625s ]

[ 2015-11-16T14:25:11+08:00 ] 219.137.118.88 /wechat/admin/admin/index.html
INFO: [ app_init ] --START--
INFO: Run Behavior\BuildLiteBehavior [ RunTime:0.000000s ]
INFO: [ app_init ] --END-- [ RunTime:0.000000s ]
INFO: [ app_begin ] --START--
INFO: Run Behavior\ReadHtmlCacheBehavior [ RunTime:0.015625s ]
INFO: [ app_begin ] --END-- [ RunTime:0.015625s ]
SQL: SHOW COLUMNS FROM `tp_admin` [ RunTime:0.0000s ]
SQL: SHOW COLUMNS FROM `tp_admin` [ RunTime:0.0000s ]
SQL: SHOW COLUMNS FROM `tp_store` [ RunTime:0.0156s ]
SQL: SELECT admin.id AS id,admin.name AS name,admin.phone AS phone,admin.email AS email,admin.birthday AS birthday,admin.gender AS gender,admin.realname AS realname,admin.lastlogin AS lastlogin,admin.descr AS descr,store.id AS store_id,store.name AS store_name FROM tp_admin admin LEFT JOIN tp_store store ON admin.storeid = store.id WHERE `enabled` = 1 AND admin.groupid = 2 ORDER BY admin.lastlogin desc  [ RunTime:0.0000s ]
INFO: [ view_parse ] --START--
INFO: [ template_filter ] --START--
INFO: Run Behavior\ContentReplaceBehavior [ RunTime:0.015625s ]
INFO: [ template_filter ] --END-- [ RunTime:0.015625s ]
INFO: Run Behavior\ParseTemplateBehavior [ RunTime:0.109375s ]
INFO: [ view_parse ] --END-- [ RunTime:0.109375s ]
INFO: [ view_filter ] --START--
INFO: Run Behavior\WriteHtmlCacheBehavior [ RunTime:0.000000s ]
INFO: [ view_filter ] --END-- [ RunTime:0.000000s ]
INFO: [ app_end ] --START--
INFO: Run Behavior\ShowPageTraceBehavior [ RunTime:0.000000s ]
INFO: [ app_end ] --END-- [ RunTime:0.000000s ]

[ 2015-11-16T14:25:19+08:00 ] 219.137.118.88 /wechat/admin/activity/index.html
INFO: [ app_init ] --START--
INFO: Run Behavior\BuildLiteBehavior [ RunTime:0.000000s ]
INFO: [ app_init ] --END-- [ RunTime:0.000000s ]
INFO: [ app_begin ] --START--
INFO: Run Behavior\ReadHtmlCacheBehavior [ RunTime:0.000000s ]
INFO: [ app_begin ] --END-- [ RunTime:0.000000s ]
SQL: SHOW COLUMNS FROM `tp_activity` [ RunTime:0.0000s ]
SQL: SHOW COLUMNS FROM `tp_store` [ RunTime:0.0156s ]
SQL: SHOW COLUMNS FROM `tp_admin` [ RunTime:0.0156s ]
SQL: SHOW COLUMNS FROM `tp_activity` [ RunTime:0.0156s ]
SQL: SHOW COLUMNS FROM `tp_store` [ RunTime:0.0156s ]
SQL: SHOW COLUMNS FROM `tp_admin` [ RunTime:0.0156s ]
SQL: SELECT activity.id AS id,activity.name AS name,activity.point AS point,activity.createdate AS createdate,activity.startdate AS startdate,activity.enddate AS enddate,activity.descr AS descr,activity.istop AS istop,activity.pic AS pic,activity.storeid AS storeid,store.name AS store_name,store.phone AS store_phone,store.address AS store_address,admin.id AS store_admin_id,admin.realname AS store_admin_realname,admin.phone AS store_admin_phone,admin.lastlogin AS store_admin_lastlogin FROM tp_activity activity LEFT JOIN tp_store store ON activity.storeid = store.id LEFT JOIN tp_admin admin ON store.adminid = admin.id ORDER BY activity.istop desc,activity.createdate desc  [ RunTime:0.0156s ]
INFO: [ view_parse ] --START--
INFO: [ template_filter ] --START--
INFO: Run Behavior\ContentReplaceBehavior [ RunTime:0.000000s ]
INFO: [ template_filter ] --END-- [ RunTime:0.015625s ]
INFO: Run Behavior\ParseTemplateBehavior [ RunTime:0.125000s ]
INFO: [ view_parse ] --END-- [ RunTime:0.125000s ]
INFO: [ view_filter ] --START--
INFO: Run Behavior\WriteHtmlCacheBehavior [ RunTime:0.015625s ]
INFO: [ view_filter ] --END-- [ RunTime:0.015625s ]
INFO: [ app_end ] --START--
INFO: Run Behavior\ShowPageTraceBehavior [ RunTime:0.000000s ]
INFO: [ app_end ] --END-- [ RunTime:0.000000s ]

[ 2015-11-16T14:25:20+08:00 ] 219.137.118.88 /wechat/admin/audit/index.html
INFO: [ app_init ] --START--
INFO: Run Behavior\BuildLiteBehavior [ RunTime:0.000000s ]
INFO: [ app_init ] --END-- [ RunTime:0.000000s ]
INFO: [ app_begin ] --START--
INFO: Run Behavior\ReadHtmlCacheBehavior [ RunTime:0.000000s ]
INFO: [ app_begin ] --END-- [ RunTime:0.000000s ]
SQL: SHOW COLUMNS FROM `tp_user_point` [ RunTime:0.0000s ]
SQL: SHOW COLUMNS FROM `tp_user_point_audit` [ RunTime:0.0313s ]
SQL: SHOW COLUMNS FROM `tp_user` [ RunTime:0.0156s ]
SQL: SHOW COLUMNS FROM `tp_user_point` [ RunTime:0.0000s ]
SQL: SHOW COLUMNS FROM `tp_user` [ RunTime:0.0313s ]
SQL: SHOW COLUMNS FROM `tp_level` [ RunTime:0.0000s ]
SQL: SHOW COLUMNS FROM `tp_admin` [ RunTime:0.0156s ]
SQL: SHOW COLUMNS FROM `tp_store` [ RunTime:0.0156s ]
SQL: SHOW COLUMNS FROM `tp_user_point_audit` [ RunTime:0.0000s ]
SQL: SELECT user_point.id AS id,user_point.type AS type,user_point.point AS point,user_point.userid AS userid,user_point.descr AS descr,user_point.attach AS attach,user_point.createdate AS createdate,user.phone AS user_phone,user.point AS user_point,user.descr AS user_descr,level.id AS user_level_id,level.name AS user_level_name,admin.id AS manager_id,admin.realname AS manager_realname,admin.phone AS manager_phone,store.id AS store_id,store.name AS store_name,store.address AS store_address FROM tp_user_point user_point LEFT JOIN tp_user user ON user_point.userid = user.id LEFT JOIN tp_level level ON user.level = level.id LEFT JOIN tp_admin admin ON admin.id = user_point.manager LEFT JOIN tp_store store ON admin.storeid = store.id LEFT JOIN tp_user_point_audit user_point_audit ON user_point_audit.pointid = user_point.id WHERE user_point.status = 0 ORDER BY user_point.createdate desc  [ RunTime:0.0000s ]
INFO: [ view_parse ] --START--
INFO: [ template_filter ] --START--
INFO: Run Behavior\ContentReplaceBehavior [ RunTime:0.000000s ]
INFO: [ template_filter ] --END-- [ RunTime:0.015625s ]
INFO: Run Behavior\ParseTemplateBehavior [ RunTime:0.109375s ]
INFO: [ view_parse ] --END-- [ RunTime:0.109375s ]
INFO: [ view_filter ] --START--
INFO: Run Behavior\WriteHtmlCacheBehavior [ RunTime:0.000000s ]
INFO: [ view_filter ] --END-- [ RunTime:0.000000s ]
INFO: [ app_end ] --START--
INFO: Run Behavior\ShowPageTraceBehavior [ RunTime:0.015625s ]
INFO: [ app_end ] --END-- [ RunTime:0.015625s ]

[ 2015-11-16T14:27:46+08:00 ] 219.137.118.88 /wechat/admin/activity/index.html
INFO: [ app_init ] --START--
INFO: Run Behavior\BuildLiteBehavior [ RunTime:0.000000s ]
INFO: [ app_init ] --END-- [ RunTime:0.000000s ]
INFO: [ app_begin ] --START--
INFO: Run Behavior\ReadHtmlCacheBehavior [ RunTime:0.000000s ]
INFO: [ app_begin ] --END-- [ RunTime:0.000000s ]
SQL: SHOW COLUMNS FROM `tp_activity` [ RunTime:0.0000s ]
SQL: SHOW COLUMNS FROM `tp_store` [ RunTime:0.0000s ]
SQL: SHOW COLUMNS FROM `tp_admin` [ RunTime:0.0156s ]
SQL: SHOW COLUMNS FROM `tp_activity` [ RunTime:0.0000s ]
SQL: SHOW COLUMNS FROM `tp_store` [ RunTime:0.0156s ]
SQL: SHOW COLUMNS FROM `tp_admin` [ RunTime:0.0000s ]
SQL: SELECT activity.id AS id,activity.name AS name,activity.point AS point,activity.createdate AS createdate,activity.startdate AS startdate,activity.enddate AS enddate,activity.descr AS descr,activity.istop AS istop,activity.pic AS pic,activity.storeid AS storeid,store.name AS store_name,store.phone AS store_phone,store.address AS store_address,admin.id AS store_admin_id,admin.realname AS store_admin_realname,admin.phone AS store_admin_phone,admin.lastlogin AS store_admin_lastlogin FROM tp_activity activity LEFT JOIN tp_store store ON activity.storeid = store.id LEFT JOIN tp_admin admin ON store.adminid = admin.id ORDER BY activity.istop desc,activity.createdate desc  [ RunTime:0.0156s ]
INFO: [ view_parse ] --START--
INFO: [ template_filter ] --START--
INFO: Run Behavior\ContentReplaceBehavior [ RunTime:0.000000s ]
INFO: [ template_filter ] --END-- [ RunTime:0.000000s ]
INFO: Run Behavior\ParseTemplateBehavior [ RunTime:0.140625s ]
INFO: [ view_parse ] --END-- [ RunTime:0.140625s ]
INFO: [ view_filter ] --START--
INFO: Run Behavior\WriteHtmlCacheBehavior [ RunTime:0.015625s ]
INFO: [ view_filter ] --END-- [ RunTime:0.015625s ]
INFO: [ app_end ] --START--
INFO: Run Behavior\ShowPageTraceBehavior [ RunTime:0.000000s ]
INFO: [ app_end ] --END-- [ RunTime:0.000000s ]

[ 2015-11-16T14:28:56+08:00 ] 219.137.118.88 /wechat/admin/audit/index.html
INFO: [ app_init ] --START--
INFO: Run Behavior\BuildLiteBehavior [ RunTime:0.000000s ]
INFO: [ app_init ] --END-- [ RunTime:0.015625s ]
INFO: [ app_begin ] --START--
INFO: Run Behavior\ReadHtmlCacheBehavior [ RunTime:0.000000s ]
INFO: [ app_begin ] --END-- [ RunTime:0.000000s ]
SQL: SHOW COLUMNS FROM `tp_user_point` [ RunTime:0.0156s ]
SQL: SHOW COLUMNS FROM `tp_user_point_audit` [ RunTime:0.0156s ]
SQL: SHOW COLUMNS FROM `tp_user` [ RunTime:0.0000s ]
SQL: SHOW COLUMNS FROM `tp_user_point` [ RunTime:0.0156s ]
SQL: SHOW COLUMNS FROM `tp_user` [ RunTime:0.0156s ]
SQL: SHOW COLUMNS FROM `tp_level` [ RunTime:0.0156s ]
SQL: SHOW COLUMNS FROM `tp_admin` [ RunTime:0.0000s ]
SQL: SHOW COLUMNS FROM `tp_store` [ RunTime:0.0156s ]
SQL: SHOW COLUMNS FROM `tp_user_point_audit` [ RunTime:0.0156s ]
SQL: SELECT user_point.id AS id,user_point.type AS type,user_point.point AS point,user_point.userid AS userid,user_point.descr AS descr,user_point.attach AS attach,user_point.createdate AS createdate,user.phone AS user_phone,user.point AS user_point,user.descr AS user_descr,level.id AS user_level_id,level.name AS user_level_name,admin.id AS manager_id,admin.realname AS manager_realname,admin.phone AS manager_phone,store.id AS store_id,store.name AS store_name,store.address AS store_address FROM tp_user_point user_point LEFT JOIN tp_user user ON user_point.userid = user.id LEFT JOIN tp_level level ON user.level = level.id LEFT JOIN tp_admin admin ON admin.id = user_point.manager LEFT JOIN tp_store store ON admin.storeid = store.id LEFT JOIN tp_user_point_audit user_point_audit ON user_point_audit.pointid = user_point.id WHERE user_point.status = 0 ORDER BY user_point.createdate desc  [ RunTime:0.0000s ]
INFO: [ view_parse ] --START--
INFO: [ template_filter ] --START--
INFO: Run Behavior\ContentReplaceBehavior [ RunTime:0.000000s ]
INFO: [ template_filter ] --END-- [ RunTime:0.000000s ]
INFO: Run Behavior\ParseTemplateBehavior [ RunTime:0.109375s ]
INFO: [ view_parse ] --END-- [ RunTime:0.109375s ]
INFO: [ view_filter ] --START--
INFO: Run Behavior\WriteHtmlCacheBehavior [ RunTime:0.015625s ]
INFO: [ view_filter ] --END-- [ RunTime:0.015625s ]
INFO: [ app_end ] --START--
INFO: Run Behavior\ShowPageTraceBehavior [ RunTime:0.000000s ]
INFO: [ app_end ] --END-- [ RunTime:0.000000s ]

[ 2015-11-16T14:29:00+08:00 ] 219.137.118.88 /wechat/admin/activity/index.html
INFO: [ app_init ] --START--
INFO: Run Behavior\BuildLiteBehavior [ RunTime:0.000000s ]
INFO: [ app_init ] --END-- [ RunTime:0.000000s ]
INFO: [ app_begin ] --START--
INFO: Run Behavior\ReadHtmlCacheBehavior [ RunTime:0.000000s ]
INFO: [ app_begin ] --END-- [ RunTime:0.000000s ]
SQL: SHOW COLUMNS FROM `tp_activity` [ RunTime:0.0000s ]
SQL: SHOW COLUMNS FROM `tp_store` [ RunTime:0.0000s ]
SQL: SHOW COLUMNS FROM `tp_admin` [ RunTime:0.0156s ]
SQL: SHOW COLUMNS FROM `tp_activity` [ RunTime:0.0000s ]
SQL: SHOW COLUMNS FROM `tp_store` [ RunTime:0.0156s ]
SQL: SHOW COLUMNS FROM `tp_admin` [ RunTime:0.0000s ]
SQL: SELECT activity.id AS id,activity.name AS name,activity.point AS point,activity.createdate AS createdate,activity.startdate AS startdate,activity.enddate AS enddate,activity.descr AS descr,activity.istop AS istop,activity.pic AS pic,activity.storeid AS storeid,store.name AS store_name,store.phone AS store_phone,store.address AS store_address,admin.id AS store_admin_id,admin.realname AS store_admin_realname,admin.phone AS store_admin_phone,admin.lastlogin AS store_admin_lastlogin FROM tp_activity activity LEFT JOIN tp_store store ON activity.storeid = store.id LEFT JOIN tp_admin admin ON store.adminid = admin.id ORDER BY activity.istop desc,activity.createdate desc  [ RunTime:0.0000s ]
INFO: [ view_parse ] --START--
INFO: [ template_filter ] --START--
INFO: Run Behavior\ContentReplaceBehavior [ RunTime:0.000000s ]
INFO: [ template_filter ] --END-- [ RunTime:0.000000s ]
INFO: Run Behavior\ParseTemplateBehavior [ RunTime:0.171875s ]
INFO: [ view_parse ] --END-- [ RunTime:0.171875s ]
INFO: [ view_filter ] --START--
INFO: Run Behavior\WriteHtmlCacheBehavior [ RunTime:0.000000s ]
INFO: [ view_filter ] --END-- [ RunTime:0.015625s ]
INFO: [ app_end ] --START--
INFO: Run Behavior\ShowPageTraceBehavior [ RunTime:0.015625s ]
INFO: [ app_end ] --END-- [ RunTime:0.015625s ]

[ 2015-11-16T14:29:03+08:00 ] 219.137.118.88 /wechat/admin/admin/index.html
INFO: [ app_init ] --START--
INFO: Run Behavior\BuildLiteBehavior [ RunTime:0.000000s ]
INFO: [ app_init ] --END-- [ RunTime:0.000000s ]
INFO: [ app_begin ] --START--
INFO: Run Behavior\ReadHtmlCacheBehavior [ RunTime:0.015625s ]
INFO: [ app_begin ] --END-- [ RunTime:0.015625s ]
SQL: SHOW COLUMNS FROM `tp_admin` [ RunTime:0.0156s ]
SQL: SHOW COLUMNS FROM `tp_admin` [ RunTime:0.0000s ]
SQL: SHOW COLUMNS FROM `tp_store` [ RunTime:0.0000s ]
SQL: SELECT admin.id AS id,admin.name AS name,admin.phone AS phone,admin.email AS email,admin.birthday AS birthday,admin.gender AS gender,admin.realname AS realname,admin.lastlogin AS lastlogin,admin.descr AS descr,store.id AS store_id,store.name AS store_name FROM tp_admin admin LEFT JOIN tp_store store ON admin.storeid = store.id WHERE `enabled` = 1 AND admin.groupid = 2 ORDER BY admin.lastlogin desc  [ RunTime:0.0156s ]
INFO: [ view_parse ] --START--
INFO: [ template_filter ] --START--
INFO: Run Behavior\ContentReplaceBehavior [ RunTime:0.000000s ]
INFO: [ template_filter ] --END-- [ RunTime:0.000000s ]
INFO: Run Behavior\ParseTemplateBehavior [ RunTime:0.140625s ]
INFO: [ view_parse ] --END-- [ RunTime:0.140625s ]
INFO: [ view_filter ] --START--
INFO: Run Behavior\WriteHtmlCacheBehavior [ RunTime:0.015625s ]
INFO: [ view_filter ] --END-- [ RunTime:0.015625s ]
INFO: [ app_end ] --START--
INFO: Run Behavior\ShowPageTraceBehavior [ RunTime:0.000000s ]
INFO: [ app_end ] --END-- [ RunTime:0.000000s ]

[ 2015-11-16T14:29:06+08:00 ] 219.137.118.88 /wechat/admin/level/index.html
INFO: [ app_init ] --START--
INFO: Run Behavior\BuildLiteBehavior [ RunTime:0.000000s ]
INFO: [ app_init ] --END-- [ RunTime:0.000000s ]
INFO: [ app_begin ] --START--
INFO: Run Behavior\ReadHtmlCacheBehavior [ RunTime:0.000000s ]
INFO: [ app_begin ] --END-- [ RunTime:0.000000s ]
SQL: SHOW COLUMNS FROM `tp_level` [ RunTime:0.0000s ]
SQL: SHOW COLUMNS FROM `tp_user` [ RunTime:0.0156s ]
SQL: SHOW COLUMNS FROM `tp_user_point` [ RunTime:0.0156s ]
SQL: SHOW COLUMNS FROM `tp_user_point_audit` [ RunTime:0.0156s ]
SQL: SHOW COLUMNS FROM `tp_level` [ RunTime:0.0156s ]
SQL: SHOW COLUMNS FROM `tp_user` [ RunTime:0.0000s ]
SQL: SELECT level.id AS id,level.name AS name,level.pic AS pic,level.descr AS descr,level.point_begin AS point_begin,level.point_end AS point_end,COUNT(user.id) AS user_count FROM tp_level level LEFT JOIN tp_user user ON level.id = user.level WHERE `deleted` = 0 GROUP BY level.id ORDER BY level.point_end desc  [ RunTime:0.0156s ]
INFO: [ view_parse ] --START--
INFO: [ template_filter ] --START--
INFO: Run Behavior\ContentReplaceBehavior [ RunTime:0.000000s ]
INFO: [ template_filter ] --END-- [ RunTime:0.000000s ]
INFO: Run Behavior\ParseTemplateBehavior [ RunTime:0.125000s ]
INFO: [ view_parse ] --END-- [ RunTime:0.125000s ]
INFO: [ view_filter ] --START--
INFO: Run Behavior\WriteHtmlCacheBehavior [ RunTime:0.015625s ]
INFO: [ view_filter ] --END-- [ RunTime:0.015625s ]
INFO: [ app_end ] --START--
INFO: Run Behavior\ShowPageTraceBehavior [ RunTime:0.000000s ]
INFO: [ app_end ] --END-- [ RunTime:0.000000s ]

[ 2015-11-16T14:29:34+08:00 ] 219.137.118.88 /wechat/admin/store/index.html
INFO: [ app_init ] --START--
INFO: Run Behavior\BuildLiteBehavior [ RunTime:0.000000s ]
INFO: [ app_init ] --END-- [ RunTime:0.000000s ]
INFO: [ app_begin ] --START--
INFO: Run Behavior\ReadHtmlCacheBehavior [ RunTime:0.000000s ]
INFO: [ app_begin ] --END-- [ RunTime:0.015625s ]
SQL: SHOW COLUMNS FROM `tp_store` [ RunTime:0.0156s ]
SQL: SHOW COLUMNS FROM `tp_admin` [ RunTime:0.0156s ]
SQL: SHOW COLUMNS FROM `tp_store` [ RunTime:0.0000s ]
SQL: SHOW COLUMNS FROM `tp_admin` [ RunTime:0.0156s ]
SQL: SELECT store.id AS id,store.name AS name,store.address AS address,store.phone AS phone,store.email AS email,store.descr AS descr,store.createtime AS createtime,store.updatetime AS updatetime,admin.realname AS admin_realname,admin.phone AS admin_phone,admin.email AS admin_email,admin.lastlogin AS admin_lastlogin,admin.id AS admin_id FROM tp_store store LEFT JOIN tp_admin admin ON store.adminid = admin.id WHERE store.deleted = 0 ORDER BY createdate desc  [ RunTime:0.0000s ]
INFO: [ view_parse ] --START--
INFO: [ template_filter ] --START--
INFO: Run Behavior\ContentReplaceBehavior [ RunTime:0.000000s ]
INFO: [ template_filter ] --END-- [ RunTime:0.000000s ]
INFO: Run Behavior\ParseTemplateBehavior [ RunTime:0.140625s ]
INFO: [ view_parse ] --END-- [ RunTime:0.140625s ]
INFO: [ view_filter ] --START--
INFO: Run Behavior\WriteHtmlCacheBehavior [ RunTime:0.000000s ]
INFO: [ view_filter ] --END-- [ RunTime:0.000000s ]
INFO: [ app_end ] --START--
INFO: Run Behavior\ShowPageTraceBehavior [ RunTime:0.000000s ]
INFO: [ app_end ] --END-- [ RunTime:0.000000s ]

[ 2015-11-16T14:29:35+08:00 ] 219.137.118.88 /wechat/admin/user/index.html
INFO: [ app_init ] --START--
INFO: Run Behavior\BuildLiteBehavior [ RunTime:0.000000s ]
INFO: [ app_init ] --END-- [ RunTime:0.000000s ]
INFO: [ app_begin ] --START--
INFO: Run Behavior\ReadHtmlCacheBehavior [ RunTime:0.000000s ]
INFO: [ app_begin ] --END-- [ RunTime:0.000000s ]
SQL: SHOW COLUMNS FROM `tp_user` [ RunTime:0.0156s ]
SQL: SHOW COLUMNS FROM `tp_user_point` [ RunTime:0.0156s ]
SQL: SHOW COLUMNS FROM `tp_user_point_audit` [ RunTime:0.0156s ]
SQL: SHOW COLUMNS FROM `tp_user` [ RunTime:0.0000s ]
SQL: SHOW COLUMNS FROM `tp_level` [ RunTime:0.0000s ]
SQL: SELECT user.id AS id,user.phone AS phone,user.point AS point,user.lastlogin AS lastlogin,user.descr AS descr,user.createdate AS createdate,level.id AS level_id,level.name AS level_name FROM tp_user user LEFT JOIN tp_level level ON user.level = level.id WHERE `enabled` = 1 ORDER BY user.level desc  [ RunTime:0.0000s ]
INFO: [ view_parse ] --START--
INFO: [ template_filter ] --START--
INFO: Run Behavior\ContentReplaceBehavior [ RunTime:0.000000s ]
INFO: [ template_filter ] --END-- [ RunTime:0.000000s ]
INFO: Run Behavior\ParseTemplateBehavior [ RunTime:0.109375s ]
INFO: [ view_parse ] --END-- [ RunTime:0.109375s ]
INFO: [ view_filter ] --START--
INFO: Run Behavior\WriteHtmlCacheBehavior [ RunTime:0.000000s ]
INFO: [ view_filter ] --END-- [ RunTime:0.015625s ]
INFO: [ app_end ] --START--
INFO: Run Behavior\ShowPageTraceBehavior [ RunTime:0.000000s ]
INFO: [ app_end ] --END-- [ RunTime:0.000000s ]

[ 2015-11-16T14:29:43+08:00 ] 219.137.118.88 /wechat/Admin/User/Point.html?id=10
INFO: [ app_init ] --START--
INFO: Run Behavior\BuildLiteBehavior [ RunTime:0.000000s ]
INFO: [ app_init ] --END-- [ RunTime:0.000000s ]
INFO: [ app_begin ] --START--
INFO: Run Behavior\ReadHtmlCacheBehavior [ RunTime:0.000000s ]
INFO: [ app_begin ] --END-- [ RunTime:0.000000s ]
SQL: SHOW COLUMNS FROM `tp_user` [ RunTime:0.0000s ]
SQL: SHOW COLUMNS FROM `tp_user_point` [ RunTime:0.0000s ]
SQL: SHOW COLUMNS FROM `tp_user_point_audit` [ RunTime:0.0156s ]
SQL: SHOW COLUMNS FROM `tp_user` [ RunTime:0.0156s ]
SQL: SHOW COLUMNS FROM `tp_level` [ RunTime:0.0000s ]
SQL: SELECT user.id AS id,user.phone AS phone,user.avatar AS avatar,user.point AS point,user.name AS name,user.createdate AS createdate,user.lastlogin AS lastlogin,user.descr AS descr,user.useragent AS useragent,user.openid AS openid,level.id AS level_id,level.name AS level_name FROM tp_user user LEFT JOIN tp_level level ON user.level = level.id WHERE user.id = '10' LIMIT 1   [ RunTime:0.0000s ]
NOTIC: [8] Undefined variable: result D:\website\wechat\Application\Admin\Controller\UserController.class.php  65 .
NOTIC: [8] Undefined variable: result D:\website\wechat\Application\Admin\Controller\UserController.class.php  67 .
INFO: [ view_parse ] --START--
INFO: [ template_filter ] --START--
INFO: Run Behavior\ContentReplaceBehavior [ RunTime:0.000000s ]
INFO: [ template_filter ] --END-- [ RunTime:0.000000s ]
NOTIC: [8] Undefined index: point D:\website\wechat\Application\Runtime\Cache\Admin\11aeb9265b4edddd954c7d15cee4f6a3.php  156 .
INFO: Run Behavior\ParseTemplateBehavior [ RunTime:0.109375s ]
INFO: [ view_parse ] --END-- [ RunTime:0.109375s ]
INFO: [ view_filter ] --START--
INFO: Run Behavior\WriteHtmlCacheBehavior [ RunTime:0.000000s ]
INFO: [ view_filter ] --END-- [ RunTime:0.000000s ]
INFO: [ app_end ] --START--
INFO: Run Behavior\ShowPageTraceBehavior [ RunTime:0.000000s ]
INFO: [ app_end ] --END-- [ RunTime:0.000000s ]

[ 2015-11-16T14:30:10+08:00 ] 219.137.118.88 /wechat/Admin/User/point.html
INFO: [ app_init ] --START--
INFO: Run Behavior\BuildLiteBehavior [ RunTime:0.000000s ]
INFO: [ app_init ] --END-- [ RunTime:0.000000s ]
INFO: [ app_begin ] --START--
INFO: Run Behavior\ReadHtmlCacheBehavior [ RunTime:0.000000s ]
INFO: [ app_begin ] --END-- [ RunTime:0.015625s ]
SQL: SHOW COLUMNS FROM `tp_user` [ RunTime:0.0156s ]
SQL: SHOW COLUMNS FROM `tp_user_point` [ RunTime:0.0156s ]
SQL: SHOW COLUMNS FROM `tp_user_point_audit` [ RunTime:0.0156s ]
NOTIC: [2] finfo_file(): Empty filename or path D:\website\wechat\ThinkPHP\Library\Think\Upload.class.php  152 .
NOTIC: [2] finfo_file(): Empty filename or path D:\website\wechat\ThinkPHP\Library\Think\Upload.class.php  152 .
NOTIC: [2] finfo_file(): Empty filename or path D:\website\wechat\ThinkPHP\Library\Think\Upload.class.php  152 .
INFO: [ view_parse ] --START--
INFO: [ template_filter ] --START--
INFO: Run Behavior\ContentReplaceBehavior [ RunTime:0.000000s ]
INFO: [ template_filter ] --END-- [ RunTime:0.000000s ]
INFO: Run Behavior\ParseTemplateBehavior [ RunTime:0.140625s ]
INFO: [ view_parse ] --END-- [ RunTime:0.140625s ]
INFO: [ view_filter ] --START--
INFO: Run Behavior\WriteHtmlCacheBehavior [ RunTime:0.000000s ]
INFO: [ view_filter ] --END-- [ RunTime:0.000000s ]
INFO: [ app_end ] --START--
INFO: Run Behavior\ShowPageTraceBehavior [ RunTime:0.000000s ]
INFO: [ app_end ] --END-- [ RunTime:0.000000s ]

[ 2015-11-16T14:30:17+08:00 ] 219.137.118.88 /wechat/admin/user/index.html
INFO: [ app_init ] --START--
INFO: Run Behavior\BuildLiteBehavior [ RunTime:0.000000s ]
INFO: [ app_init ] --END-- [ RunTime:0.000000s ]
INFO: [ app_begin ] --START--
INFO: Run Behavior\ReadHtmlCacheBehavior [ RunTime:0.000000s ]
INFO: [ app_begin ] --END-- [ RunTime:0.000000s ]
SQL: SHOW COLUMNS FROM `tp_user` [ RunTime:0.0156s ]
SQL: SHOW COLUMNS FROM `tp_user_point` [ RunTime:0.0000s ]
SQL: SHOW COLUMNS FROM `tp_user_point_audit` [ RunTime:0.0000s ]
SQL: SHOW COLUMNS FROM `tp_user` [ RunTime:0.0156s ]
SQL: SHOW COLUMNS FROM `tp_level` [ RunTime:0.0000s ]
SQL: SELECT user.id AS id,user.phone AS phone,user.point AS point,user.lastlogin AS lastlogin,user.descr AS descr,user.createdate AS createdate,level.id AS level_id,level.name AS level_name FROM tp_user user LEFT JOIN tp_level level ON user.level = level.id WHERE `enabled` = 1 ORDER BY user.level desc  [ RunTime:0.0000s ]
INFO: [ view_parse ] --START--
INFO: [ template_filter ] --START--
INFO: Run Behavior\ContentReplaceBehavior [ RunTime:0.000000s ]
INFO: [ template_filter ] --END-- [ RunTime:0.000000s ]
INFO: Run Behavior\ParseTemplateBehavior [ RunTime:0.187500s ]
INFO: [ view_parse ] --END-- [ RunTime:0.187500s ]
INFO: [ view_filter ] --START--
INFO: Run Behavior\WriteHtmlCacheBehavior [ RunTime:0.015625s ]
INFO: [ view_filter ] --END-- [ RunTime:0.015625s ]
INFO: [ app_end ] --START--
INFO: Run Behavior\ShowPageTraceBehavior [ RunTime:0.000000s ]
INFO: [ app_end ] --END-- [ RunTime:0.000000s ]

[ 2015-11-16T14:30:25+08:00 ] 219.137.118.88 /wechat/Admin/User/Point.html?id=9
INFO: [ app_init ] --START--
INFO: Run Behavior\BuildLiteBehavior [ RunTime:0.000000s ]
INFO: [ app_init ] --END-- [ RunTime:0.000000s ]
INFO: [ app_begin ] --START--
INFO: Run Behavior\ReadHtmlCacheBehavior [ RunTime:0.000000s ]
INFO: [ app_begin ] --END-- [ RunTime:0.015625s ]
SQL: SHOW COLUMNS FROM `tp_user` [ RunTime:0.0000s ]
SQL: SHOW COLUMNS FROM `tp_user_point` [ RunTime:0.0000s ]
SQL: SHOW COLUMNS FROM `tp_user_point_audit` [ RunTime:0.0156s ]
SQL: SHOW COLUMNS FROM `tp_user` [ RunTime:0.0000s ]
SQL: SHOW COLUMNS FROM `tp_level` [ RunTime:0.0156s ]
SQL: SELECT user.id AS id,user.phone AS phone,user.avatar AS avatar,user.point AS point,user.name AS name,user.createdate AS createdate,user.lastlogin AS lastlogin,user.descr AS descr,user.useragent AS useragent,user.openid AS openid,level.id AS level_id,level.name AS level_name FROM tp_user user LEFT JOIN tp_level level ON user.level = level.id WHERE user.id = '9' LIMIT 1   [ RunTime:0.0000s ]
NOTIC: [8] Undefined variable: result D:\website\wechat\Application\Admin\Controller\UserController.class.php  65 .
NOTIC: [8] Undefined variable: result D:\website\wechat\Application\Admin\Controller\UserController.class.php  67 .
INFO: [ view_parse ] --START--
INFO: [ template_filter ] --START--
INFO: Run Behavior\ContentReplaceBehavior [ RunTime:0.000000s ]
INFO: [ template_filter ] --END-- [ RunTime:0.000000s ]
NOTIC: [8] Undefined index: point D:\website\wechat\Application\Runtime\Cache\Admin\11aeb9265b4edddd954c7d15cee4f6a3.php  156 .
INFO: Run Behavior\ParseTemplateBehavior [ RunTime:0.125000s ]
INFO: [ view_parse ] --END-- [ RunTime:0.125000s ]
INFO: [ view_filter ] --START--
INFO: Run Behavior\WriteHtmlCacheBehavior [ RunTime:0.000000s ]
INFO: [ view_filter ] --END-- [ RunTime:0.000000s ]
INFO: [ app_end ] --START--
INFO: Run Behavior\ShowPageTraceBehavior [ RunTime:0.000000s ]
INFO: [ app_end ] --END-- [ RunTime:0.000000s ]

[ 2015-11-16T14:31:02+08:00 ] 219.137.118.88 /wechat/Admin/User/point.html
INFO: [ app_init ] --START--
INFO: Run Behavior\BuildLiteBehavior [ RunTime:0.000000s ]
INFO: [ app_init ] --END-- [ RunTime:0.000000s ]
INFO: [ app_begin ] --START--
INFO: Run Behavior\ReadHtmlCacheBehavior [ RunTime:0.015625s ]
INFO: [ app_begin ] --END-- [ RunTime:0.015625s ]
SQL: SHOW COLUMNS FROM `tp_user` [ RunTime:0.0156s ]
SQL: SHOW COLUMNS FROM `tp_user_point` [ RunTime:0.0000s ]
SQL: SHOW COLUMNS FROM `tp_user_point_audit` [ RunTime:0.0156s ]
NOTIC: [2] finfo_file(): Empty filename or path D:\website\wechat\ThinkPHP\Library\Think\Upload.class.php  152 .
NOTIC: [2] finfo_file(): Empty filename or path D:\website\wechat\ThinkPHP\Library\Think\Upload.class.php  152 .
NOTIC: [2] finfo_file(): Empty filename or path D:\website\wechat\ThinkPHP\Library\Think\Upload.class.php  152 .
INFO: [ view_parse ] --START--
INFO: [ template_filter ] --START--
INFO: Run Behavior\ContentReplaceBehavior [ RunTime:0.000000s ]
INFO: [ template_filter ] --END-- [ RunTime:0.000000s ]
INFO: Run Behavior\ParseTemplateBehavior [ RunTime:0.125000s ]
INFO: [ view_parse ] --END-- [ RunTime:0.125000s ]
INFO: [ view_filter ] --START--
INFO: Run Behavior\WriteHtmlCacheBehavior [ RunTime:0.000000s ]
INFO: [ view_filter ] --END-- [ RunTime:0.000000s ]
INFO: [ app_end ] --START--
INFO: Run Behavior\ShowPageTraceBehavior [ RunTime:0.015625s ]
INFO: [ app_end ] --END-- [ RunTime:0.015625s ]

[ 2015-11-16T14:31:20+08:00 ] 219.137.118.88 /wechat/Admin/User/point.html
INFO: [ app_init ] --START--
INFO: Run Behavior\BuildLiteBehavior [ RunTime:0.000000s ]
INFO: [ app_init ] --END-- [ RunTime:0.000000s ]
INFO: [ app_begin ] --START--
INFO: Run Behavior\ReadHtmlCacheBehavior [ RunTime:0.000000s ]
INFO: [ app_begin ] --END-- [ RunTime:0.000000s ]
SQL: SHOW COLUMNS FROM `tp_user` [ RunTime:0.0000s ]
SQL: SHOW COLUMNS FROM `tp_user_point` [ RunTime:0.0000s ]
SQL: SHOW COLUMNS FROM `tp_user_point_audit` [ RunTime:0.0000s ]
NOTIC: [2] call_user_func() expects parameter 1 to be a valid callback, no array or string given D:\website\wechat\ThinkPHP\Library\Think\Upload.class.php  170 .
NOTIC: [2] finfo_file(): Empty filename or path D:\website\wechat\ThinkPHP\Library\Think\Upload.class.php  152 .
NOTIC: [2] finfo_file(): Empty filename or path D:\website\wechat\ThinkPHP\Library\Think\Upload.class.php  152 .
INFO: [ view_parse ] --START--
INFO: [ template_filter ] --START--
INFO: Run Behavior\ContentReplaceBehavior [ RunTime:0.000000s ]
INFO: [ template_filter ] --END-- [ RunTime:0.000000s ]
INFO: Run Behavior\ParseTemplateBehavior [ RunTime:0.156250s ]
INFO: [ view_parse ] --END-- [ RunTime:0.156250s ]
INFO: [ view_filter ] --START--
INFO: Run Behavior\WriteHtmlCacheBehavior [ RunTime:0.000000s ]
INFO: [ view_filter ] --END-- [ RunTime:0.000000s ]
INFO: [ app_end ] --START--
INFO: Run Behavior\ShowPageTraceBehavior [ RunTime:0.000000s ]
INFO: [ app_end ] --END-- [ RunTime:0.000000s ]

[ 2015-11-16T14:34:20+08:00 ] 219.137.118.88 /wechat/Admin/User/point.html
INFO: [ app_init ] --START--
INFO: Run Behavior\BuildLiteBehavior [ RunTime:0.000000s ]
INFO: [ app_init ] --END-- [ RunTime:0.000000s ]
INFO: [ app_begin ] --START--
INFO: Run Behavior\ReadHtmlCacheBehavior [ RunTime:0.000000s ]
INFO: [ app_begin ] --END-- [ RunTime:0.015625s ]
SQL: SHOW COLUMNS FROM `tp_user` [ RunTime:0.0000s ]
SQL: SHOW COLUMNS FROM `tp_user_point` [ RunTime:0.0000s ]
SQL: SHOW COLUMNS FROM `tp_user_point_audit` [ RunTime:0.0156s ]
NOTIC: [2] call_user_func() expects parameter 1 to be a valid callback, no array or string given D:\website\wechat\ThinkPHP\Library\Think\Upload.class.php  170 .
NOTIC: [2] call_user_func() expects parameter 1 to be a valid callback, no array or string given D:\website\wechat\ThinkPHP\Library\Think\Upload.class.php  170 .
NOTIC: [2] call_user_func() expects parameter 1 to be a valid callback, no array or string given D:\website\wechat\ThinkPHP\Library\Think\Upload.class.php  170 .
INFO: [ view_parse ] --START--
INFO: [ template_filter ] --START--
INFO: Run Behavior\ContentReplaceBehavior [ RunTime:0.000000s ]
INFO: [ template_filter ] --END-- [ RunTime:0.000000s ]
INFO: Run Behavior\ParseTemplateBehavior [ RunTime:0.125000s ]
INFO: [ view_parse ] --END-- [ RunTime:0.125000s ]
INFO: [ view_filter ] --START--
INFO: Run Behavior\WriteHtmlCacheBehavior [ RunTime:0.015625s ]
INFO: [ view_filter ] --END-- [ RunTime:0.015625s ]
INFO: [ app_end ] --START--
INFO: Run Behavior\ShowPageTraceBehavior [ RunTime:0.000000s ]
INFO: [ app_end ] --END-- [ RunTime:0.000000s ]

[ 2015-11-16T14:41:22+08:00 ] 219.137.118.88 /wechat/admin/level/index.html
INFO: [ app_init ] --START--
INFO: Run Behavior\BuildLiteBehavior [ RunTime:0.000000s ]
INFO: [ app_init ] --END-- [ RunTime:0.000000s ]
INFO: [ app_begin ] --START--
INFO: Run Behavior\ReadHtmlCacheBehavior [ RunTime:0.000000s ]
INFO: [ app_begin ] --END-- [ RunTime:0.000000s ]
SQL: SHOW COLUMNS FROM `tp_level` [ RunTime:0.0000s ]
SQL: SHOW COLUMNS FROM `tp_user` [ RunTime:0.0000s ]
SQL: SHOW COLUMNS FROM `tp_user_point` [ RunTime:0.0000s ]
SQL: SHOW COLUMNS FROM `tp_user_point_audit` [ RunTime:0.0156s ]
SQL: SHOW COLUMNS FROM `tp_level` [ RunTime:0.0313s ]
SQL: SHOW COLUMNS FROM `tp_user` [ RunTime:0.0156s ]
SQL: SELECT level.id AS id,level.name AS name,level.pic AS pic,level.descr AS descr,level.point_begin AS point_begin,level.point_end AS point_end,COUNT(user.id) AS user_count FROM tp_level level LEFT JOIN tp_user user ON level.id = user.level WHERE `deleted` = 0 GROUP BY level.id ORDER BY level.point_end desc  [ RunTime:0.0000s ]
INFO: [ view_parse ] --START--
INFO: [ template_filter ] --START--
INFO: Run Behavior\ContentReplaceBehavior [ RunTime:0.000000s ]
INFO: [ template_filter ] --END-- [ RunTime:0.000000s ]
INFO: Run Behavior\ParseTemplateBehavior [ RunTime:0.109375s ]
INFO: [ view_parse ] --END-- [ RunTime:0.109375s ]
INFO: [ view_filter ] --START--
INFO: Run Behavior\WriteHtmlCacheBehavior [ RunTime:0.000000s ]
INFO: [ view_filter ] --END-- [ RunTime:0.000000s ]
INFO: [ app_end ] --START--
INFO: Run Behavior\ShowPageTraceBehavior [ RunTime:0.000000s ]
INFO: [ app_end ] --END-- [ RunTime:0.000000s ]

[ 2015-11-16T14:42:09+08:00 ] 219.137.118.88 /wechat/admin/audit/index.html
INFO: [ app_init ] --START--
INFO: Run Behavior\BuildLiteBehavior [ RunTime:0.000000s ]
INFO: [ app_init ] --END-- [ RunTime:0.000000s ]
INFO: [ app_begin ] --START--
INFO: Run Behavior\ReadHtmlCacheBehavior [ RunTime:0.015625s ]
INFO: [ app_begin ] --END-- [ RunTime:0.015625s ]
SQL: SHOW COLUMNS FROM `tp_user_point` [ RunTime:0.0000s ]
SQL: SHOW COLUMNS FROM `tp_user_point_audit` [ RunTime:0.0156s ]
SQL: SHOW COLUMNS FROM `tp_user` [ RunTime:0.0156s ]
SQL: SHOW COLUMNS FROM `tp_user_point` [ RunTime:0.0156s ]
SQL: SHOW COLUMNS FROM `tp_user` [ RunTime:0.0000s ]
SQL: SHOW COLUMNS FROM `tp_level` [ RunTime:0.0156s ]
SQL: SHOW COLUMNS FROM `tp_admin` [ RunTime:0.0000s ]
SQL: SHOW COLUMNS FROM `tp_store` [ RunTime:0.0000s ]
SQL: SHOW COLUMNS FROM `tp_user_point_audit` [ RunTime:0.0000s ]
SQL: SELECT user_point.id AS id,user_point.type AS type,user_point.point AS point,user_point.userid AS userid,user_point.descr AS descr,user_point.attach AS attach,user_point.createdate AS createdate,user.phone AS user_phone,user.point AS user_point,user.descr AS user_descr,level.id AS user_level_id,level.name AS user_level_name,admin.id AS manager_id,admin.realname AS manager_realname,admin.phone AS manager_phone,store.id AS store_id,store.name AS store_name,store.address AS store_address FROM tp_user_point user_point LEFT JOIN tp_user user ON user_point.userid = user.id LEFT JOIN tp_level level ON user.level = level.id LEFT JOIN tp_admin admin ON admin.id = user_point.manager LEFT JOIN tp_store store ON admin.storeid = store.id LEFT JOIN tp_user_point_audit user_point_audit ON user_point_audit.pointid = user_point.id WHERE user_point.status = 0 ORDER BY user_point.createdate desc  [ RunTime:0.0000s ]
INFO: [ view_parse ] --START--
INFO: [ template_filter ] --START--
INFO: Run Behavior\ContentReplaceBehavior [ RunTime:0.000000s ]
INFO: [ template_filter ] --END-- [ RunTime:0.000000s ]
INFO: Run Behavior\ParseTemplateBehavior [ RunTime:0.093750s ]
INFO: [ view_parse ] --END-- [ RunTime:0.093750s ]
INFO: [ view_filter ] --START--
INFO: Run Behavior\WriteHtmlCacheBehavior [ RunTime:0.015625s ]
INFO: [ view_filter ] --END-- [ RunTime:0.015625s ]
INFO: [ app_end ] --START--
INFO: Run Behavior\ShowPageTraceBehavior [ RunTime:0.000000s ]
INFO: [ app_end ] --END-- [ RunTime:0.000000s ]

