[ 2015-10-24T09:54:27+08:00 ] 127.0.0.1 /qzh/admin/activity/index.html
INFO: [ app_init ] --START--
INFO: Run Behavior\BuildLiteBehavior [ RunTime:0.001000s ]
INFO: [ app_init ] --END-- [ RunTime:0.012001s ]

[ 2015-10-24T09:54:28+08:00 ] 127.0.0.1 /qzh/Admin/Auth/index.html
INFO: [ app_init ] --START--
INFO: Run Behavior\BuildLiteBehavior [ RunTime:0.000000s ]
INFO: [ app_init ] --END-- [ RunTime:0.001000s ]

[ 2015-10-24T09:54:32+08:00 ] 127.0.0.1 /qzh/Admin/auth/login
INFO: [ app_init ] --START--
INFO: Run Behavior\BuildLiteBehavior [ RunTime:0.000000s ]
INFO: [ app_init ] --END-- [ RunTime:0.001000s ]
INFO: [ app_begin ] --START--
INFO: Run Behavior\ReadHtmlCacheBehavior [ RunTime:0.002000s ]
INFO: [ app_begin ] --END-- [ RunTime:0.002000s ]
SQL: SHOW COLUMNS FROM `tp_admin` [ RunTime:0.0400s ]
SQL: SHOW COLUMNS FROM `tp_admin` [ RunTime:0.0070s ]
SQL: SHOW COLUMNS FROM `tp_store` [ RunTime:0.0070s ]
SQL: SELECT admin.id AS id,admin.name AS name,admin.password AS password,admin.phone AS phone,admin.email AS email,admin.birthday AS birthday,admin.gender AS gender,admin.realname AS realname,admin.groupid AS groupid,admin.lastlogin AS lastlogin,admin.descr AS descr,store.id AS store_id,store.name AS store_name,store.address AS store_address,store.phone AS store_phone,store.email AS store_email FROM tp_admin admin LEFT JOIN tp_store store ON admin.storeid = store.id WHERE admin.name = 'admin' AND admin.password = 'admin' LIMIT 1   [ RunTime:0.0130s ]
SQL: UPDATE tp_admin admin LEFT JOIN tp_store store ON admin.storeid = store.id SET `lastlogin`='2015-10-24 09:54:32' WHERE admin.name = 'admin' AND admin.password = 'admin' [ RunTime:0.0890s ]

[ 2015-10-24T09:54:32+08:00 ] 127.0.0.1 /qzh/admin/index/index.html
INFO: [ app_init ] --START--
INFO: Run Behavior\BuildLiteBehavior [ RunTime:0.000000s ]
INFO: [ app_init ] --END-- [ RunTime:0.002000s ]

[ 2015-10-24T09:54:36+08:00 ] 127.0.0.1 /qzh/admin/activity/index.html
INFO: [ app_init ] --START--
INFO: Run Behavior\BuildLiteBehavior [ RunTime:0.000000s ]
INFO: [ app_init ] --END-- [ RunTime:0.002000s ]

[ 2015-10-24T09:58:55+08:00 ] 127.0.0.1 /qzh/admin/activity/index.html
INFO: [ app_init ] --START--
INFO: Run Behavior\BuildLiteBehavior [ RunTime:0.000000s ]
INFO: [ app_init ] --END-- [ RunTime:0.002001s ]

[ 2015-10-24T10:00:21+08:00 ] 127.0.0.1 /qzh/Admin/Activity/add.html
INFO: [ app_init ] --START--
INFO: Run Behavior\BuildLiteBehavior [ RunTime:0.000000s ]
INFO: [ app_init ] --END-- [ RunTime:0.002000s ]

[ 2015-10-24T10:09:16+08:00 ] 127.0.0.1 /qzh/Admin/Activity/add.html
INFO: [ app_init ] --START--
INFO: Run Behavior\BuildLiteBehavior [ RunTime:0.000000s ]
INFO: [ app_init ] --END-- [ RunTime:0.002000s ]

[ 2015-10-24T10:09:20+08:00 ] 127.0.0.1 /qzh/Admin/Image/index.html
INFO: [ app_init ] --START--
INFO: Run Behavior\BuildLiteBehavior [ RunTime:0.000000s ]
INFO: [ app_init ] --END-- [ RunTime:0.002000s ]

[ 2015-10-24T10:25:30+08:00 ] 127.0.0.1 /qzh/admin/admin/index.html
INFO: [ app_init ] --START--
INFO: Run Behavior\BuildLiteBehavior [ RunTime:0.000000s ]
INFO: [ app_init ] --END-- [ RunTime:0.001000s ]

[ 2015-10-24T10:25:33+08:00 ] 127.0.0.1 /qzh/admin/level/index.html
INFO: [ app_init ] --START--
INFO: Run Behavior\BuildLiteBehavior [ RunTime:0.001000s ]
INFO: [ app_init ] --END-- [ RunTime:0.002000s ]

[ 2015-10-24T10:25:34+08:00 ] 127.0.0.1 /qzh/admin/store/index.html
INFO: [ app_init ] --START--
INFO: Run Behavior\BuildLiteBehavior [ RunTime:0.000000s ]
INFO: [ app_init ] --END-- [ RunTime:0.002000s ]

[ 2015-10-24T10:25:36+08:00 ] 127.0.0.1 /qzh/Admin/Store/add.html
INFO: [ app_init ] --START--
INFO: Run Behavior\BuildLiteBehavior [ RunTime:0.000000s ]
INFO: [ app_init ] --END-- [ RunTime:0.004000s ]

[ 2015-10-24T10:25:38+08:00 ] 127.0.0.1 /qzh/admin/activity/index.html
INFO: [ app_init ] --START--
INFO: Run Behavior\BuildLiteBehavior [ RunTime:0.000000s ]
INFO: [ app_init ] --END-- [ RunTime:0.002000s ]

[ 2015-10-24T10:25:40+08:00 ] 127.0.0.1 /qzh/Admin/Activity/add.html
INFO: [ app_init ] --START--
INFO: Run Behavior\BuildLiteBehavior [ RunTime:0.000000s ]
INFO: [ app_init ] --END-- [ RunTime:0.002000s ]

[ 2015-10-24T10:27:08+08:00 ] 127.0.0.1 /qzh/Admin/Activity/add.html
INFO: [ app_init ] --START--
INFO: Run Behavior\BuildLiteBehavior [ RunTime:0.000000s ]
INFO: [ app_init ] --END-- [ RunTime:0.001000s ]

[ 2015-10-24T10:27:32+08:00 ] 127.0.0.1 /qzh/Admin/Activity/add.html
INFO: [ app_init ] --START--
INFO: Run Behavior\BuildLiteBehavior [ RunTime:0.000000s ]
INFO: [ app_init ] --END-- [ RunTime:0.002000s ]

[ 2015-10-24T10:31:03+08:00 ] 127.0.0.1 /qzh/Admin/Activity/add.html
INFO: [ app_init ] --START--
INFO: Run Behavior\BuildLiteBehavior [ RunTime:0.000000s ]
INFO: [ app_init ] --END-- [ RunTime:0.002000s ]

[ 2015-10-24T10:31:15+08:00 ] 127.0.0.1 /qzh/admin/level/index.html
INFO: [ app_init ] --START--
INFO: Run Behavior\BuildLiteBehavior [ RunTime:0.000000s ]
INFO: [ app_init ] --END-- [ RunTime:0.001000s ]

[ 2015-10-24T10:31:17+08:00 ] 127.0.0.1 /qzh/Admin/Level/add.html
INFO: [ app_init ] --START--
INFO: Run Behavior\BuildLiteBehavior [ RunTime:0.000000s ]
INFO: [ app_init ] --END-- [ RunTime:0.002000s ]

[ 2015-10-24T10:31:33+08:00 ] 127.0.0.1 /qzh/admin/activity/index.html
INFO: [ app_init ] --START--
INFO: Run Behavior\BuildLiteBehavior [ RunTime:0.000000s ]
INFO: [ app_init ] --END-- [ RunTime:0.002000s ]

[ 2015-10-24T10:31:34+08:00 ] 127.0.0.1 /qzh/Admin/Activity/add.html
INFO: [ app_init ] --START--
INFO: Run Behavior\BuildLiteBehavior [ RunTime:0.000000s ]
INFO: [ app_init ] --END-- [ RunTime:0.001000s ]

[ 2015-10-24T10:32:45+08:00 ] 127.0.0.1 /qzh/Admin/Activity/add.html
INFO: [ app_init ] --START--
INFO: Run Behavior\BuildLiteBehavior [ RunTime:0.000000s ]
INFO: [ app_init ] --END-- [ RunTime:0.001000s ]

[ 2015-10-24T10:37:11+08:00 ] 127.0.0.1 /qzh/Admin/Activity/add.html
INFO: [ app_init ] --START--
INFO: Run Behavior\BuildLiteBehavior [ RunTime:0.000000s ]
INFO: [ app_init ] --END-- [ RunTime:0.001000s ]

[ 2015-10-24T10:37:52+08:00 ] 127.0.0.1 /qzh/Admin/Activity/add.html
INFO: [ app_init ] --START--
INFO: Run Behavior\BuildLiteBehavior [ RunTime:0.000000s ]
INFO: [ app_init ] --END-- [ RunTime:0.001000s ]

[ 2015-10-24T10:38:48+08:00 ] 127.0.0.1 /qzh/Admin/Activity/add.html
INFO: [ app_init ] --START--
INFO: Run Behavior\BuildLiteBehavior [ RunTime:0.000000s ]
INFO: [ app_init ] --END-- [ RunTime:0.001000s ]

[ 2015-10-24T10:41:56+08:00 ] 127.0.0.1 /qzh/Admin/Activity/add.html
INFO: [ app_init ] --START--
INFO: Run Behavior\BuildLiteBehavior [ RunTime:0.000000s ]
INFO: [ app_init ] --END-- [ RunTime:0.001000s ]

[ 2015-10-24T10:43:15+08:00 ] 127.0.0.1 /qzh/Admin/Activity/add.html
INFO: [ app_init ] --START--
INFO: Run Behavior\BuildLiteBehavior [ RunTime:0.000000s ]
INFO: [ app_init ] --END-- [ RunTime:0.002000s ]

[ 2015-10-24T10:43:53+08:00 ] 127.0.0.1 /qzh/Admin/Activity/add.html
INFO: [ app_init ] --START--
INFO: Run Behavior\BuildLiteBehavior [ RunTime:0.000000s ]
INFO: [ app_init ] --END-- [ RunTime:0.001000s ]

[ 2015-10-24T10:44:34+08:00 ] 127.0.0.1 /qzh/Admin/Activity/add.html
INFO: [ app_init ] --START--
INFO: Run Behavior\BuildLiteBehavior [ RunTime:0.000000s ]
INFO: [ app_init ] --END-- [ RunTime:0.005001s ]

[ 2015-10-24T10:45:36+08:00 ] 127.0.0.1 /qzh/Admin/Activity/add.html
INFO: [ app_init ] --START--
INFO: Run Behavior\BuildLiteBehavior [ RunTime:0.000000s ]
INFO: [ app_init ] --END-- [ RunTime:0.002000s ]

[ 2015-10-24T10:46:30+08:00 ] 127.0.0.1 /qzh/Admin/Activity/add.html
INFO: [ app_init ] --START--
INFO: Run Behavior\BuildLiteBehavior [ RunTime:0.000000s ]
INFO: [ app_init ] --END-- [ RunTime:0.001000s ]

[ 2015-10-24T10:46:53+08:00 ] 127.0.0.1 /qzh/Admin/Activity/add.html
INFO: [ app_init ] --START--
INFO: Run Behavior\BuildLiteBehavior [ RunTime:0.000000s ]
INFO: [ app_init ] --END-- [ RunTime:0.002000s ]

[ 2015-10-24T10:57:22+08:00 ] 127.0.0.1 /qzh/Admin/Activity/add.html
INFO: [ app_init ] --START--
INFO: Run Behavior\BuildLiteBehavior [ RunTime:0.001000s ]
INFO: [ app_init ] --END-- [ RunTime:0.002000s ]

[ 2015-10-24T10:57:59+08:00 ] 127.0.0.1 /qzh/Admin/Activity/add.html
INFO: [ app_init ] --START--
INFO: Run Behavior\BuildLiteBehavior [ RunTime:0.001000s ]
INFO: [ app_init ] --END-- [ RunTime:0.002001s ]

[ 2015-10-24T10:58:22+08:00 ] 127.0.0.1 /qzh/Admin/Activity/add.html
INFO: [ app_init ] --START--
INFO: Run Behavior\BuildLiteBehavior [ RunTime:0.000000s ]
INFO: [ app_init ] --END-- [ RunTime:0.001000s ]

[ 2015-10-24T10:58:56+08:00 ] 127.0.0.1 /qzh/Admin/Activity/add.html
INFO: [ app_init ] --START--
INFO: Run Behavior\BuildLiteBehavior [ RunTime:0.000000s ]
INFO: [ app_init ] --END-- [ RunTime:0.002000s ]

[ 2015-10-24T10:59:22+08:00 ] 127.0.0.1 /qzh/Admin/Activity/add.html
INFO: [ app_init ] --START--
INFO: Run Behavior\BuildLiteBehavior [ RunTime:0.000000s ]
INFO: [ app_init ] --END-- [ RunTime:0.002000s ]

[ 2015-10-24T10:59:56+08:00 ] 127.0.0.1 /qzh/admin/activity/index.html
INFO: [ app_init ] --START--
INFO: Run Behavior\BuildLiteBehavior [ RunTime:0.000000s ]
INFO: [ app_init ] --END-- [ RunTime:0.001000s ]

[ 2015-10-24T11:00:41+08:00 ] 127.0.0.1 /qzh/admin/activity/index.html
INFO: [ app_init ] --START--
INFO: Run Behavior\BuildLiteBehavior [ RunTime:0.000000s ]
INFO: [ app_init ] --END-- [ RunTime:0.002000s ]

[ 2015-10-24T11:00:55+08:00 ] 127.0.0.1 /qzh/admin/activity/index.html
INFO: [ app_init ] --START--
INFO: Run Behavior\BuildLiteBehavior [ RunTime:0.000000s ]
INFO: [ app_init ] --END-- [ RunTime:0.002001s ]

[ 2015-10-24T11:02:02+08:00 ] 127.0.0.1 /qzh/admin/activity/index.html
INFO: [ app_init ] --START--
INFO: Run Behavior\BuildLiteBehavior [ RunTime:0.000000s ]
INFO: [ app_init ] --END-- [ RunTime:0.002000s ]

[ 2015-10-24T11:02:21+08:00 ] 127.0.0.1 /qzh/admin/activity/index.html
INFO: [ app_init ] --START--
INFO: Run Behavior\BuildLiteBehavior [ RunTime:0.000000s ]
INFO: [ app_init ] --END-- [ RunTime:0.002000s ]

[ 2015-10-24T11:02:59+08:00 ] 127.0.0.1 /qzh/admin/activity/index.html
INFO: [ app_init ] --START--
INFO: Run Behavior\BuildLiteBehavior [ RunTime:0.000000s ]
INFO: [ app_init ] --END-- [ RunTime:0.001000s ]

[ 2015-10-24T11:04:21+08:00 ] 127.0.0.1 /qzh/Admin/Activity/add.html
INFO: [ app_init ] --START--
INFO: Run Behavior\BuildLiteBehavior [ RunTime:0.000000s ]
INFO: [ app_init ] --END-- [ RunTime:0.001000s ]

[ 2015-10-24T11:28:02+08:00 ] 127.0.0.1 /qzh/admin/activity/index.html
INFO: [ app_init ] --START--
INFO: Run Behavior\BuildLiteBehavior [ RunTime:0.000000s ]
INFO: [ app_init ] --END-- [ RunTime:0.001000s ]

[ 2015-10-24T11:28:18+08:00 ] 127.0.0.1 /qzh/admin/activity/index.html
INFO: [ app_init ] --START--
INFO: Run Behavior\BuildLiteBehavior [ RunTime:0.000000s ]
INFO: [ app_init ] --END-- [ RunTime:0.001000s ]

[ 2015-10-24T11:28:39+08:00 ] 127.0.0.1 /qzh/admin/activity/index.html
INFO: [ app_init ] --START--
INFO: Run Behavior\BuildLiteBehavior [ RunTime:0.000000s ]
INFO: [ app_init ] --END-- [ RunTime:0.001000s ]

[ 2015-10-24T11:29:00+08:00 ] 127.0.0.1 /qzh/admin/activity/index.html
INFO: [ app_init ] --START--
INFO: Run Behavior\BuildLiteBehavior [ RunTime:0.000000s ]
INFO: [ app_init ] --END-- [ RunTime:0.002000s ]

[ 2015-10-24T11:29:42+08:00 ] 127.0.0.1 /qzh/admin/activity/index.html
INFO: [ app_init ] --START--
INFO: Run Behavior\BuildLiteBehavior [ RunTime:0.000000s ]
INFO: [ app_init ] --END-- [ RunTime:0.002000s ]

[ 2015-10-24T11:30:13+08:00 ] 127.0.0.1 /qzh/admin/activity/index.html
INFO: [ app_init ] --START--
INFO: Run Behavior\BuildLiteBehavior [ RunTime:0.000000s ]
INFO: [ app_init ] --END-- [ RunTime:0.001000s ]

[ 2015-10-24T11:31:11+08:00 ] 127.0.0.1 /qzh/admin/activity/index.html
INFO: [ app_init ] --START--
INFO: Run Behavior\BuildLiteBehavior [ RunTime:0.000000s ]
INFO: [ app_init ] --END-- [ RunTime:0.001000s ]

[ 2015-10-24T11:31:25+08:00 ] 127.0.0.1 /qzh/admin/activity/index.html
INFO: [ app_init ] --START--
INFO: Run Behavior\BuildLiteBehavior [ RunTime:0.001000s ]
INFO: [ app_init ] --END-- [ RunTime:0.002000s ]

[ 2015-10-24T11:31:54+08:00 ] 127.0.0.1 /qzh/admin/activity/index.html
INFO: [ app_init ] --START--
INFO: Run Behavior\BuildLiteBehavior [ RunTime:0.000000s ]
INFO: [ app_init ] --END-- [ RunTime:0.001000s ]

[ 2015-10-24T11:32:01+08:00 ] 127.0.0.1 /qzh/admin/activity/index.html
INFO: [ app_init ] --START--
INFO: Run Behavior\BuildLiteBehavior [ RunTime:0.000000s ]
INFO: [ app_init ] --END-- [ RunTime:0.002000s ]

[ 2015-10-24T11:32:18+08:00 ] 127.0.0.1 /qzh/admin/activity/index.html
INFO: [ app_init ] --START--
INFO: Run Behavior\BuildLiteBehavior [ RunTime:0.001000s ]
INFO: [ app_init ] --END-- [ RunTime:0.005000s ]

[ 2015-10-24T11:32:32+08:00 ] 127.0.0.1 /qzh/admin/activity/index.html
INFO: [ app_init ] --START--
INFO: Run Behavior\BuildLiteBehavior [ RunTime:0.000000s ]
INFO: [ app_init ] --END-- [ RunTime:0.002000s ]

[ 2015-10-24T11:32:56+08:00 ] 127.0.0.1 /qzh/admin/activity/index.html
INFO: [ app_init ] --START--
INFO: Run Behavior\BuildLiteBehavior [ RunTime:0.000000s ]
INFO: [ app_init ] --END-- [ RunTime:0.001000s ]

[ 2015-10-24T11:33:33+08:00 ] 127.0.0.1 /qzh/admin/activity/index.html
INFO: [ app_init ] --START--
INFO: Run Behavior\BuildLiteBehavior [ RunTime:0.000000s ]
INFO: [ app_init ] --END-- [ RunTime:0.002000s ]

[ 2015-10-24T11:36:06+08:00 ] 127.0.0.1 /qzh/admin/activity/index.html
INFO: [ app_init ] --START--
INFO: Run Behavior\BuildLiteBehavior [ RunTime:0.000000s ]
INFO: [ app_init ] --END-- [ RunTime:0.001000s ]

[ 2015-10-24T11:36:25+08:00 ] 127.0.0.1 /qzh/admin/activity/index.html
INFO: [ app_init ] --START--
INFO: Run Behavior\BuildLiteBehavior [ RunTime:0.001000s ]
INFO: [ app_init ] --END-- [ RunTime:0.002000s ]

[ 2015-10-24T11:36:37+08:00 ] 127.0.0.1 /qzh/admin/activity/index.html
INFO: [ app_init ] --START--
INFO: Run Behavior\BuildLiteBehavior [ RunTime:0.001001s ]
INFO: [ app_init ] --END-- [ RunTime:0.002001s ]

[ 2015-10-24T11:37:21+08:00 ] 127.0.0.1 /qzh/Admin/Activity/add.html
INFO: [ app_init ] --START--
INFO: Run Behavior\BuildLiteBehavior [ RunTime:0.000000s ]
INFO: [ app_init ] --END-- [ RunTime:0.001000s ]

[ 2015-10-24T11:38:22+08:00 ] 127.0.0.1 /qzh/Admin/Activity/add.html
INFO: [ app_init ] --START--
INFO: Run Behavior\BuildLiteBehavior [ RunTime:0.000000s ]
INFO: [ app_init ] --END-- [ RunTime:0.001000s ]

[ 2015-10-24T11:38:32+08:00 ] 127.0.0.1 /qzh/Admin/Activity/add.html
INFO: [ app_init ] --START--
INFO: Run Behavior\BuildLiteBehavior [ RunTime:0.001000s ]
INFO: [ app_init ] --END-- [ RunTime:0.002000s ]

[ 2015-10-24T11:38:39+08:00 ] 127.0.0.1 /qzh/admin/activity/index.html
INFO: [ app_init ] --START--
INFO: Run Behavior\BuildLiteBehavior [ RunTime:0.000000s ]
INFO: [ app_init ] --END-- [ RunTime:0.001000s ]

[ 2015-10-24T11:38:41+08:00 ] 127.0.0.1 /qzh/Admin/Activity/add.html
INFO: [ app_init ] --START--
INFO: Run Behavior\BuildLiteBehavior [ RunTime:0.000000s ]
INFO: [ app_init ] --END-- [ RunTime:0.002000s ]

[ 2015-10-24T11:39:28+08:00 ] 127.0.0.1 /qzh/Admin/Activity/add.html
INFO: [ app_init ] --START--
INFO: Run Behavior\BuildLiteBehavior [ RunTime:0.000000s ]
INFO: [ app_init ] --END-- [ RunTime:0.001000s ]

[ 2015-10-24T11:40:00+08:00 ] 127.0.0.1 /qzh/Admin/Activity/add.html
INFO: [ app_init ] --START--
INFO: Run Behavior\BuildLiteBehavior [ RunTime:0.000000s ]
INFO: [ app_init ] --END-- [ RunTime:0.001000s ]

[ 2015-10-24T11:40:22+08:00 ] 127.0.0.1 /qzh/Admin/Activity/add.html
INFO: [ app_init ] --START--
INFO: Run Behavior\BuildLiteBehavior [ RunTime:0.000000s ]
INFO: [ app_init ] --END-- [ RunTime:0.001000s ]

[ 2015-10-24T11:40:47+08:00 ] 127.0.0.1 /qzh/Admin/Image/index.html
INFO: [ app_init ] --START--
INFO: Run Behavior\BuildLiteBehavior [ RunTime:0.000000s ]
INFO: [ app_init ] --END-- [ RunTime:0.002000s ]

[ 2015-10-24T11:40:51+08:00 ] 127.0.0.1 /qzh/Admin/Image/index.html
INFO: [ app_init ] --START--
INFO: Run Behavior\BuildLiteBehavior [ RunTime:0.000000s ]
INFO: [ app_init ] --END-- [ RunTime:0.001000s ]

[ 2015-10-24T11:41:07+08:00 ] 127.0.0.1 /qzh/Admin/Activity/add.html
INFO: [ app_init ] --START--
INFO: Run Behavior\BuildLiteBehavior [ RunTime:0.000000s ]
INFO: [ app_init ] --END-- [ RunTime:0.001000s ]

[ 2015-10-24T11:41:33+08:00 ] 127.0.0.1 /qzh/Admin/Image/index.html
INFO: [ app_init ] --START--
INFO: Run Behavior\BuildLiteBehavior [ RunTime:0.000000s ]
INFO: [ app_init ] --END-- [ RunTime:0.002000s ]

[ 2015-10-24T11:41:47+08:00 ] 127.0.0.1 /qzh/Admin/Activity/add.html
INFO: [ app_init ] --START--
INFO: Run Behavior\BuildLiteBehavior [ RunTime:0.001001s ]
INFO: [ app_init ] --END-- [ RunTime:0.002001s ]

[ 2015-10-24T11:41:47+08:00 ] 127.0.0.1 /qzh/Admin/Activity/index.html
INFO: [ app_init ] --START--
INFO: Run Behavior\BuildLiteBehavior [ RunTime:0.000000s ]
INFO: [ app_init ] --END-- [ RunTime:0.001000s ]

[ 2015-10-24T11:45:08+08:00 ] 127.0.0.1 /qzh/Admin/Activity/index.html
INFO: [ app_init ] --START--
INFO: Run Behavior\BuildLiteBehavior [ RunTime:0.000000s ]
INFO: [ app_init ] --END-- [ RunTime:0.002000s ]

[ 2015-10-24T11:46:05+08:00 ] 127.0.0.1 /qzh/Admin/Activity/index.html
INFO: [ app_init ] --START--
INFO: Run Behavior\BuildLiteBehavior [ RunTime:0.001000s ]
INFO: [ app_init ] --END-- [ RunTime:0.001000s ]

[ 2015-10-24T11:46:48+08:00 ] 127.0.0.1 /qzh/Admin/Activity/index.html
INFO: [ app_init ] --START--
INFO: Run Behavior\BuildLiteBehavior [ RunTime:0.001000s ]
INFO: [ app_init ] --END-- [ RunTime:0.002000s ]

[ 2015-10-24T11:46:57+08:00 ] 127.0.0.1 /qzh/Admin/Store/detail.html?id=1
INFO: [ app_init ] --START--
INFO: Run Behavior\BuildLiteBehavior [ RunTime:0.000000s ]
INFO: [ app_init ] --END-- [ RunTime:0.002000s ]

[ 2015-10-24T11:47:02+08:00 ] 127.0.0.1 /qzh/Admin/Admin/detail.html?id=2
INFO: [ app_init ] --START--
INFO: Run Behavior\BuildLiteBehavior [ RunTime:0.000000s ]
INFO: [ app_init ] --END-- [ RunTime:0.005001s ]

[ 2015-10-24T11:47:21+08:00 ] 127.0.0.1 /qzh/Admin/Activity/index.html
INFO: [ app_init ] --START--
INFO: Run Behavior\BuildLiteBehavior [ RunTime:0.000000s ]
INFO: [ app_init ] --END-- [ RunTime:0.002000s ]

[ 2015-10-24T11:48:49+08:00 ] 127.0.0.1 /qzh/Admin/Activity/index.html
INFO: [ app_init ] --START--
INFO: Run Behavior\BuildLiteBehavior [ RunTime:0.000000s ]
INFO: [ app_init ] --END-- [ RunTime:0.002000s ]

[ 2015-10-24T11:48:51+08:00 ] 127.0.0.1 /qzh/Admin/Activity/detail.html?id=1
INFO: [ app_init ] --START--
INFO: Run Behavior\BuildLiteBehavior [ RunTime:0.000000s ]
INFO: [ app_init ] --END-- [ RunTime:0.003000s ]

[ 2015-10-24T11:48:59+08:00 ] 127.0.0.1 /qzh/Admin/Activity/detail.html?id=1
INFO: [ app_init ] --START--
INFO: Run Behavior\BuildLiteBehavior [ RunTime:0.000000s ]
INFO: [ app_init ] --END-- [ RunTime:0.002000s ]

[ 2015-10-24T11:49:48+08:00 ] 127.0.0.1 /qzh/Admin/Activity/detail.html?id=1
INFO: [ app_init ] --START--
INFO: Run Behavior\BuildLiteBehavior [ RunTime:0.000000s ]
INFO: [ app_init ] --END-- [ RunTime:0.002000s ]

[ 2015-10-24T11:50:22+08:00 ] 127.0.0.1 /qzh/Admin/Activity/detail.html?id=1
INFO: [ app_init ] --START--
INFO: Run Behavior\BuildLiteBehavior [ RunTime:0.000000s ]
INFO: [ app_init ] --END-- [ RunTime:0.002000s ]

[ 2015-10-24T11:50:57+08:00 ] 127.0.0.1 /qzh/Admin/Activity/detail.html?id=1
INFO: [ app_init ] --START--
INFO: Run Behavior\BuildLiteBehavior [ RunTime:0.000000s ]
INFO: [ app_init ] --END-- [ RunTime:0.002000s ]

[ 2015-10-24T11:51:07+08:00 ] 127.0.0.1 /qzh/Admin/Activity/add.html
INFO: [ app_init ] --START--
INFO: Run Behavior\BuildLiteBehavior [ RunTime:0.000000s ]
INFO: [ app_init ] --END-- [ RunTime:0.001000s ]

[ 2015-10-24T11:51:12+08:00 ] 127.0.0.1 /qzh/Admin/Activity/detail.html?id=1
INFO: [ app_init ] --START--
INFO: Run Behavior\BuildLiteBehavior [ RunTime:0.000000s ]
INFO: [ app_init ] --END-- [ RunTime:0.002000s ]

[ 2015-10-24T11:51:26+08:00 ] 127.0.0.1 /qzh/Admin/Activity/detail.html?id=1
INFO: [ app_init ] --START--
INFO: Run Behavior\BuildLiteBehavior [ RunTime:0.000000s ]
INFO: [ app_init ] --END-- [ RunTime:0.003000s ]

[ 2015-10-24T11:51:49+08:00 ] 127.0.0.1 /qzh/Admin/Activity/detail.html?id=1
INFO: [ app_init ] --START--
INFO: Run Behavior\BuildLiteBehavior [ RunTime:0.000000s ]
INFO: [ app_init ] --END-- [ RunTime:0.002000s ]

[ 2015-10-24T11:52:28+08:00 ] 127.0.0.1 /qzh/Admin/Activity/detail.html?id=1
INFO: [ app_init ] --START--
INFO: Run Behavior\BuildLiteBehavior [ RunTime:0.000000s ]
INFO: [ app_init ] --END-- [ RunTime:0.001000s ]

[ 2015-10-24T11:52:57+08:00 ] 127.0.0.1 /qzh/Admin/Activity/detail.html?id=1
INFO: [ app_init ] --START--
INFO: Run Behavior\BuildLiteBehavior [ RunTime:0.000000s ]
INFO: [ app_init ] --END-- [ RunTime:0.001000s ]

[ 2015-10-24T11:53:33+08:00 ] 127.0.0.1 /qzh/Admin/Activity/detail.html?id=1
INFO: [ app_init ] --START--
INFO: Run Behavior\BuildLiteBehavior [ RunTime:0.000000s ]
INFO: [ app_init ] --END-- [ RunTime:0.002000s ]

[ 2015-10-24T11:54:33+08:00 ] 127.0.0.1 /qzh/Admin/Activity/detail.html?id=1
INFO: [ app_init ] --START--
INFO: Run Behavior\BuildLiteBehavior [ RunTime:0.000000s ]
INFO: [ app_init ] --END-- [ RunTime:0.003001s ]

[ 2015-10-24T11:54:40+08:00 ] 127.0.0.1 /qzh/Admin/Activity/detail.html?id=1
INFO: [ app_init ] --START--
INFO: Run Behavior\BuildLiteBehavior [ RunTime:0.000000s ]
INFO: [ app_init ] --END-- [ RunTime:0.001000s ]

[ 2015-10-24T11:54:53+08:00 ] 127.0.0.1 /qzh/Admin/Activity/detail.html?id=1
INFO: [ app_init ] --START--
INFO: Run Behavior\BuildLiteBehavior [ RunTime:0.000000s ]
INFO: [ app_init ] --END-- [ RunTime:0.001000s ]

[ 2015-10-24T11:55:20+08:00 ] 127.0.0.1 /qzh/Admin/Activity/detail.html
INFO: [ app_init ] --START--
INFO: Run Behavior\BuildLiteBehavior [ RunTime:0.000000s ]
INFO: [ app_init ] --END-- [ RunTime:0.001000s ]

[ 2015-10-24T11:55:20+08:00 ] 127.0.0.1 /qzh/Admin/Activity/index.html
INFO: [ app_init ] --START--
INFO: Run Behavior\BuildLiteBehavior [ RunTime:0.001000s ]
INFO: [ app_init ] --END-- [ RunTime:0.001000s ]

[ 2015-10-24T11:55:26+08:00 ] 127.0.0.1 /qzh/Admin/Activity/detail.html?id=1
INFO: [ app_init ] --START--
INFO: Run Behavior\BuildLiteBehavior [ RunTime:0.000000s ]
INFO: [ app_init ] --END-- [ RunTime:0.002000s ]

[ 2015-10-24T11:55:50+08:00 ] 127.0.0.1 /qzh/Admin/Activity/detail.html?id=1
INFO: [ app_init ] --START--
INFO: Run Behavior\BuildLiteBehavior [ RunTime:0.000000s ]
INFO: [ app_init ] --END-- [ RunTime:0.002000s ]

[ 2015-10-24T11:55:58+08:00 ] 127.0.0.1 /qzh/Admin/Activity/detail.html
INFO: [ app_init ] --START--
INFO: Run Behavior\BuildLiteBehavior [ RunTime:0.000000s ]
INFO: [ app_init ] --END-- [ RunTime:0.001000s ]

[ 2015-10-24T11:55:58+08:00 ] 127.0.0.1 /qzh/Admin/Activity/index.html
INFO: [ app_init ] --START--
INFO: Run Behavior\BuildLiteBehavior [ RunTime:0.000000s ]
INFO: [ app_init ] --END-- [ RunTime:0.001000s ]

[ 2015-10-24T11:57:05+08:00 ] 127.0.0.1 /qzh/Admin/Activity/index.html
INFO: [ app_init ] --START--
INFO: Run Behavior\BuildLiteBehavior [ RunTime:0.000000s ]
INFO: [ app_init ] --END-- [ RunTime:0.003000s ]

[ 2015-10-24T11:58:09+08:00 ] 127.0.0.1 /qzh/Admin/Activity/index.html
INFO: [ app_init ] --START--
INFO: Run Behavior\BuildLiteBehavior [ RunTime:0.000000s ]
INFO: [ app_init ] --END-- [ RunTime:0.001000s ]

[ 2015-10-24T11:58:13+08:00 ] 127.0.0.1 /qzh/Admin/Activity/detail.html?id=1
INFO: [ app_init ] --START--
INFO: Run Behavior\BuildLiteBehavior [ RunTime:0.000000s ]
INFO: [ app_init ] --END-- [ RunTime:0.001000s ]

[ 2015-10-24T11:58:19+08:00 ] 127.0.0.1 /qzh/Admin/Activity/detail.html
INFO: [ app_init ] --START--
INFO: Run Behavior\BuildLiteBehavior [ RunTime:0.000000s ]
INFO: [ app_init ] --END-- [ RunTime:0.001000s ]

[ 2015-10-24T11:58:19+08:00 ] 127.0.0.1 /qzh/Admin/Activity/index.html
INFO: [ app_init ] --START--
INFO: Run Behavior\BuildLiteBehavior [ RunTime:0.000000s ]
INFO: [ app_init ] --END-- [ RunTime:0.002000s ]

[ 2015-10-24T11:58:35+08:00 ] 127.0.0.1 /qzh/Admin/Admin/detail.html
INFO: [ app_init ] --START--
INFO: Run Behavior\BuildLiteBehavior [ RunTime:0.000000s ]
INFO: [ app_init ] --END-- [ RunTime:0.001000s ]

[ 2015-10-24T11:59:28+08:00 ] 127.0.0.1 /qzh/Admin/Activity/index.html
INFO: [ app_init ] --START--
INFO: Run Behavior\BuildLiteBehavior [ RunTime:0.001000s ]
INFO: [ app_init ] --END-- [ RunTime:0.004000s ]

[ 2015-10-24T11:59:32+08:00 ] 127.0.0.1 /qzh/Admin/Admin/detail.html?id=1
INFO: [ app_init ] --START--
INFO: Run Behavior\BuildLiteBehavior [ RunTime:0.000000s ]
INFO: [ app_init ] --END-- [ RunTime:0.002000s ]

[ 2015-10-24T11:59:40+08:00 ] 127.0.0.1 /qzh/admin/audit/index.html
INFO: [ app_init ] --START--
INFO: Run Behavior\BuildLiteBehavior [ RunTime:0.000000s ]
INFO: [ app_init ] --END-- [ RunTime:0.002000s ]

[ 2015-10-24T11:59:50+08:00 ] 127.0.0.1 /qzh/admin/user/index.html
INFO: [ app_init ] --START--
INFO: Run Behavior\BuildLiteBehavior [ RunTime:0.000000s ]
INFO: [ app_init ] --END-- [ RunTime:0.001000s ]

[ 2015-10-24T11:59:52+08:00 ] 127.0.0.1 /qzh/Admin/User/Point.html
INFO: [ app_init ] --START--
INFO: Run Behavior\BuildLiteBehavior [ RunTime:0.000000s ]
INFO: [ app_init ] --END-- [ RunTime:0.002000s ]

[ 2015-10-24T11:59:58+08:00 ] 127.0.0.1 /qzh/admin/user/index.html
INFO: [ app_init ] --START--
INFO: Run Behavior\BuildLiteBehavior [ RunTime:0.000000s ]
INFO: [ app_init ] --END-- [ RunTime:0.002000s ]

[ 2015-10-24T13:02:54+08:00 ] 127.0.0.1 /qzh/admin/activity/index.html
INFO: [ app_init ] --START--
INFO: Run Behavior\BuildLiteBehavior [ RunTime:0.000000s ]
INFO: [ app_init ] --END-- [ RunTime:0.002000s ]

[ 2015-10-24T13:02:57+08:00 ] 127.0.0.1 /qzh/Admin/Activity/detail.html?id=1
INFO: [ app_init ] --START--
INFO: Run Behavior\BuildLiteBehavior [ RunTime:0.000000s ]
INFO: [ app_init ] --END-- [ RunTime:0.002000s ]

[ 2015-10-24T13:03:07+08:00 ] 127.0.0.1 /qzh/admin/user/index.html
INFO: [ app_init ] --START--
INFO: Run Behavior\BuildLiteBehavior [ RunTime:0.000000s ]
INFO: [ app_init ] --END-- [ RunTime:0.002000s ]

[ 2015-10-24T15:40:34+08:00 ] 127.0.0.1 /qzh/admin/user/index.html
INFO: [ app_init ] --START--
INFO: Run Behavior\BuildLiteBehavior [ RunTime:0.000000s ]
INFO: [ app_init ] --END-- [ RunTime:0.002000s ]

[ 2015-10-24T15:40:46+08:00 ] 127.0.0.1 /qzh/admin/user/index.html
INFO: [ app_init ] --START--
INFO: Run Behavior\BuildLiteBehavior [ RunTime:0.000000s ]
INFO: [ app_init ] --END-- [ RunTime:0.003000s ]

[ 2015-10-24T15:40:56+08:00 ] 127.0.0.1 /qzh/admin/user/index.html
INFO: [ app_init ] --START--
INFO: Run Behavior\BuildLiteBehavior [ RunTime:0.000000s ]
INFO: [ app_init ] --END-- [ RunTime:0.002000s ]

[ 2015-10-24T15:41:08+08:00 ] 127.0.0.1 /qzh/Admin/User/detail.html?id=1
INFO: [ app_init ] --START--
INFO: Run Behavior\BuildLiteBehavior [ RunTime:0.000000s ]
INFO: [ app_init ] --END-- [ RunTime:0.001000s ]

[ 2015-10-24T15:44:10+08:00 ] 127.0.0.1 /qzh/admin/user/index.html
INFO: [ app_init ] --START--
INFO: Run Behavior\BuildLiteBehavior [ RunTime:0.001000s ]
INFO: [ app_init ] --END-- [ RunTime:0.001000s ]

[ 2015-10-24T15:44:12+08:00 ] 127.0.0.1 /qzh/Admin/User/detail.html?id=1
INFO: [ app_init ] --START--
INFO: Run Behavior\BuildLiteBehavior [ RunTime:0.000000s ]
INFO: [ app_init ] --END-- [ RunTime:0.002000s ]

[ 2015-10-24T15:44:43+08:00 ] 127.0.0.1 /qzh/Admin/User/detail.html?id=1
INFO: [ app_init ] --START--
INFO: Run Behavior\BuildLiteBehavior [ RunTime:0.001000s ]
INFO: [ app_init ] --END-- [ RunTime:0.002000s ]

[ 2015-10-24T15:48:08+08:00 ] 127.0.0.1 /qzh/Admin/User/detail.html?id=1
INFO: [ app_init ] --START--
INFO: Run Behavior\BuildLiteBehavior [ RunTime:0.000000s ]
INFO: [ app_init ] --END-- [ RunTime:0.001000s ]

[ 2015-10-24T15:48:44+08:00 ] 127.0.0.1 /qzh/Admin/User/detail.html
INFO: [ app_init ] --START--
INFO: Run Behavior\BuildLiteBehavior [ RunTime:0.000000s ]
INFO: [ app_init ] --END-- [ RunTime:0.004000s ]

[ 2015-10-24T15:49:56+08:00 ] 127.0.0.1 /qzh/Admin/User/detail.html?id=1
INFO: [ app_init ] --START--
INFO: Run Behavior\BuildLiteBehavior [ RunTime:0.001000s ]
INFO: [ app_init ] --END-- [ RunTime:0.002000s ]

[ 2015-10-24T15:50:02+08:00 ] 127.0.0.1 /qzh/admin/user/index.html
INFO: [ app_init ] --START--
INFO: Run Behavior\BuildLiteBehavior [ RunTime:0.000000s ]
INFO: [ app_init ] --END-- [ RunTime:0.001001s ]

[ 2015-10-24T15:50:08+08:00 ] 127.0.0.1 /qzh/Admin/User/detail.html?id=1
INFO: [ app_init ] --START--
INFO: Run Behavior\BuildLiteBehavior [ RunTime:0.000000s ]
INFO: [ app_init ] --END-- [ RunTime:0.001000s ]

[ 2015-10-24T15:50:12+08:00 ] 127.0.0.1 /qzh/Admin/User/detail.html
INFO: [ app_init ] --START--
INFO: Run Behavior\BuildLiteBehavior [ RunTime:0.000000s ]
INFO: [ app_init ] --END-- [ RunTime:0.011000s ]

[ 2015-10-24T15:50:12+08:00 ] 127.0.0.1 /qzh/Admin/User/index.html
INFO: [ app_init ] --START--
INFO: Run Behavior\BuildLiteBehavior [ RunTime:0.000000s ]
INFO: [ app_init ] --END-- [ RunTime:0.002000s ]

[ 2015-10-24T15:50:41+08:00 ] 127.0.0.1 /qzh/Admin/User/detail.html?id=1
INFO: [ app_init ] --START--
INFO: Run Behavior\BuildLiteBehavior [ RunTime:0.000000s ]
INFO: [ app_init ] --END-- [ RunTime:0.002000s ]

[ 2015-10-24T15:50:44+08:00 ] 127.0.0.1 /qzh/Admin/User/detail.html
INFO: [ app_init ] --START--
INFO: Run Behavior\BuildLiteBehavior [ RunTime:0.000000s ]
INFO: [ app_init ] --END-- [ RunTime:0.001000s ]

[ 2015-10-24T15:50:44+08:00 ] 127.0.0.1 /qzh/Admin/User/index.html
INFO: [ app_init ] --START--
INFO: Run Behavior\BuildLiteBehavior [ RunTime:0.000000s ]
INFO: [ app_init ] --END-- [ RunTime:0.001000s ]

[ 2015-10-24T15:50:46+08:00 ] 127.0.0.1 /qzh/Admin/User/detail.html?id=1
INFO: [ app_init ] --START--
INFO: Run Behavior\BuildLiteBehavior [ RunTime:0.000000s ]
INFO: [ app_init ] --END-- [ RunTime:0.001000s ]

[ 2015-10-24T15:51:10+08:00 ] 127.0.0.1 /qzh/Admin/User/detail.html?id=1
INFO: [ app_init ] --START--
INFO: Run Behavior\BuildLiteBehavior [ RunTime:0.000000s ]
INFO: [ app_init ] --END-- [ RunTime:0.003000s ]

[ 2015-10-24T15:51:19+08:00 ] 127.0.0.1 /qzh/Admin/User/detail.html?id=1
INFO: [ app_init ] --START--
INFO: Run Behavior\BuildLiteBehavior [ RunTime:0.001000s ]
INFO: [ app_init ] --END-- [ RunTime:0.002000s ]

[ 2015-10-24T15:51:34+08:00 ] 127.0.0.1 /qzh/Admin/Point/user.html?id=1
INFO: [ app_init ] --START--
INFO: Run Behavior\BuildLiteBehavior [ RunTime:0.000000s ]
INFO: [ app_init ] --END-- [ RunTime:0.001000s ]

[ 2015-10-24T15:52:55+08:00 ] 127.0.0.1 /qzh/Admin/User/detail.html?id=1
INFO: [ app_init ] --START--
INFO: Run Behavior\BuildLiteBehavior [ RunTime:0.001000s ]
INFO: [ app_init ] --END-- [ RunTime:0.002000s ]

[ 2015-10-24T15:54:13+08:00 ] 127.0.0.1 /qzh/Admin/User/detail.html?id=1
INFO: [ app_init ] --START--
INFO: Run Behavior\BuildLiteBehavior [ RunTime:0.001000s ]
INFO: [ app_init ] --END-- [ RunTime:0.002000s ]

[ 2015-10-24T15:54:15+08:00 ] 127.0.0.1 /qzh/Admin/Point/user.html?id=1
INFO: [ app_init ] --START--
INFO: Run Behavior\BuildLiteBehavior [ RunTime:0.000000s ]
INFO: [ app_init ] --END-- [ RunTime:0.001000s ]

[ 2015-10-24T16:19:26+08:00 ] 127.0.0.1 /qzh/admin/audit/index.html
INFO: [ app_init ] --START--
INFO: Run Behavior\BuildLiteBehavior [ RunTime:0.000000s ]
INFO: [ app_init ] --END-- [ RunTime:0.002000s ]

[ 2015-10-24T16:19:28+08:00 ] 127.0.0.1 /qzh/Admin/Audit/detail.html
INFO: [ app_init ] --START--
INFO: Run Behavior\BuildLiteBehavior [ RunTime:0.001000s ]
INFO: [ app_init ] --END-- [ RunTime:0.002000s ]

[ 2015-10-24T16:34:17+08:00 ] 127.0.0.1 /qzh/admin/audit/index.html
INFO: [ app_init ] --START--
INFO: Run Behavior\BuildLiteBehavior [ RunTime:0.000000s ]
INFO: [ app_init ] --END-- [ RunTime:0.001000s ]

[ 2015-10-24T16:34:19+08:00 ] 127.0.0.1 /qzh/Admin/Audit/detail.html
INFO: [ app_init ] --START--
INFO: Run Behavior\BuildLiteBehavior [ RunTime:0.000000s ]
INFO: [ app_init ] --END-- [ RunTime:0.002000s ]

[ 2015-10-24T16:47:53+08:00 ] 127.0.0.1 /qzh/admin/user/index.html
INFO: [ app_init ] --START--
INFO: Run Behavior\BuildLiteBehavior [ RunTime:0.000000s ]
INFO: [ app_init ] --END-- [ RunTime:0.002001s ]

[ 2015-10-24T16:47:55+08:00 ] 127.0.0.1 /qzh/admin/user/index.html
INFO: [ app_init ] --START--
INFO: Run Behavior\BuildLiteBehavior [ RunTime:0.000000s ]
INFO: [ app_init ] --END-- [ RunTime:0.002000s ]

[ 2015-10-24T16:47:57+08:00 ] 127.0.0.1 /qzh/Admin/User/detail.html?id=1
INFO: [ app_init ] --START--
INFO: Run Behavior\BuildLiteBehavior [ RunTime:0.000000s ]
INFO: [ app_init ] --END-- [ RunTime:0.001000s ]

[ 2015-10-24T16:48:01+08:00 ] 127.0.0.1 /qzh/Admin/Point/user.html?id=1
INFO: [ app_init ] --START--
INFO: Run Behavior\BuildLiteBehavior [ RunTime:0.000000s ]
INFO: [ app_init ] --END-- [ RunTime:0.002000s ]

[ 2015-10-24T16:48:27+08:00 ] 127.0.0.1 /qzh/Admin/Point/user.html?id=1
INFO: [ app_init ] --START--
INFO: Run Behavior\BuildLiteBehavior [ RunTime:0.000000s ]
INFO: [ app_init ] --END-- [ RunTime:0.001000s ]

[ 2015-10-24T16:48:59+08:00 ] 127.0.0.1 /qzh/Admin/Point/user.html?id=1
INFO: [ app_init ] --START--
INFO: Run Behavior\BuildLiteBehavior [ RunTime:0.001000s ]
INFO: [ app_init ] --END-- [ RunTime:0.002000s ]
ERR: SQLSTATE[42S02]: Base table or view not found: 1146 Table 'jiaotu.tp_point' doesn't exist

[ 2015-10-24T16:49:08+08:00 ] 127.0.0.1 /qzh/Admin/Point/user.html?id=1
INFO: [ app_init ] --START--
INFO: Run Behavior\BuildLiteBehavior [ RunTime:0.000000s ]
INFO: [ app_init ] --END-- [ RunTime:0.002000s ]
ERR: SQLSTATE[42S02]: Base table or view not found: 1146 Table 'jiaotu.tp_point' doesn't exist

[ 2015-10-24T16:50:19+08:00 ] 127.0.0.1 /qzh/Admin/Point/user.html?id=1
INFO: [ app_init ] --START--
INFO: Run Behavior\BuildLiteBehavior [ RunTime:0.000000s ]
INFO: [ app_init ] --END-- [ RunTime:0.001000s ]
ERR: Think\Model:getList方法不存在！

[ 2015-10-24T19:26:51+08:00 ] 127.0.0.1 /qzh/Admin/Point/user.html?id=1
INFO: [ app_init ] --START--
INFO: Run Behavior\BuildLiteBehavior [ RunTime:0.000000s ]
INFO: [ app_init ] --END-- [ RunTime:0.001000s ]
ERR: SQLSTATE[42S22]: Column not found: 1054 Unknown column 'point.userid' in 'on clause'

[ 2015-10-24T19:27:41+08:00 ] 127.0.0.1 /qzh/Admin/Point/user.html?id=1
INFO: [ app_init ] --START--
INFO: Run Behavior\BuildLiteBehavior [ RunTime:0.000000s ]
INFO: [ app_init ] --END-- [ RunTime:0.002000s ]
ERR: SQLSTATE[42S22]: Column not found: 1054 Unknown column 'user.levelid' in 'on clause'

[ 2015-10-24T19:28:02+08:00 ] 127.0.0.1 /qzh/Admin/Point/user.html?id=1
INFO: [ app_init ] --START--
INFO: Run Behavior\BuildLiteBehavior [ RunTime:0.000000s ]
INFO: [ app_init ] --END-- [ RunTime:0.001000s ]
ERR: SQLSTATE[42S22]: Column not found: 1054 Unknown column 'point.manager' in 'on clause'

[ 2015-10-24T19:28:15+08:00 ] 127.0.0.1 /qzh/Admin/Point/user.html?id=1
INFO: [ app_init ] --START--
INFO: Run Behavior\BuildLiteBehavior [ RunTime:0.000000s ]
INFO: [ app_init ] --END-- [ RunTime:0.002000s ]

[ 2015-10-24T20:30:10+08:00 ] 127.0.0.1 /qzh/Admin/Point/user.html?id=1
INFO: [ app_init ] --START--
INFO: Run Behavior\BuildLiteBehavior [ RunTime:0.000000s ]
INFO: [ app_init ] --END-- [ RunTime:0.001001s ]

[ 2015-10-24T20:32:59+08:00 ] 127.0.0.1 /qzh/Admin/Point/user.html?id=1
INFO: [ app_init ] --START--
INFO: Run Behavior\BuildLiteBehavior [ RunTime:0.000000s ]
INFO: [ app_init ] --END-- [ RunTime:0.002000s ]

[ 2015-10-24T20:55:35+08:00 ] 127.0.0.1 /qzh/Admin/Point/user.html?id=1
INFO: [ app_init ] --START--
INFO: Run Behavior\BuildLiteBehavior [ RunTime:0.000000s ]
INFO: [ app_init ] --END-- [ RunTime:0.001000s ]

[ 2015-10-24T20:55:49+08:00 ] 127.0.0.1 /qzh/admin/user/index.html
INFO: [ app_init ] --START--
INFO: Run Behavior\BuildLiteBehavior [ RunTime:0.000000s ]
INFO: [ app_init ] --END-- [ RunTime:0.001000s ]

[ 2015-10-24T20:57:17+08:00 ] 127.0.0.1 /qzh/Admin/User/Point.html?id=1
INFO: [ app_init ] --START--
INFO: Run Behavior\BuildLiteBehavior [ RunTime:0.000000s ]
INFO: [ app_init ] --END-- [ RunTime:0.002000s ]
ERR: 非法操作:Point

[ 2015-10-24T20:57:28+08:00 ] 127.0.0.1 /qzh/admin/user/index.html
INFO: [ app_init ] --START--
INFO: Run Behavior\BuildLiteBehavior [ RunTime:0.000000s ]
INFO: [ app_init ] --END-- [ RunTime:0.001000s ]

[ 2015-10-24T20:57:31+08:00 ] 127.0.0.1 /qzh/Admin/User/Point.html?id=1
INFO: [ app_init ] --START--
INFO: Run Behavior\BuildLiteBehavior [ RunTime:0.000000s ]
INFO: [ app_init ] --END-- [ RunTime:0.002000s ]
ERR: 非法操作:Point

[ 2015-10-24T20:57:58+08:00 ] 127.0.0.1 /qzh/Admin/User/Point.html?id=1
INFO: [ app_init ] --START--
INFO: Run Behavior\BuildLiteBehavior [ RunTime:0.000000s ]
INFO: [ app_init ] --END-- [ RunTime:0.002000s ]

[ 2015-10-24T21:01:26+08:00 ] 127.0.0.1 /qzh/Admin/User/Point.html?id=1
INFO: [ app_init ] --START--
INFO: Run Behavior\BuildLiteBehavior [ RunTime:0.000000s ]
INFO: [ app_init ] --END-- [ RunTime:0.001000s ]

[ 2015-10-24T21:03:18+08:00 ] 127.0.0.1 /qzh/Admin/User/Point.html?id=1
INFO: [ app_init ] --START--
INFO: Run Behavior\BuildLiteBehavior [ RunTime:0.000000s ]
INFO: [ app_init ] --END-- [ RunTime:0.002000s ]

[ 2015-10-24T21:04:53+08:00 ] 127.0.0.1 /qzh/Admin/User/Point.html?id=1
INFO: [ app_init ] --START--
INFO: Run Behavior\BuildLiteBehavior [ RunTime:0.000000s ]
INFO: [ app_init ] --END-- [ RunTime:0.002001s ]

[ 2015-10-24T21:13:56+08:00 ] 127.0.0.1 /qzh/admin/user/index.html
INFO: [ app_init ] --START--
INFO: Run Behavior\BuildLiteBehavior [ RunTime:0.000000s ]
INFO: [ app_init ] --END-- [ RunTime:0.001000s ]

[ 2015-10-24T21:13:59+08:00 ] 127.0.0.1 /qzh/Admin/User/Point.html?id=1
INFO: [ app_init ] --START--
INFO: Run Behavior\BuildLiteBehavior [ RunTime:0.001000s ]
INFO: [ app_init ] --END-- [ RunTime:0.002000s ]

[ 2015-10-24T21:14:25+08:00 ] 127.0.0.1 /qzh/Admin/User/Point.html?id=1
INFO: [ app_init ] --START--
INFO: Run Behavior\BuildLiteBehavior [ RunTime:0.000000s ]
INFO: [ app_init ] --END-- [ RunTime:0.002000s ]

[ 2015-10-24T21:15:40+08:00 ] 127.0.0.1 /qzh/Admin/User/Point.html?id=1
INFO: [ app_init ] --START--
INFO: Run Behavior\BuildLiteBehavior [ RunTime:0.001000s ]
INFO: [ app_init ] --END-- [ RunTime:0.002000s ]

[ 2015-10-24T21:17:01+08:00 ] 127.0.0.1 /qzh/Admin/Auth/logout.html
INFO: [ app_init ] --START--
INFO: Run Behavior\BuildLiteBehavior [ RunTime:0.000000s ]
INFO: [ app_init ] --END-- [ RunTime:0.001000s ]

[ 2015-10-24T21:17:07+08:00 ] 127.0.0.1 /qzh/Admin/auth/login
INFO: [ app_init ] --START--
INFO: Run Behavior\BuildLiteBehavior [ RunTime:0.000000s ]
INFO: [ app_init ] --END-- [ RunTime:0.001000s ]
INFO: [ app_begin ] --START--
INFO: Run Behavior\ReadHtmlCacheBehavior [ RunTime:0.002000s ]
INFO: [ app_begin ] --END-- [ RunTime:0.002000s ]
SQL: SHOW COLUMNS FROM `tp_admin` [ RunTime:0.0070s ]
SQL: SHOW COLUMNS FROM `tp_admin` [ RunTime:0.0100s ]
SQL: SHOW COLUMNS FROM `tp_store` [ RunTime:0.0090s ]
SQL: SELECT admin.id AS id,admin.name AS name,admin.password AS password,admin.phone AS phone,admin.email AS email,admin.birthday AS birthday,admin.gender AS gender,admin.realname AS realname,admin.groupid AS groupid,admin.lastlogin AS lastlogin,admin.descr AS descr,store.id AS store_id,store.name AS store_name,store.address AS store_address,store.phone AS store_phone,store.email AS store_email FROM tp_admin admin LEFT JOIN tp_store store ON admin.storeid = store.id WHERE admin.name = 'kangming' AND admin.password = 'kangming' LIMIT 1   [ RunTime:0.0010s ]
SQL: UPDATE tp_admin admin LEFT JOIN tp_store store ON admin.storeid = store.id SET `lastlogin`='2015-10-24 21:17:07' WHERE admin.name = 'kangming' AND admin.password = 'kangming' [ RunTime:0.0860s ]

[ 2015-10-24T21:17:07+08:00 ] 127.0.0.1 /qzh/admin/index/index.html
INFO: [ app_init ] --START--
INFO: Run Behavior\BuildLiteBehavior [ RunTime:0.000000s ]
INFO: [ app_init ] --END-- [ RunTime:0.003001s ]

[ 2015-10-24T21:17:11+08:00 ] 127.0.0.1 /qzh/admin/user/index.html
INFO: [ app_init ] --START--
INFO: Run Behavior\BuildLiteBehavior [ RunTime:0.000000s ]
INFO: [ app_init ] --END-- [ RunTime:0.001000s ]

[ 2015-10-24T21:17:13+08:00 ] 127.0.0.1 /qzh/Admin/User/Point.html?id=1
INFO: [ app_init ] --START--
INFO: Run Behavior\BuildLiteBehavior [ RunTime:0.000000s ]
INFO: [ app_init ] --END-- [ RunTime:0.002000s ]

